<?xml version="1.0" encoding="utf-8"?><testsuites name="pytest tests"><testsuite name="pytest" errors="0" failures="0" skipped="0" tests="21" time="7.532" timestamp="2026-04-16T07:59:25.297939+00:00" hostname="agent-env-fee8c801-7134-40b4-8c6b-56c0530d45c6"><testcase classname="backend.tests.test_book_platform.TestBookPartsAPI" name="test_get_book_parts_returns_200" time="0.240" /><testcase classname="backend.tests.test_book_platform.TestBookPartsAPI" name="test_book_parts_returns_3_parts" time="0.105" /><testcase classname="backend.tests.test_book_platform.TestBookPartsAPI" name="test_book_parts_correct_pricing_inr" time="0.104" /><testcase classname="backend.tests.test_book_platform.TestBookPartsAPI" name="test_book_parts_correct_pricing_aud" time="0.112" /><testcase classname="backend.tests.test_book_platform.TestBookPartsAPI" name="test_book_parts_structure" time="0.158" /><testcase classname="backend.tests.test_book_platform.TestBookPurchaseAPI" name="test_purchase_requires_auth" time="0.107" /><testcase classname="backend.tests.test_book_platform.TestBookPurchaseAPI" name="test_purchase_creates_checkout_session" time="0.454" /><testcase classname="backend.tests.test_book_platform.TestBookPurchaseAPI" name="test_purchase_invalid_part_number" time="0.453" /><testcase classname="backend.tests.test_book_platform.TestBookPagesAPI" name="test_pages_requires_auth" time="0.127" /><testcase classname="backend.tests.test_book_platform.TestBookPagesAPI" name="test_pages_returns_content_for_purchased_part" time="0.561" /><testcase classname="backend.tests.test_book_platform.TestBookPagesAPI" name="test_pages_part_2_accessible" time="0.435" /><testcase classname="backend.tests.test_book_platform.TestBookPagesAPI" name="test_pages_part_3_accessible" time="0.472" /><testcase classname="backend.tests.test_book_platform.TestBookPagesAPI" name="test_pages_invalid_part_returns_404" time="0.429" /><testcase classname="backend.tests.test_book_platform.TestBookBookmarksAPI" name="test_create_bookmark" time="0.459" /><testcase classname="backend.tests.test_book_platform.TestBookBookmarksAPI" name="test_get_bookmarks" time="0.428" /><testcase classname="backend.tests.test_book_platform.TestBookBookmarksAPI" name="test_delete_bookmark" time="0.576" /><testcase classname="backend.tests.test_book_platform.TestBookProgressAPI" name="test_save_progress" time="0.443" /><testcase classname="backend.tests.test_book_platform.TestBookProgressAPI" name="test_get_progress" time="0.442" /><testcase classname="backend.tests.test_book_platform.TestAdminBookAPI" name="test_admin_analytics" time="0.438" /><testcase classname="backend.tests.test_book_platform.TestAdminBookAPI" name="test_admin_add_pages" time="0.471" /><testcase classname="backend.tests.test_book_platform.TestAdminBookAPI" name="test_admin_get_all_pages" time="0.448" /></testsuite></testsuites>