<?xml version="1.0" encoding="utf-8"?><testsuites name="pytest tests"><testsuite name="pytest" errors="0" failures="0" skipped="0" tests="15" time="5.092" timestamp="2026-04-05T02:01:22.419636+00:00" hostname="agent-env-fee8c801-7134-40b4-8c6b-56c0530d45c6"><testcase classname="backend.tests.test_catering_hero.TestHeroImageAPI" name="test_get_hero_image_public" time="0.200" /><testcase classname="backend.tests.test_catering_hero.TestHeroImageAPI" name="test_admin_hero_images_requires_auth" time="0.114" /><testcase classname="backend.tests.test_catering_hero.TestAdminAuth" name="test_admin_login" time="0.366" /><testcase classname="backend.tests.test_catering_hero.TestCateringPackagesAPI" name="test_get_catering_packages_public" time="0.123" /><testcase classname="backend.tests.test_catering_hero.TestCateringPackagesAPI" name="test_get_admin_catering_packages" time="0.488" /><testcase classname="backend.tests.test_catering_hero.TestCateringPackagesAPI" name="test_create_catering_package" time="0.549" /><testcase classname="backend.tests.test_catering_hero.TestCateringPackagesAPI" name="test_catering_packages_requires_auth" time="0.117" /><testcase classname="backend.tests.test_catering_hero.TestCateringMenuItemsAPI" name="test_get_admin_catering_menu" time="0.481" /><testcase classname="backend.tests.test_catering_hero.TestCateringMenuItemsAPI" name="test_create_catering_menu_item" time="0.558" /><testcase classname="backend.tests.test_catering_hero.TestCateringMenuItemsAPI" name="test_catering_menu_requires_auth" time="0.113" /><testcase classname="backend.tests.test_catering_hero.TestTiffinAPI" name="test_get_tiffin_items_public" time="0.106" /><testcase classname="backend.tests.test_catering_hero.TestTiffinAPI" name="test_get_admin_tiffin_items" time="0.433" /><testcase classname="backend.tests.test_catering_hero.TestTiffinAPI" name="test_get_tiffin_config" time="0.112" /><testcase classname="backend.tests.test_catering_hero.TestAdminHeroImagesCRUD" name="test_get_admin_hero_images" time="0.446" /><testcase classname="backend.tests.test_catering_hero.TestAdminHeroImagesCRUD" name="test_create_and_delete_hero_image" time="0.754" /></testsuite></testsuites>