<?xml version="1.0" encoding="utf-8"?><testsuites name="pytest tests"><testsuite name="pytest" errors="0" failures="0" skipped="0" tests="12" time="1.401" timestamp="2026-04-30T08:56:23.009151+00:00" hostname="agent-env-fee8c801-7134-40b4-8c6b-56c0530d45c6"><testcase classname="backend.tests.test_centers_locations.TestCentersEndpoint" name="test_centers_returns_200" time="0.165" /><testcase classname="backend.tests.test_centers_locations.TestCentersEndpoint" name="test_centers_shape_and_counts" time="0.049" /><testcase classname="backend.tests.test_centers_locations.TestCentersEndpoint" name="test_centers_have_required_fields" time="0.047" /><testcase classname="backend.tests.test_centers_locations.TestCentersEndpoint" name="test_centers_currency_correct" time="0.046" /><testcase classname="backend.tests.test_centers_locations.TestCenterTimeslots" name="test_default_slots_for_unconfigured" time="0.050" /><testcase classname="backend.tests.test_centers_locations.TestCenterTimeslots" name="test_perth_has_custom_slots" time="0.044" /><testcase classname="backend.tests.test_centers_locations.TestCenterTimeslots" name="test_admin_save_and_persist_slots" time="0.454" /><testcase classname="backend.tests.test_centers_locations.TestAdminLocationCRUD" name="test_create_location_appears_in_centers" time="0.093" /><testcase classname="backend.tests.test_centers_locations.TestAdminLocationCRUD" name="test_update_location_preserves_data" time="0.048" /><testcase classname="backend.tests.test_centers_locations.TestAdminLocationCRUD" name="test_default_slots_for_new_center_then_save" time="0.188" /><testcase classname="backend.tests.test_centers_locations.TestAdminLocationCRUD" name="test_zzz_soft_delete_test_location" time="0.092" /><testcase classname="backend.tests.test_centers_locations.TestPublicLocations" name="test_public_locations_only_active" time="0.058" /></testsuite></testsuites>