<?xml version="1.0" encoding="utf-8"?><testsuites name="pytest tests"><testsuite name="pytest" errors="0" failures="0" skipped="0" tests="10" time="4.317" timestamp="2026-04-01T04:22:59.997541+00:00" hostname="agent-env-3cb8d4f2-c10e-4ad1-8add-68633056619d"><testcase classname="backend.tests.test_dietary_tags.TestPublicMenuDietaryTags" name="test_menu_returns_dietary_fields" time="0.133" /><testcase classname="backend.tests.test_dietary_tags.TestPublicMenuDietaryTags" name="test_tagged_items_exist" time="0.124" /><testcase classname="backend.tests.test_dietary_tags.TestPublicMenuDietaryTags" name="test_dietary_fields_are_boolean" time="0.164" /><testcase classname="backend.tests.test_dietary_tags.TestAdminAuthentication" name="test_admin_login_success" time="0.337" /><testcase classname="backend.tests.test_dietary_tags.TestAdminAuthentication" name="test_admin_login_wrong_password" time="0.329" /><testcase classname="backend.tests.test_dietary_tags.TestAdminMenuDietaryTags" name="test_admin_menu_returns_dietary_fields" time="0.446" /><testcase classname="backend.tests.test_dietary_tags.TestAdminMenuDietaryTags" name="test_create_menu_item_with_dietary_tags" time="0.718" /><testcase classname="backend.tests.test_dietary_tags.TestAdminMenuDietaryTags" name="test_create_menu_item_without_dietary_tags" time="0.587" /><testcase classname="backend.tests.test_dietary_tags.TestAdminMenuDietaryTags" name="test_update_menu_item_dietary_tags" time="0.774" /><testcase classname="backend.tests.test_dietary_tags.TestAdminMenuDietaryTags" name="test_toggle_dietary_tags_off" time="0.651" /></testsuite></testsuites>