<?xml version="1.0" encoding="utf-8"?><testsuites name="pytest tests"><testsuite name="pytest" errors="0" failures="0" skipped="1" tests="16" time="7.151" timestamp="2026-05-10T06:15:04.815872+00:00" hostname="agent-env-4875433f-0e5a-454b-9908-408194ac5e08"><testcase classname="backend.tests.test_financial_parity_canonical" name="test_owner_report_has_required_fields[PB-MGT-2026-02]" time="3.029" /><testcase classname="backend.tests.test_financial_parity_canonical" name="test_owner_report_has_required_fields[PB-DV-2026-04]" time="0.104" /><testcase classname="backend.tests.test_financial_parity_canonical" name="test_owner_report_has_required_fields[PB-PERTH-2026-02]" time="0.103" /><testcase classname="backend.tests.test_financial_parity_canonical" name="test_owner_report_has_required_fields[PB-HSR-2026-02]" time="0.102" /><testcase classname="backend.tests.test_financial_parity_canonical" name="test_commission_parity_across_surfaces[PB-MGT-2026-02]" time="0.457" /><testcase classname="backend.tests.test_financial_parity_canonical" name="test_commission_parity_across_surfaces[PB-DV-2026-04]" time="0.449" /><testcase classname="backend.tests.test_financial_parity_canonical" name="test_commission_parity_across_surfaces[PB-PERTH-2026-02]" time="0.562" /><testcase classname="backend.tests.test_financial_parity_canonical" name="test_commission_parity_across_surfaces[PB-HSR-2026-02]" time="0.450" /><testcase classname="backend.tests.test_financial_parity_canonical" name="test_payout_summary_net_revenue_canonical[PB-MGT-2026-02]" time="0.255" /><testcase classname="backend.tests.test_financial_parity_canonical" name="test_payout_summary_net_revenue_canonical[PB-DV-2026-04]" time="0.211"><skipped type="pytest.skip" message="no monthly_data">/app/backend/tests/test_financial_parity_canonical.py:119: no monthly_data</skipped></testcase><testcase classname="backend.tests.test_financial_parity_canonical" name="test_payout_summary_net_revenue_canonical[PB-PERTH-2026-02]" time="0.223" /><testcase classname="backend.tests.test_financial_parity_canonical" name="test_payout_summary_net_revenue_canonical[PB-HSR-2026-02]" time="0.241" /><testcase classname="backend.tests.test_financial_parity_canonical" name="test_perth_au_grossup_commission" time="0.447" /><testcase classname="backend.tests.test_financial_parity_canonical" name="test_mg_payout_pdf_generates" time="0.202" /><testcase classname="backend.tests.test_financial_parity_canonical" name="test_owner_report_commission_gst_field" time="0.101" /><testcase classname="backend.tests.test_financial_parity_canonical" name="test_commission_by_platform_aggregation_present" time="0.147" /></testsuite></testsuites>