<?xml version="1.0" encoding="utf-8"?><testsuites name="pytest tests"><testsuite name="pytest" errors="0" failures="1" skipped="0" tests="12" time="3.707" timestamp="2026-06-15T13:26:38.050178+00:00" hostname="agent-env-4875433f-0e5a-454b-9908-408194ac5e08"><testcase classname="tests.test_payout_model_engine_integration.TestFranchiseListGet" name="test_list_returns_known_franchises" time="1.418" /><testcase classname="tests.test_payout_model_engine_integration.TestFranchiseListGet" name="test_get_india_franchise" time="0.135" /><testcase classname="tests.test_payout_model_engine_integration.TestPayoutModelPersistence" name="test_set_profit_share_persists" time="0.355" /><testcase classname="tests.test_payout_model_engine_integration.TestPayoutModelPersistence" name="test_set_revenue_share_back_persists" time="0.215" /><testcase classname="tests.test_payout_model_engine_integration.TestPayoutModelPersistence" name="test_legacy_revenue_share_percentage_mirrors_to_new" time="0.255" /><testcase classname="tests.test_payout_model_engine_integration.TestMGApplicableRegression" name="test_mg_off_persists" time="0.221" /><testcase classname="tests.test_payout_model_engine_integration.TestMGApplicableRegression" name="test_mg_on_persists" time="0.204" /><testcase classname="tests.test_payout_model_engine_integration.TestCenterAccountsEnginePayload" name="test_engine_top_level_fields_present" time="0.213" /><testcase classname="tests.test_payout_model_engine_integration.TestCenterAccountsEnginePayload" name="test_engine_object_has_both_bases" time="0.000" /><testcase classname="tests.test_payout_model_engine_integration.TestCenterAccountsEnginePayload" name="test_india_revshare_section_heading" time="0.000" /><testcase classname="tests.test_payout_model_engine_integration.TestCenterAccountsEnginePayload" name="test_india_revshare_payout_equals_engine_owner_share" time="0.000"><failure message="AttributeError: 'NoneType' object has no attribute 'get'">tests/test_payout_model_engine_integration.py:297: in test_india_revshare_payout_equals_engine_owner_share
    payout_amt = s["mg_calculation"].get("final_payout") or s[
                 ^^^^^^^^^^^^^^^^^^^^^^^
E   AttributeError: 'NoneType' object has no attribute 'get'</failure></testcase><testcase classname="tests.test_payout_model_engine_integration.TestSwitchPayoutModelFlow" name="test_switch_india_to_profit_share_flips_summary" time="0.595" /></testsuite></testsuites>