<?xml version="1.0" encoding="utf-8"?><testsuites name="pytest tests"><testsuite name="pytest" errors="0" failures="0" skipped="1" tests="10" time="2.603" timestamp="2026-06-15T14:11:13.111124+00:00" hostname="agent-env-4875433f-0e5a-454b-9908-408194ac5e08"><testcase classname="tests.test_bundles_endpoints" name="test_bundle_returns_zip_with_pdf_and_manifest[ca]" time="1.448" /><testcase classname="tests.test_bundles_endpoints" name="test_bundle_returns_zip_with_pdf_and_manifest[owner]" time="0.111" /><testcase classname="tests.test_bundles_endpoints" name="test_bundle_returns_zip_with_pdf_and_manifest[franchisor]" time="0.128" /><testcase classname="tests.test_bundles_endpoints" name="test_manifest_contains_audit_trail[ca]" time="0.105" /><testcase classname="tests.test_bundles_endpoints" name="test_manifest_contains_audit_trail[owner]" time="0.112" /><testcase classname="tests.test_bundles_endpoints" name="test_manifest_contains_audit_trail[franchisor]" time="0.107" /><testcase classname="tests.test_bundles_endpoints" name="test_bundle_ca_without_token_is_4xx" time="0.106" /><testcase classname="tests.test_bundles_endpoints" name="test_bundle_ca_invalid_token_behavior" time="0.107"><skipped type="pytest.xfail" message="verify_token_sync return value ignored — bad token returned 200 (security finding)" /></testcase><testcase classname="tests.test_bundles_endpoints" name="test_bundle_ca_unknown_center_is_404" time="0.136" /><testcase classname="tests.test_bundles_endpoints" name="test_ca_pdf_contains_engine_figures_and_entity" time="0.169" /></testsuite></testsuites>