<?xml version="1.0" encoding="utf-8"?><testsuites name="pytest tests"><testsuite name="pytest" errors="0" failures="0" skipped="0" tests="26" time="8.066" timestamp="2026-05-23T12:40:04.254895+00:00" hostname="agent-env-4875433f-0e5a-454b-9908-408194ac5e08"><testcase classname="backend.tests.test_iteration84_booking_extensions.TestMenuMaster" name="test_menu_list_smoke" time="2.733" /><testcase classname="backend.tests.test_iteration84_booking_extensions.TestMenuMaster" name="test_menu_upsert_sa" time="0.358" /><testcase classname="backend.tests.test_iteration84_booking_extensions.TestMenuMaster" name="test_menu_upsert_fo_forbidden" time="2.279" /><testcase classname="backend.tests.test_iteration84_booking_extensions.TestTiffin" name="test_create" time="0.101" /><testcase classname="backend.tests.test_iteration84_booking_extensions.TestTiffin" name="test_list_filters" time="0.101" /><testcase classname="backend.tests.test_iteration84_booking_extensions.TestTiffin" name="test_update" time="0.107" /><testcase classname="backend.tests.test_iteration84_booking_extensions.TestTiffin" name="test_pdf" time="0.115" /><testcase classname="backend.tests.test_iteration84_booking_extensions.TestTiffin" name="test_fo_cannot_create" time="0.125" /><testcase classname="backend.tests.test_iteration84_booking_extensions.TestTiffin" name="test_delete" time="0.112" /><testcase classname="backend.tests.test_iteration84_booking_extensions.TestCatering" name="test_create" time="0.119" /><testcase classname="backend.tests.test_iteration84_booking_extensions.TestCatering" name="test_list" time="0.106" /><testcase classname="backend.tests.test_iteration84_booking_extensions.TestCatering" name="test_pdf" time="0.104" /><testcase classname="backend.tests.test_iteration84_booking_extensions.TestCatering" name="test_fo_cannot_create" time="0.108" /><testcase classname="backend.tests.test_iteration84_booking_extensions.TestCatering" name="test_delete" time="0.110" /><testcase classname="backend.tests.test_iteration84_booking_extensions.TestEvent" name="test_create" time="0.101" /><testcase classname="backend.tests.test_iteration84_booking_extensions.TestEvent" name="test_list" time="0.108" /><testcase classname="backend.tests.test_iteration84_booking_extensions.TestEvent" name="test_update" time="0.103" /><testcase classname="backend.tests.test_iteration84_booking_extensions.TestEvent" name="test_pdf" time="0.122" /><testcase classname="backend.tests.test_iteration84_booking_extensions.TestEvent" name="test_fo_cannot_create" time="0.132" /><testcase classname="backend.tests.test_iteration84_booking_extensions.TestEvent" name="test_delete" time="0.109" /><testcase classname="backend.tests.test_iteration84_booking_extensions.TestTodayPdf" name="test_today_pdf" time="0.132" /><testcase classname="backend.tests.test_iteration84_booking_extensions.TestDashboard" name="test_rollup" time="0.106" /><testcase classname="backend.tests.test_iteration84_booking_extensions.TestTableBookingRegression" name="test_create_booking" time="0.103" /><testcase classname="backend.tests.test_iteration84_booking_extensions.TestTableBookingRegression" name="test_list_returns_booking" time="0.102" /><testcase classname="backend.tests.test_iteration84_booking_extensions.TestTableBookingRegression" name="test_update_table_allotted_persists" time="0.208" /><testcase classname="backend.tests.test_iteration84_booking_extensions.TestTableBookingRegression" name="test_cleanup" time="0.104" /></testsuite></testsuites>