<?xml version="1.0" encoding="utf-8"?><testsuites name="pytest tests"><testsuite name="pytest" errors="0" failures="0" skipped="0" tests="35" time="3.704" timestamp="2026-06-15T13:27:12.785097+00:00" hostname="agent-env-4875433f-0e5a-454b-9908-408194ac5e08"><testcase classname="tests.test_payout_model_engine_integration.TestFranchiseListGet" name="test_list_returns_known_franchises" time="1.570" /><testcase classname="tests.test_payout_model_engine_integration.TestFranchiseListGet" name="test_get_india_franchise" time="0.103" /><testcase classname="tests.test_payout_model_engine_integration.TestPayoutModelPersistence" name="test_set_profit_share_persists" time="0.305" /><testcase classname="tests.test_payout_model_engine_integration.TestPayoutModelPersistence" name="test_set_revenue_share_back_persists" time="0.211" /><testcase classname="tests.test_payout_model_engine_integration.TestPayoutModelPersistence" name="test_legacy_revenue_share_percentage_mirrors_to_new" time="0.213" /><testcase classname="tests.test_payout_model_engine_integration.TestMGApplicableRegression" name="test_mg_off_persists" time="0.227" /><testcase classname="tests.test_payout_model_engine_integration.TestMGApplicableRegression" name="test_mg_on_persists" time="0.217" /><testcase classname="tests.test_payout_model_engine_integration.TestCenterAccountsEnginePayload" name="test_engine_top_level_fields_present" time="0.224" /><testcase classname="tests.test_payout_model_engine_integration.TestCenterAccountsEnginePayload" name="test_engine_object_has_both_bases" time="0.000" /><testcase classname="tests.test_payout_model_engine_integration.TestCenterAccountsEnginePayload" name="test_india_revshare_section_heading" time="0.000" /><testcase classname="tests.test_payout_model_engine_integration.TestCenterAccountsEnginePayload" name="test_india_revshare_payout_equals_engine_owner_share" time="0.000" /><testcase classname="tests.test_payout_model_engine_integration.TestSwitchPayoutModelFlow" name="test_switch_india_to_profit_share_flips_summary" time="0.536" /><testcase classname="tests.test_financial_engine" name="test_default_model_india_is_revenue_share" time="0.000" /><testcase classname="tests.test_financial_engine" name="test_default_model_australia_is_profit_share" time="0.000" /><testcase classname="tests.test_financial_engine" name="test_normalize_model_accepts_supported_values" time="0.000" /><testcase classname="tests.test_financial_engine" name="test_normalize_model_falls_back_to_country_default" time="0.000" /><testcase classname="tests.test_financial_engine" name="test_revenue_share_base_deducts_gst_and_commission" time="0.000" /><testcase classname="tests.test_financial_engine" name="test_profit_share_base_deducts_expenses_and_adjustments" time="0.000" /><testcase classname="tests.test_financial_engine" name="test_revenue_share_model_no_mg_picks_owner_share" time="0.000" /><testcase classname="tests.test_financial_engine" name="test_revenue_share_model_mg_wins_when_higher" time="0.000" /><testcase classname="tests.test_financial_engine" name="test_profit_share_model_uses_profit_base_and_pty_ltd_label" time="0.000" /><testcase classname="tests.test_financial_engine" name="test_wc_protection_caps_to_operational_balance" time="0.000" /><testcase classname="tests.test_financial_engine" name="test_wc_protection_with_zero_balance_pays_zero" time="0.000" /><testcase classname="tests.test_financial_engine" name="test_pdf_generator_uses_engine_section_heading" time="0.000" /><testcase classname="tests.test_financial_engine" name="test_center_accounts_route_imports_engine" time="0.001" /><testcase classname="tests.test_financial_engine" name="test_franchise_model_has_payout_model_and_owner_share_pct" time="0.000" /><testcase classname="tests.test_mg_applicable_toggle" name="test_default_mg_applicable_for_legacy_franchise" time="0.000" /><testcase classname="tests.test_mg_applicable_toggle" name="test_mg_off_franchise_payable_equals_revenue_share" time="0.000" /><testcase classname="tests.test_mg_applicable_toggle" name="test_mg_on_franchise_picks_max_of_mg_vs_rs" time="0.000" /><testcase classname="tests.test_mg_applicable_toggle" name="test_summary_response_exposes_mg_calculation_applicable_flag" time="0.000" /><testcase classname="tests.test_mg_applicable_toggle" name="test_payout_summary_skips_mg_when_off" time="0.000" /><testcase classname="tests.test_mg_applicable_toggle" name="test_franchise_model_has_mg_calculation_applicable_field" time="0.000" /><testcase classname="tests.test_mg_applicable_toggle" name="test_franchise_update_endpoint_whitelists_mg_calculation_applicable" time="0.000" /><testcase classname="tests.test_mg_applicable_toggle" name="test_franchise_create_endpoint_persists_mg_calculation_applicable" time="0.000" /><testcase classname="tests.test_mg_applicable_toggle" name="test_frontend_franchise_management_has_mg_toggle" time="0.000" /></testsuite></testsuites>