<?xml version="1.0" encoding="utf-8"?><testsuites name="pytest tests"><testsuite name="pytest" errors="0" failures="0" skipped="0" tests="10" time="11.440" timestamp="2026-06-11T14:53:14.945448+00:00" hostname="agent-env-4875433f-0e5a-454b-9908-408194ac5e08"><testcase classname="tests.test_bank_recon_phase3_gaps.TestUploadAndOriginalNarration" name="test_upload_credits" time="1.445" /><testcase classname="tests.test_bank_recon_phase3_gaps.TestUploadAndOriginalNarration" name="test_original_narration_populated_on_upload" time="0.002" /><testcase classname="tests.test_bank_recon_phase3_gaps.TestEditTransaction" name="test_edit_narration_preserves_original" time="0.104" /><testcase classname="tests.test_bank_recon_phase3_gaps.TestEditTransaction" name="test_edit_no_changes_returns_empty" time="0.098" /><testcase classname="tests.test_bank_recon_phase3_gaps.TestEditTransaction" name="test_edit_missing_transaction" time="0.103" /><testcase classname="tests.test_bank_recon_phase3_gaps.TestAICategorize" name="test_ai_categorize_returns_both_counts" time="9.479" /><testcase classname="tests.test_bank_recon_phase3_gaps.TestAutoConvertCredits" name="test_auto_convert_dedupe_and_create" time="0.140" /><testcase classname="tests.test_bank_recon_phase3_gaps.TestAutoConvertCredits" name="test_daily_sales_rows_created_with_source" time="0.004" /><testcase classname="tests.test_bank_recon_phase3_gaps.TestAutoConvertCredits" name="test_dedupe_marks_bank_txn_as_matched" time="0.001" /><testcase classname="tests.test_bank_recon_phase3_gaps.TestAutoConvertCredits" name="test_neft_transfer_not_converted" time="0.004" /></testsuite></testsuites>