<?xml version="1.0" encoding="utf-8"?><testsuites name="pytest tests"><testsuite name="pytest" errors="0" failures="0" skipped="0" tests="8" time="4.805" timestamp="2026-05-11T10:18:06.306840+00:00" hostname="agent-env-4875433f-0e5a-454b-9908-408194ac5e08"><testcase classname="backend.tests.test_iteration83_email_pack.TestMFPLGating" name="test_summary_perth_pre_april_mfpl_zero" time="3.341" /><testcase classname="backend.tests.test_iteration83_email_pack.TestMFPLGating" name="test_owner_ledger_perth_pre_april_mfpl_zero" time="0.111" /><testcase classname="backend.tests.test_iteration83_email_pack.TestEmailPack" name="test_email_pack_json_hsr" time="0.329" /><testcase classname="backend.tests.test_iteration83_email_pack.TestEmailPack" name="test_email_pack_json_perth_aud" time="0.231" /><testcase classname="backend.tests.test_iteration83_email_pack.TestEmailPack" name="test_email_pack_zip_hsr" time="0.279" /><testcase classname="backend.tests.test_iteration83_email_pack.TestDeleteAdvance" name="test_super_admin_delete_nonexistent_returns_404" time="0.101" /><testcase classname="backend.tests.test_iteration83_email_pack.TestDeleteAdvance" name="test_super_admin_create_and_delete_advance" time="0.235" /><testcase classname="backend.tests.test_iteration83_email_pack.TestDeleteAdvance" name="test_invalid_token_rejected" time="0.117" /></testsuite></testsuites>