<?xml version="1.0" encoding="utf-8"?><testsuites name="pytest tests"><testsuite name="pytest" errors="0" failures="0" skipped="0" tests="14" time="0.024" timestamp="2026-06-15T13:23:52.891111+00:00" hostname="agent-env-4875433f-0e5a-454b-9908-408194ac5e08"><testcase classname="tests.test_financial_engine" name="test_default_model_india_is_revenue_share" time="0.000" /><testcase classname="tests.test_financial_engine" name="test_default_model_australia_is_profit_share" time="0.000" /><testcase classname="tests.test_financial_engine" name="test_normalize_model_accepts_supported_values" time="0.000" /><testcase classname="tests.test_financial_engine" name="test_normalize_model_falls_back_to_country_default" time="0.000" /><testcase classname="tests.test_financial_engine" name="test_revenue_share_base_deducts_gst_and_commission" time="0.000" /><testcase classname="tests.test_financial_engine" name="test_profit_share_base_deducts_expenses_and_adjustments" time="0.000" /><testcase classname="tests.test_financial_engine" name="test_revenue_share_model_no_mg_picks_owner_share" time="0.000" /><testcase classname="tests.test_financial_engine" name="test_revenue_share_model_mg_wins_when_higher" time="0.000" /><testcase classname="tests.test_financial_engine" name="test_profit_share_model_uses_profit_base_and_pty_ltd_label" time="0.000" /><testcase classname="tests.test_financial_engine" name="test_wc_protection_caps_to_operational_balance" time="0.000" /><testcase classname="tests.test_financial_engine" name="test_wc_protection_with_zero_balance_pays_zero" time="0.000" /><testcase classname="tests.test_financial_engine" name="test_pdf_generator_uses_engine_section_heading" time="0.000" /><testcase classname="tests.test_financial_engine" name="test_center_accounts_route_imports_engine" time="0.000" /><testcase classname="tests.test_financial_engine" name="test_franchise_model_has_payout_model_and_owner_share_pct" time="0.000" /></testsuite></testsuites>