<?xml version="1.0" encoding="utf-8"?><testsuites name="pytest tests"><testsuite name="pytest" errors="0" failures="0" skipped="0" tests="6" time="0.298" timestamp="2026-06-11T05:32:17.235318+00:00" hostname="agent-env-4875433f-0e5a-454b-9908-408194ac5e08"><testcase classname="tests.test_bank_recon_phase2" name="test_cash_withdrawal_auto_ignored" time="0.267" /><testcase classname="tests.test_bank_recon_phase2" name="test_debit_exact_match" time="0.003" /><testcase classname="tests.test_bank_recon_phase2" name="test_debit_partial_match_fuzzy_amount" time="0.002" /><testcase classname="tests.test_bank_recon_phase2" name="test_credit_phonepe_settlement_matched" time="0.002" /><testcase classname="tests.test_bank_recon_phase2" name="test_credit_unmatched_with_source_hint" time="0.002" /><testcase classname="tests.test_bank_recon_phase2" name="test_high_value_debit_routed_to_manual_review" time="0.003" /></testsuite></testsuites>