<?xml version="1.0" encoding="utf-8"?><testsuites name="pytest tests"><testsuite name="pytest" errors="0" failures="0" skipped="0" tests="5" time="6.531" timestamp="2026-06-16T04:36:13.401231+00:00" hostname="agent-env-4875433f-0e5a-454b-9908-408194ac5e08"><testcase classname="tests.test_gst_treatment_api" name="test_get_default_exclude" time="3.151" /><testcase classname="tests.test_gst_treatment_api" name="test_set_include_persists" time="0.337" /><testcase classname="tests.test_gst_treatment_api" name="test_summary_exclude_then_include_then_revert" time="1.558" /><testcase classname="tests.test_gst_treatment_api" name="test_owner_share_changes_when_revshare" time="1.226" /><testcase classname="tests.test_gst_treatment_api" name="test_auth_required" time="0.199" /></testsuite></testsuites>