<?xml version="1.0" encoding="utf-8"?><testsuites name="pytest tests"><testsuite name="pytest" errors="0" failures="0" skipped="0" tests="12" time="4.022" timestamp="2026-05-10T11:49:55.462177+00:00" hostname="agent-env-4875433f-0e5a-454b-9908-408194ac5e08"><testcase classname="backend.tests.test_iteration81_wc_parity" name="test_wc_four_surfaces_identical[PB-HSR-2026-02]" time="0.555" /><testcase classname="backend.tests.test_iteration81_wc_parity" name="test_wc_four_surfaces_identical[PB-HSR-2026-04]" time="0.382" /><testcase classname="backend.tests.test_iteration81_wc_parity" name="test_wc_four_surfaces_identical[PB-DV-2026-02]" time="0.395" /><testcase classname="backend.tests.test_iteration81_wc_parity" name="test_wc_four_surfaces_identical[PB-DV-2026-03]" time="0.334" /><testcase classname="backend.tests.test_iteration81_wc_parity" name="test_wc_four_surfaces_identical[PB-PERTH-2026-02]" time="0.331" /><testcase classname="backend.tests.test_iteration81_wc_parity" name="test_wc_four_surfaces_identical[PB-PERTH-2026-03]" time="0.368" /><testcase classname="backend.tests.test_iteration81_wc_parity" name="test_ca_summary_wc_status_populated" time="0.116" /><testcase classname="backend.tests.test_iteration81_wc_parity" name="test_wc_table_chain_last_row_matches_ca_card" time="0.231" /><testcase classname="backend.tests.test_iteration81_wc_parity" name="test_mis_wc_equals_ca_summary_for_period" time="0.237" /><testcase classname="backend.tests.test_iteration81_wc_parity" name="test_fo_dashboard_wc_matches_canonical" time="0.343" /><testcase classname="backend.tests.test_iteration81_wc_parity" name="test_sales_gst_commission_parity[PB-HSR-2026-02]" time="0.337" /><testcase classname="backend.tests.test_iteration81_wc_parity" name="test_sales_gst_commission_parity[PB-DV-2026-02]" time="0.324" /></testsuite></testsuites>