<?xml version="1.0" encoding="utf-8"?><testsuites name="pytest tests"><testsuite name="pytest" errors="0" failures="0" skipped="0" tests="10" time="8.527" timestamp="2026-05-10T09:22:02.812025+00:00" hostname="agent-env-4875433f-0e5a-454b-9908-408194ac5e08"><testcase classname="backend.tests.test_iteration80_download_access.TestFOLedgerAccess" name="test_sales_ledger_unreleased_returns_403_not_500" time="6.817" /><testcase classname="backend.tests.test_iteration80_download_access.TestFOLedgerAccess" name="test_owner_ledger_returns_200_pdf" time="0.184" /><testcase classname="backend.tests.test_iteration80_download_access.TestFOLedgerAccess" name="test_other_center_ledger_forbidden" time="0.117" /><testcase classname="backend.tests.test_iteration80_download_access.TestSuperAdminLedgerBypass" name="test_sales_ledger_unreleased_returns_200" time="0.177" /><testcase classname="backend.tests.test_iteration80_download_access.TestCenterAccountsSuperAdminBypass" name="test_generate_returns_200_for_unreleased[/api/center-accounts/generate-pib]" time="0.201" /><testcase classname="backend.tests.test_iteration80_download_access.TestCenterAccountsSuperAdminBypass" name="test_generate_returns_200_for_unreleased[/api/center-accounts/generate-gst-summary]" time="0.117" /><testcase classname="backend.tests.test_iteration80_download_access.TestCenterAccountsSuperAdminBypass" name="test_generate_returns_200_for_unreleased[/api/center-accounts/generate-commission-summary]" time="0.114" /><testcase classname="backend.tests.test_iteration80_download_access.TestCenterAccountsSuperAdminBypass" name="test_generate_returns_200_for_unreleased[/api/center-accounts/generate-bank-statement]" time="0.131" /><testcase classname="backend.tests.test_iteration80_download_access.TestCenterAccountsFOForbidden" name="test_pib_unreleased_returns_403" time="0.098" /><testcase classname="backend.tests.test_iteration80_download_access.TestMISFranchisePDF" name="test_franchise_pdf_as_fo_returns_200" time="0.516" /></testsuite></testsuites>