<?xml version="1.0" encoding="utf-8"?><testsuites name="pytest tests"><testsuite name="pytest" errors="0" failures="0" skipped="0" tests="11" time="6.448" timestamp="2026-06-18T10:28:10.438506+00:00" hostname="agent-env-4875433f-0e5a-454b-9908-408194ac5e08"><testcase classname="backend.tests.test_visa_helper_v2.TestSeededCatalog" name="test_countries_exactly_6_unique" time="3.796" /><testcase classname="backend.tests.test_visa_helper_v2.TestSeededCatalog" name="test_pathways_catalog" time="0.121" /><testcase classname="backend.tests.test_visa_helper_v2.TestSeededCatalog" name="test_pathway_enrichment_fields" time="0.127" /><testcase classname="backend.tests.test_visa_helper_v2.TestSeededCatalog" name="test_entities_6" time="0.125" /><testcase classname="backend.tests.test_visa_helper_v2.TestCleanupDuplicates" name="test_cleanup_super_admin" time="0.105" /><testcase classname="backend.tests.test_visa_helper_v2.TestCleanupDuplicates" name="test_cleanup_non_admin_403" time="1.468" /><testcase classname="backend.tests.test_visa_helper_v2.TestRecommender" name="test_recommend_rule_only" time="0.114" /><testcase classname="backend.tests.test_visa_helper_v2.TestBundleHistory" name="test_build_complete_bundle" time="0.190" /><testcase classname="backend.tests.test_visa_helper_v2.TestBundleHistory" name="test_list_bundles_super_admin" time="0.102" /><testcase classname="backend.tests.test_visa_helper_v2.TestBundleHistory" name="test_admin_download_bundle" time="0.117" /><testcase classname="backend.tests.test_visa_helper_v2.TestBundleHistory" name="test_admin_download_bundle_non_admin_403" time="0.106" /></testsuite></testsuites>