<?xml version="1.0" encoding="utf-8"?><testsuites name="pytest tests"><testsuite name="pytest" errors="0" failures="1" skipped="0" tests="15" time="1.983" timestamp="2026-05-03T22:55:51.874866+00:00" hostname="agent-env-fee8c801-7134-40b4-8c6b-56c0530d45c6"><testcase classname="backend.tests.test_locations_delete_and_pages.TestLocationDelete" name="test_delete_without_auth_401_or_403" time="0.275" /><testcase classname="backend.tests.test_locations_delete_and_pages.TestLocationDelete" name="test_delete_bad_token_401_or_403" time="0.061" /><testcase classname="backend.tests.test_locations_delete_and_pages.TestLocationDelete" name="test_delete_nonexistent_returns_404" time="0.340" /><testcase classname="backend.tests.test_locations_delete_and_pages.TestLocationDelete" name="test_create_then_delete_with_cascade" time="0.365"><failure message="AssertionError: Cascade delete of center_timeslots did NOT work. Custom slot still present. DELETE uses location_id but center_timeslots keyed by center_id. slots=['TEST 10-11']&#10;assert 'TEST 10-11' not in ['TEST 10-11']">backend/tests/test_locations_delete_and_pages.py:116: in test_create_then_delete_with_cascade
    assert "TEST 10-11" not in labels, (
E   AssertionError: Cascade delete of center_timeslots did NOT work. Custom slot still present. DELETE uses location_id but center_timeslots keyed by center_id. slots=['TEST 10-11']
E   assert 'TEST 10-11' not in ['TEST 10-11']</failure></testcase><testcase classname="backend.tests.test_locations_delete_and_pages.TestLocationDelete" name="test_delete_twice_returns_404_second_time" time="0.171" /><testcase classname="backend.tests.test_locations_delete_and_pages.TestBaselineIntact" name="test_baseline_8_centers_present" time="0.072" /><testcase classname="backend.tests.test_locations_delete_and_pages.TestBaselineIntact" name="test_public_locations_no_test_leaks" time="0.061" /><testcase classname="backend.tests.test_locations_delete_and_pages.TestRegressionEndpoints" name="test_promotions_200" time="0.055" /><testcase classname="backend.tests.test_locations_delete_and_pages.TestRegressionEndpoints" name="test_centers_200" time="0.054" /><testcase classname="backend.tests.test_locations_delete_and_pages.TestRegressionEndpoints" name="test_center_timeslots_default" time="0.062" /><testcase classname="backend.tests.test_locations_delete_and_pages.TestRegressionEndpoints" name="test_tiffin_config_200" time="0.057" /><testcase classname="backend.tests.test_locations_delete_and_pages.TestRegressionEndpoints" name="test_tiffin_items_200" time="0.055" /><testcase classname="backend.tests.test_locations_delete_and_pages.TestRegressionEndpoints" name="test_catering_packages_200" time="0.078" /><testcase classname="backend.tests.test_locations_delete_and_pages.TestRegressionEndpoints" name="test_locations_200" time="0.052" /><testcase classname="backend.tests.test_locations_delete_and_pages.TestRegressionEndpoints" name="test_menu_200" time="0.075" /></testsuite></testsuites>