<?xml version="1.0" encoding="utf-8"?><testsuites name="pytest tests"><testsuite name="pytest" errors="0" failures="1" skipped="0" tests="17" time="10.508" timestamp="2026-06-24T04:53:14.944309+00:00" hostname="agent-env-fee8c801-7134-40b4-8c6b-56c0530d45c6"><testcase classname="backend.tests.test_vahini_guest_pbchai.TestVahini" name="test_vahini_talk_and_usage" time="7.934" /><testcase classname="backend.tests.test_vahini_guest_pbchai.TestVahini" name="test_vahini_talk_invalid_persona" time="0.138" /><testcase classname="backend.tests.test_vahini_guest_pbchai.TestVahini" name="test_vahini_talk_other_personas" time="0.111"><failure message="AssertionError: chef -&gt; 400 {&quot;detail&quot;:&quot;Invalid persona&quot;}&#10;assert 400 == 200&#10; +  where 400 = &lt;Response [400]&gt;.status_code">backend/tests/test_vahini_guest_pbchai.py:78: in test_vahini_talk_other_personas
    assert r.status_code == 200, f"{persona} -&gt; {r.status_code} {r.text}"
E   AssertionError: chef -&gt; 400 {"detail":"Invalid persona"}
E   assert 400 == 200
E    +  where 400 = &lt;Response [400]&gt;.status_code</failure></testcase><testcase classname="backend.tests.test_vahini_guest_pbchai.TestVahini" name="test_vahini_membership" time="0.105" /><testcase classname="backend.tests.test_vahini_guest_pbchai.TestVahini" name="test_vahini_membership_invalid" time="0.108" /><testcase classname="backend.tests.test_vahini_guest_pbchai.TestGuestCard" name="test_submit_feedback_and_get_coupon" time="0.112" /><testcase classname="backend.tests.test_vahini_guest_pbchai.TestGuestCard" name="test_get_coupon_public" time="0.094" /><testcase classname="backend.tests.test_vahini_guest_pbchai.TestGuestCard" name="test_get_coupon_not_found" time="0.097" /><testcase classname="backend.tests.test_vahini_guest_pbchai.TestGuestCard" name="test_submit_feedback_missing_required" time="0.100" /><testcase classname="backend.tests.test_vahini_guest_pbchai.TestGuestCard" name="test_public_feedback_list" time="0.107" /><testcase classname="backend.tests.test_vahini_guest_pbchai.TestPBChai" name="test_get_config_public" time="0.107" /><testcase classname="backend.tests.test_vahini_guest_pbchai.TestPBChai" name="test_submit_franchise_application" time="0.094" /><testcase classname="backend.tests.test_vahini_guest_pbchai.TestPBChai" name="test_submit_franchise_app_missing" time="0.094" /><testcase classname="backend.tests.test_vahini_guest_pbchai.TestPBChai" name="test_admin_list_apps_requires_auth" time="0.116" /><testcase classname="backend.tests.test_vahini_guest_pbchai.TestPBChai" name="test_admin_list_apps" time="0.438" /><testcase classname="backend.tests.test_vahini_guest_pbchai.TestPBChai" name="test_admin_update_config" time="0.443" /><testcase classname="backend.tests.test_vahini_guest_pbchai.TestPBChai" name="test_admin_update_config_unauthorized" time="0.161" /></testsuite></testsuites>