<?xml version="1.0" encoding="utf-8"?><testsuites name="pytest tests"><testsuite name="pytest" errors="0" failures="0" skipped="0" tests="19" time="0.891" timestamp="2026-06-16T04:32:44.851511+00:00" hostname="agent-env-4875433f-0e5a-454b-9908-408194ac5e08"><testcase classname="tests.test_gst_revenue_treatment" name="test_engine_default_excludes_gst" time="0.000" /><testcase classname="tests.test_gst_revenue_treatment" name="test_engine_opt_in_includes_gst" time="0.001" /><testcase classname="tests.test_gst_revenue_treatment" name="test_gst_helper_default_matches_legacy" time="0.000" /><testcase classname="tests.test_gst_revenue_treatment" name="test_gst_helper_opt_in_includes_gst" time="0.000" /><testcase classname="tests.test_gst_revenue_treatment" name="test_gst_helper_opt_in_australia" time="0.001" /><testcase classname="tests.test_gst_revenue_treatment" name="test_payout_payload_reports_treatment_label" time="0.000" /><testcase classname="tests.test_gst_revenue_treatment" name="test_payout_default_excludes_gst" time="0.001" /><testcase classname="tests.test_gst_revenue_treatment" name="test_owner_share_changes_with_toggle" time="0.000" /><testcase classname="tests.test_gst_revenue_treatment" name="test_profit_share_base_unaffected_by_gst_toggle" time="0.001" /><testcase classname="tests.test_gst_revenue_treatment" name="test_zero_gst_toggle_has_no_effect" time="0.001" /><testcase classname="tests.test_commission_parser_au" name="test_doordash_au_parse" time="0.012" /><testcase classname="tests.test_commission_parser_au" name="test_cards_anz_edc_only" time="0.141" /><testcase classname="tests.test_commission_parser_au" name="test_cards_anz_with_bank_reconciliation" time="0.179" /><testcase classname="tests.test_commission_parser_au" name="test_anz_bank_statement_normalisation" time="0.051" /><testcase classname="tests.test_commission_parser_au" name="test_anz_cards_edc_loader_dynamic_header" time="0.126" /><testcase classname="tests.test_commission_parser_india" name="test_hdfc_bank_statement_parses" time="0.017" /><testcase classname="tests.test_commission_parser_india" name="test_idfc_bank_statement_parses" time="0.013" /><testcase classname="tests.test_commission_parser_india" name="test_icici_bank_statement_parses" time="0.012" /><testcase classname="tests.test_commission_parser_india" name="test_idfc_cards_reconciliation_end_to_end" time="0.028" /></testsuite></testsuites>