<?xml version="1.0" encoding="utf-8"?><testsuites name="pytest tests"><testsuite name="pytest" errors="0" failures="0" skipped="0" tests="8" time="7.926" timestamp="2026-06-15T15:32:59.017712+00:00" hostname="agent-env-4875433f-0e5a-454b-9908-408194ac5e08"><testcase classname="tests.test_iter90_p0_post_phase3" name="test_bundle_accepts_franchise_code[ca]" time="0.477" /><testcase classname="tests.test_iter90_p0_post_phase3" name="test_bundle_accepts_franchise_code[owner]" time="0.276" /><testcase classname="tests.test_iter90_p0_post_phase3" name="test_bundle_accepts_franchise_code[franchisor]" time="0.281" /><testcase classname="tests.test_iter90_p0_post_phase3" name="test_bundle_unknown_identifier_is_404" time="0.273" /><testcase classname="tests.test_iter90_p0_post_phase3" name="test_toggle_revenue_share_then_profit_share_then_restore" time="5.359" /><testcase classname="tests.test_iter90_p0_post_phase3" name="test_overseas_pb_perth_is_profit_share" time="0.664" /><testcase classname="tests.test_payout_model_strict_pdf" name="test_pib_revenue_share_never_shows_profit_share_labels" time="0.144" /><testcase classname="tests.test_payout_model_strict_pdf" name="test_pib_profit_share_never_shows_revenue_share_payable_labels" time="0.106" /></testsuite></testsuites>