<?xml version="1.0" encoding="utf-8"?><testsuites name="pytest tests"><testsuite name="pytest" errors="0" failures="0" skipped="0" tests="9" time="1.533" timestamp="2026-05-11T09:04:47.513953+00:00" hostname="agent-env-4875433f-0e5a-454b-9908-408194ac5e08"><testcase classname="backend.tests.test_iteration82_overseas_profit_share.TestSummaryOverseas" name="test_perth_summary_overseas_payload" time="0.309" /><testcase classname="backend.tests.test_iteration82_overseas_profit_share.TestSummaryIndia" name="test_hsr_summary_india_payload" time="0.112" /><testcase classname="backend.tests.test_iteration82_overseas_profit_share.TestPayoutSummary" name="test_perth_payout_zero_mg" time="0.103" /><testcase classname="backend.tests.test_iteration82_overseas_profit_share.TestPayoutSummary" name="test_hsr_payout_mg_preserved" time="0.126" /><testcase classname="backend.tests.test_iteration82_overseas_profit_share.TestOwnerLedger" name="test_perth_owner_ledger_json" time="0.100" /><testcase classname="backend.tests.test_iteration82_overseas_profit_share.TestOwnerLedger" name="test_hsr_owner_ledger_json" time="0.140" /><testcase classname="backend.tests.test_iteration82_overseas_profit_share.TestOwnerLedger" name="test_perth_owner_ledger_pdf" time="0.173" /><testcase classname="backend.tests.test_iteration82_overseas_profit_share.TestGeneratePIB" name="test_perth_pib_pdf" time="0.195" /><testcase classname="backend.tests.test_iteration82_overseas_profit_share.TestGeneratePIB" name="test_hsr_pib_pdf" time="0.198" /></testsuite></testsuites>