<?xml version="1.0" encoding="utf-8"?><testsuites name="pytest tests"><testsuite name="pytest" errors="0" failures="0" skipped="0" tests="2" time="2.854" timestamp="2026-06-15T17:52:08.435397+00:00" hostname="agent-env-4875433f-0e5a-454b-9908-408194ac5e08"><testcase classname="tests.test_iter91_5tab_strict_wording" name="test_pib_pdf_strict_revenue_share_wording" time="2.546" /><testcase classname="tests.test_iter91_5tab_strict_wording" name="test_email_pack_strict_revenue_share_wording" time="0.250" /></testsuite></testsuites>