<?xml version="1.0" encoding="utf-8"?><testsuites name="pytest tests"><testsuite name="pytest" errors="0" failures="0" skipped="1" tests="11" time="2.854" timestamp="2026-06-11T05:34:23.097866+00:00" hostname="agent-env-4875433f-0e5a-454b-9908-408194ac5e08"><testcase classname="tests.test_bank_recon_phase2_integration.TestUpload" name="test_upload_returns_all_buckets" time="2.545" /><testcase classname="tests.test_bank_recon_phase2_integration.TestUpload" name="test_atm_auto_ignored" time="0.000" /><testcase classname="tests.test_bank_recon_phase2_integration.TestUpload" name="test_rent_exact_matched" time="0.000" /><testcase classname="tests.test_bank_recon_phase2_integration.TestUpload" name="test_electricity_partially_matched" time="0.000" /><testcase classname="tests.test_bank_recon_phase2_integration.TestUpload" name="test_phonepe_credit_matched_with_pg_commission" time="0.000" /><testcase classname="tests.test_bank_recon_phase2_integration.TestUpload" name="test_razorpay_unmatched_credit_with_source_hint" time="0.000" /><testcase classname="tests.test_bank_recon_phase2_integration.TestUpload" name="test_highvalue_debit_routed_to_manual_review" time="0.000" /><testcase classname="tests.test_bank_recon_phase2_integration.TestUpload" name="test_lowvalue_debit_in_unrecorded" time="0.000" /><testcase classname="tests.test_bank_recon_phase2_integration.TestSummary" name="test_summary_returns_all_buckets" time="0.124" /><testcase classname="tests.test_bank_recon_phase2_integration.TestAutoConvertDedupe" name="test_dedupe_guard_links_to_existing_expense" time="0.113" /><testcase classname="tests.test_bank_recon_phase2_integration.TestAICategorize" name="test_ai_categorize_small_batch" time="0.003"><skipped type="pytest.skip" message="Skip live Claude call. Set CLAUDE_BUDGET=1 to enable.">/app/backend/tests/test_bank_recon_phase2_integration.py:286: Skip live Claude call. Set CLAUDE_BUDGET=1 to enable.</skipped></testcase></testsuite></testsuites>