<?xml version="1.0" encoding="utf-8"?><testsuites name="pytest tests"><testsuite name="pytest" errors="0" failures="0" skipped="0" tests="18" time="5.742" timestamp="2026-06-02T16:05:21.726157+00:00" hostname="agent-env-4875433f-0e5a-454b-9908-408194ac5e08"><testcase classname="backend.tests.test_iteration85_expense_adjustments.TestTypes" name="test_types_returns_6" time="1.450" /><testcase classname="backend.tests.test_iteration85_expense_adjustments.TestCreateValidations" name="test_fo_blocked_403" time="1.649" /><testcase classname="backend.tests.test_iteration85_expense_adjustments.TestCreateValidations" name="test_invalid_expense_id_404" time="0.108" /><testcase classname="backend.tests.test_iteration85_expense_adjustments.TestCreateValidations" name="test_amount_must_be_positive" time="0.108" /><testcase classname="backend.tests.test_iteration85_expense_adjustments.TestCreateValidations" name="test_invalid_type" time="0.119" /><testcase classname="backend.tests.test_iteration85_expense_adjustments.TestCreateValidations" name="test_amount_exceeds_original_400" time="0.151" /><testcase classname="backend.tests.test_iteration85_expense_adjustments.TestCRUDRoundtrip" name="test_01_create_ok" time="0.392" /><testcase classname="backend.tests.test_iteration85_expense_adjustments.TestCRUDRoundtrip" name="test_02_list_filters" time="0.230" /><testcase classname="backend.tests.test_iteration85_expense_adjustments.TestCRUDRoundtrip" name="test_03_cumulative_cap_blocks" time="0.142" /><testcase classname="backend.tests.test_iteration85_expense_adjustments.TestCRUDRoundtrip" name="test_04_update_revalidates" time="0.243" /><testcase classname="backend.tests.test_iteration85_expense_adjustments.TestCRUDRoundtrip" name="test_05_summary_uses_adjusted_expenses" time="0.122" /><testcase classname="backend.tests.test_iteration85_expense_adjustments.TestCRUDRoundtrip" name="test_06_report_rollup" time="0.119" /><testcase classname="backend.tests.test_iteration85_expense_adjustments.TestCRUDRoundtrip" name="test_07_owner_reports_uses_adjusted" time="0.114" /><testcase classname="backend.tests.test_iteration85_expense_adjustments.TestCRUDRoundtrip" name="test_08_fo_list_restricted" time="0.115" /><testcase classname="backend.tests.test_iteration85_expense_adjustments.TestCRUDRoundtrip" name="test_09_fo_update_blocked" time="0.130" /><testcase classname="backend.tests.test_iteration85_expense_adjustments.TestCRUDRoundtrip" name="test_10_fo_delete_blocked" time="0.117" /><testcase classname="backend.tests.test_iteration85_expense_adjustments.TestCRUDRoundtrip" name="test_11_delete_ok" time="0.234" /><testcase classname="backend.tests.test_iteration85_expense_adjustments.TestCRUDRoundtrip" name="test_12_zero_adjustment_parity" time="0.116" /></testsuite></testsuites>