<?xml version="1.0" encoding="utf-8"?><testsuites name="pytest tests"><testsuite name="pytest" errors="0" failures="1" skipped="0" tests="13" time="70.963" timestamp="2026-04-02T15:43:24.421314+00:00" hostname="agent-env-3cb8d4f2-c10e-4ad1-8add-68633056619d"><testcase classname="backend.tests.test_nutrition_api.TestNutritionGetEndpoint" name="test_get_cached_nutrition_returns_200" time="0.208" /><testcase classname="backend.tests.test_nutrition_api.TestNutritionGetEndpoint" name="test_cached_nutrition_has_required_fields" time="0.117" /><testcase classname="backend.tests.test_nutrition_api.TestNutritionGetEndpoint" name="test_nutrition_data_types" time="0.146" /><testcase classname="backend.tests.test_nutrition_api.TestNutritionGetEndpoint" name="test_nutrition_values_are_reasonable" time="0.133" /><testcase classname="backend.tests.test_nutrition_api.TestNutritionGetEndpoint" name="test_nutrition_for_nonexistent_item_returns_404" time="0.149" /><testcase classname="backend.tests.test_nutrition_api.TestNutritionGetEndpoint" name="test_nutrition_caching_returns_same_data" time="0.269" /><testcase classname="backend.tests.test_nutrition_api.TestNutritionAdminEndpoints" name="test_admin_update_nutrition_requires_auth" time="0.184" /><testcase classname="backend.tests.test_nutrition_api.TestNutritionAdminEndpoints" name="test_admin_bulk_generate_requires_auth" time="0.142" /><testcase classname="backend.tests.test_nutrition_api.TestNutritionAdminEndpoints" name="test_admin_update_nutrition_with_auth" time="0.664" /><testcase classname="backend.tests.test_nutrition_api.TestNutritionAdminEndpoints" name="test_admin_bulk_generate_returns_stats" time="60.106"><failure message="AssertionError: Expected 200, got 502&#10;assert 502 == 200&#10; +  where 502 = &lt;Response [502]&gt;.status_code">backend/tests/test_nutrition_api.py:222: in test_admin_bulk_generate_returns_stats
    assert response.status_code == 200, f"Expected 200, got {response.status_code}"
E   AssertionError: Expected 200, got 502
E   assert 502 == 200
E    +  where 502 = &lt;Response [502]&gt;.status_code</failure></testcase><testcase classname="backend.tests.test_nutrition_api.TestNutritionAIGeneration" name="test_nutrition_generation_for_new_item" time="8.709" /><testcase classname="backend.tests.test_nutrition_api.TestMenuItemDietaryTags" name="test_menu_items_have_dietary_fields" time="0.000" /><testcase classname="backend.tests.test_nutrition_api.TestMenuItemDietaryTags" name="test_sabudana_khichadi_has_dietary_tags" time="0.000" /></testsuite></testsuites>