<?xml version="1.0" encoding="utf-8"?><testsuites name="pytest tests"><testsuite name="pytest" errors="0" failures="0" skipped="0" tests="11" time="3.652" timestamp="2026-05-10T04:48:33.681050+00:00" hostname="agent-env-4875433f-0e5a-454b-9908-408194ac5e08"><testcase classname="backend.tests.test_owner_reports_financial_math.TestOwnerReportsMath" name="test_monthly_report_contains_new_fields" time="2.254" /><testcase classname="backend.tests.test_owner_reports_financial_math.TestOwnerReportsMath" name="test_monthly_report_math_pb_hsr_feb_2026" time="0.048" /><testcase classname="backend.tests.test_owner_reports_financial_math.TestOwnerReportsMath" name="test_monthly_report_australia_profitability" time="0.052" /><testcase classname="backend.tests.test_owner_reports_financial_math.TestMgPayoutExports" name="test_mg_payout_pdf_has_gst_and_final_payout" time="0.185" /><testcase classname="backend.tests.test_owner_reports_financial_math.TestMgPayoutExports" name="test_mg_payout_excel_has_gst_and_final_payout" time="0.263" /><testcase classname="backend.tests.test_owner_reports_financial_math.TestPibPdf" name="test_pib_pdf_contains_eligible_rev_share_base" time="0.122" /><testcase classname="backend.tests.test_owner_reports_financial_math.TestMisFranchisePdf" name="test_mis_franchise_pdf_contains_eligible_rev_share_base" time="0.356" /><testcase classname="backend.tests.test_owner_reports_financial_math.TestOwnerLedgerPdf" name="test_owner_ledger_pdf_has_net_revenue_calculation" time="0.135" /><testcase classname="backend.tests.test_owner_reports_financial_math.TestRegressions" name="test_center_accounts_summary_loads" time="0.056" /><testcase classname="backend.tests.test_owner_reports_financial_math.TestRegressions" name="test_mis_dashboard_loads" time="0.054" /><testcase classname="backend.tests.test_owner_reports_financial_math.TestRegressions" name="test_gst_reconciliation_loads" time="0.049" /></testsuite></testsuites>