<?xml version="1.0" encoding="utf-8"?><testsuites name="pytest tests"><testsuite name="pytest" errors="0" failures="0" skipped="0" tests="13" time="3.201" timestamp="2026-05-03T15:15:45.024774+00:00" hostname="agent-env-fee8c801-7134-40b4-8c6b-56c0530d45c6"><testcase classname="backend.tests.test_promotions.TestPromotionDefaults" name="test_get_promotions_public" time="0.242" /><testcase classname="backend.tests.test_promotions.TestPromotionDefaults" name="test_brunch_default_shape" time="0.128" /><testcase classname="backend.tests.test_promotions.TestPromotionDefaults" name="test_evening_snack_default_shape" time="0.125" /><testcase classname="backend.tests.test_promotions.TestPromotionAuth" name="test_put_without_token_unauthorized" time="0.114" /><testcase classname="backend.tests.test_promotions.TestPromotionAuth" name="test_put_with_invalid_token" time="0.124" /><testcase classname="backend.tests.test_promotions.TestPromotionUpdates" name="test_update_brunch_discount_pct_persists" time="0.727" /><testcase classname="backend.tests.test_promotions.TestPromotionUpdates" name="test_update_brunch_times_and_regions" time="0.511" /><testcase classname="backend.tests.test_promotions.TestPromotionUpdates" name="test_update_evening_snack_persists" time="0.326" /><testcase classname="backend.tests.test_promotions.TestPromotionUpdates" name="test_merged_with_defaults_preserves_combo_categories" time="0.175" /><testcase classname="backend.tests.test_promotions.TestRegression" name="test_centers_endpoint" time="0.110" /><testcase classname="backend.tests.test_promotions.TestRegression" name="test_locations_endpoint" time="0.113" /><testcase classname="backend.tests.test_promotions.TestRegression" name="test_center_timeslots" time="0.119" /><testcase classname="backend.tests.test_promotions.TestCleanup" name="test_restore_defaults" time="0.197" /></testsuite></testsuites>