<?xml version="1.0" encoding="utf-8"?><testsuites name="pytest tests"><testsuite name="pytest" errors="0" failures="0" skipped="0" tests="43" time="22.632" timestamp="2026-04-22T17:23:02.099341+00:00" hostname="agent-env-4875433f-0e5a-454b-9908-408194ac5e08"><testcase classname="backend.tests.test_historical_import.TestAuth" name="test_non_super_admin_cannot_import" time="2.847" /><testcase classname="backend.tests.test_historical_import.TestAuth" name="test_non_super_admin_cannot_clear" time="0.116" /><testcase classname="backend.tests.test_historical_import.TestImportAndSummary" name="test_import_wc_file" time="0.422" /><testcase classname="backend.tests.test_historical_import.TestImportAndSummary" name="test_import_is_idempotent" time="0.430" /><testcase classname="backend.tests.test_historical_import.TestImportAndSummary" name="test_summary_shape" time="0.139" /><testcase classname="backend.tests.test_historical_import.TestClearScope" name="test_clear_single_center_only_deletes_that_center" time="0.812" /><testcase classname="backend.tests.test_historical_import.TestWCTableMerge" name="test_wc_table_includes_historical_months_for_pb_sn" time="0.449" /><testcase classname="backend.tests.test_historical_import.TestWCTableMerge" name="test_no_double_count_when_live_data_exists" time="2.530" /><testcase classname="backend.tests.test_historical_import.TestMISMerge" name="test_mis_overview_includes_historical_month" time="0.098" /><testcase classname="backend.tests.test_historical_import.TestMISMerge" name="test_mis_working_capital_reflects_historical" time="0.227" /><testcase classname="backend.tests.test_historical_loans_import.TestLoansAuth" name="test_non_super_admin_cannot_import_loans" time="2.680" /><testcase classname="backend.tests.test_historical_loans_import.TestLoansAuth" name="test_non_super_admin_cannot_clear_loans" time="0.105" /><testcase classname="backend.tests.test_historical_loans_import.TestLoansImport" name="test_import_loans_creates_pairs" time="0.538" /><testcase classname="backend.tests.test_historical_loans_import.TestLoansImport" name="test_import_is_idempotent" time="0.541" /><testcase classname="backend.tests.test_historical_loans_import.TestLoansImport" name="test_mirror_integrity" time="0.017" /><testcase classname="backend.tests.test_historical_loans_import.TestLoansSummary" name="test_loans_summary_shape" time="0.118" /><testcase classname="backend.tests.test_historical_loans_import.TestLoansSummary" name="test_summary_counts_match_pairs" time="0.125" /><testcase classname="backend.tests.test_historical_loans_import.TestLoansVisibleInLoansAPI" name="test_imported_loans_appear_in_loans_endpoints" time="0.257" /><testcase classname="backend.tests.test_historical_loans_import.TestClearLoansScope" name="test_clear_single_center_only" time="0.707" /><testcase classname="backend.tests.test_historical_loans_import.TestClearLoansScope" name="test_clear_all_wipes_hist_loans" time="0.629" /><testcase classname="backend.tests.test_wc_target_expenses.TestTargetExpensesContract" name="test_save_target_creates_intra_on_last_day" time="1.333" /><testcase classname="backend.tests.test_wc_target_expenses.TestTargetExpensesContract" name="test_wc_table_returns_target_no_double_count" time="0.287" /><testcase classname="backend.tests.test_wc_target_expenses.TestTargetExpensesContract" name="test_repeated_saves_replace_intra" time="0.394" /><testcase classname="backend.tests.test_wc_target_expenses.TestTargetExpensesContract" name="test_target_equal_real_deletes_intra" time="0.283" /><testcase classname="backend.tests.test_wc_target_expenses.TestTargetExpensesContract" name="test_wc_adjustment_only_no_db_expense" time="0.107" /><testcase classname="backend.tests.test_wc_target_expenses.TestEdgeCases" name="test_leap_year_feb_29" time="0.116" /><testcase classname="backend.tests.test_wc_target_expenses.TestEdgeCases" name="test_month_with_no_real_expenses_creates_positive_intra" time="0.155" /><testcase classname="backend.tests.test_wc_and_attendance_lock.TestWCRowSaveAutoExpense" name="test_wc_row_save_creates_intra_expense" time="1.334" /><testcase classname="backend.tests.test_wc_and_attendance_lock.TestWCRowSaveAutoExpense" name="test_wc_row_save_replaces_prior_intra_entry" time="0.111" /><testcase classname="backend.tests.test_wc_and_attendance_lock.TestWCTableExports" name="test_export_pdf" time="0.127" /><testcase classname="backend.tests.test_wc_and_attendance_lock.TestWCTableExports" name="test_export_excel" time="0.141" /><testcase classname="backend.tests.test_wc_and_attendance_lock.TestAttendanceLockScope" name="test_01_center_lock_locks_only_that_center" time="0.333" /><testcase classname="backend.tests.test_wc_and_attendance_lock.TestAttendanceLockScope" name="test_02_bulk_month_rejected_for_locked_center" time="0.110" /><testcase classname="backend.tests.test_wc_and_attendance_lock.TestAttendanceLockScope" name="test_03_bulk_month_allowed_for_unlocked_center" time="0.116" /><testcase classname="backend.tests.test_wc_and_attendance_lock.TestAttendanceLockScope" name="test_04_unlock_center_leaves_others_untouched" time="0.247" /><testcase classname="backend.tests.test_wc_and_attendance_lock.TestAttendanceLockScope" name="test_05_global_lock_affects_any_center" time="0.473" /><testcase classname="backend.tests.test_wc_and_attendance_lock.TestAttendanceLockScope" name="test_06_global_unlock_clears_lock" time="0.236" /><testcase classname="backend.tests.test_mis_wc_parity.TestParityNoOverride" name="test_parity_clean_state[2025-04]" time="1.435" /><testcase classname="backend.tests.test_mis_wc_parity.TestParityNoOverride" name="test_parity_clean_state[2025-05]" time="0.251" /><testcase classname="backend.tests.test_mis_wc_parity.TestParityNoOverride" name="test_parity_clean_state[2025-06]" time="0.239" /><testcase classname="backend.tests.test_mis_wc_parity.TestParityNoOverride" name="test_parity_clean_state[2025-07]" time="0.255" /><testcase classname="backend.tests.test_mis_wc_parity.TestParityWithOverrides" name="test_override_reflects_in_mis_summary_and_per_center" time="0.348" /><testcase classname="backend.tests.test_mis_wc_parity.TestParityWithOverrides" name="test_working_capital_reflects_forced_loss" time="0.229" /></testsuite></testsuites>