<?xml version="1.0" encoding="utf-8"?><testsuites name="pytest tests"><testsuite name="pytest" errors="0" failures="0" skipped="0" tests="8" time="17.942" timestamp="2026-04-04T00:45:07.396811+00:00" hostname="agent-env-e280ffbf-3dbb-4bcd-a556-f7462e2e8498"><testcase classname="backend.tests.test_recalculate_balances.TestRecalculateBalances" name="test_recalculate_endpoint_exists" time="1.515" /><testcase classname="backend.tests.test_recalculate_balances.TestRecalculateBalances" name="test_recalculate_chains_opening_balance" time="2.366" /><testcase classname="backend.tests.test_recalculate_balances.TestRecalculateBalances" name="test_closing_balance_formula" time="2.207" /><testcase classname="backend.tests.test_recalculate_balances.TestRecalculateBalances" name="test_petty_cash_closing_formula" time="2.321" /><testcase classname="backend.tests.test_recalculate_balances.TestRecalculateBalances" name="test_cash_sale_formula" time="1.910" /><testcase classname="backend.tests.test_recalculate_balances.TestRecalculateEdgeCases" name="test_recalculate_empty_month" time="3.040" /><testcase classname="backend.tests.test_recalculate_balances.TestRecalculateEdgeCases" name="test_recalculate_invalid_token" time="2.371" /><testcase classname="backend.tests.test_recalculate_balances.TestRecalculateEdgeCases" name="test_recalculate_missing_center" time="2.147" /></testsuite></testsuites>