<?xml version="1.0" encoding="utf-8"?><testsuites name="pytest tests"><testsuite name="pytest" errors="0" failures="0" skipped="0" tests="10" time="5.922" timestamp="2026-04-22T16:15:31.379516+00:00" hostname="agent-env-4875433f-0e5a-454b-9908-408194ac5e08"><testcase classname="backend.tests.test_historical_loans_import.TestLoansAuth" name="test_non_super_admin_cannot_import_loans" time="2.857" /><testcase classname="backend.tests.test_historical_loans_import.TestLoansAuth" name="test_non_super_admin_cannot_clear_loans" time="0.118" /><testcase classname="backend.tests.test_historical_loans_import.TestLoansImport" name="test_import_loans_creates_pairs" time="0.455" /><testcase classname="backend.tests.test_historical_loans_import.TestLoansImport" name="test_import_is_idempotent" time="0.547" /><testcase classname="backend.tests.test_historical_loans_import.TestLoansImport" name="test_mirror_integrity" time="0.019" /><testcase classname="backend.tests.test_historical_loans_import.TestLoansSummary" name="test_loans_summary_shape" time="0.105" /><testcase classname="backend.tests.test_historical_loans_import.TestLoansSummary" name="test_summary_counts_match_pairs" time="0.111" /><testcase classname="backend.tests.test_historical_loans_import.TestLoansVisibleInLoansAPI" name="test_imported_loans_appear_in_loans_endpoints" time="0.284" /><testcase classname="backend.tests.test_historical_loans_import.TestClearLoansScope" name="test_clear_single_center_only" time="0.624" /><testcase classname="backend.tests.test_historical_loans_import.TestClearLoansScope" name="test_clear_all_wipes_hist_loans" time="0.668" /></testsuite></testsuites>