<?xml version="1.0" encoding="utf-8"?><testsuites name="pytest tests"><testsuite name="pytest" errors="0" failures="0" skipped="0" tests="8" time="3.706" timestamp="2026-04-04T02:33:57.254601+00:00" hostname="agent-env-e280ffbf-3dbb-4bcd-a556-f7462e2e8498"><testcase classname="backend.tests.test_working_capital.TestWorkingCapitalBackend" name="test_summary_endpoint_returns_wc_standing" time="2.716" /><testcase classname="backend.tests.test_working_capital.TestWorkingCapitalBackend" name="test_wc_standing_contains_required_fields" time="0.118" /><testcase classname="backend.tests.test_working_capital.TestWorkingCapitalBackend" name="test_working_capital_formula" time="0.169" /><testcase classname="backend.tests.test_working_capital.TestWorkingCapitalBackend" name="test_cumulative_pnl_formula" time="0.137" /><testcase classname="backend.tests.test_working_capital.TestWorkingCapitalBackend" name="test_positive_pnl_center" time="0.112" /><testcase classname="backend.tests.test_working_capital.TestWorkingCapitalBackend" name="test_negative_pnl_center" time="0.128" /><testcase classname="backend.tests.test_working_capital.TestWorkingCapitalBackend" name="test_financial_summary_has_wc_fields" time="0.162" /><testcase classname="backend.tests.test_working_capital.TestWorkingCapitalBackend" name="test_current_month_pnl" time="0.106" /></testsuite></testsuites>