<?xml version="1.0" encoding="utf-8"?><testsuites name="pytest tests"><testsuite name="pytest" errors="0" failures="0" skipped="0" tests="22" time="10.139" timestamp="2026-04-13T17:55:32.500837+00:00" hostname="agent-env-4875433f-0e5a-454b-9908-408194ac5e08"><testcase classname="backend.tests.test_new_features_iteration66.TestAuth" name="test_health_check" time="0.240" /><testcase classname="backend.tests.test_new_features_iteration66.TestDailyTextGenerator" name="test_generate_daily_text_endpoint_exists" time="1.662" /><testcase classname="backend.tests.test_new_features_iteration66.TestDailyTextGenerator" name="test_generate_daily_text_returns_text" time="0.126" /><testcase classname="backend.tests.test_new_features_iteration66.TestDailyTextGenerator" name="test_generate_daily_text_data_fields" time="0.137" /><testcase classname="backend.tests.test_new_features_iteration66.TestDailyTextGenerator" name="test_generate_daily_text_with_overrides" time="0.109" /><testcase classname="backend.tests.test_new_features_iteration66.TestDailyTextGenerator" name="test_generate_daily_text_unauthorized" time="0.128" /><testcase classname="backend.tests.test_new_features_iteration66.TestSocialMediaPlanner" name="test_constants_endpoint" time="2.424" /><testcase classname="backend.tests.test_new_features_iteration66.TestSocialMediaPlanner" name="test_list_posts_endpoint" time="0.129" /><testcase classname="backend.tests.test_new_features_iteration66.TestSocialMediaPlanner" name="test_save_post_creates_new" time="0.127" /><testcase classname="backend.tests.test_new_features_iteration66.TestSocialMediaPlanner" name="test_save_post_updates_existing" time="0.273" /><testcase classname="backend.tests.test_new_features_iteration66.TestSocialMediaPlanner" name="test_dashboard_endpoint" time="0.107" /><testcase classname="backend.tests.test_new_features_iteration66.TestSocialMediaPlanner" name="test_delete_post" time="0.288" /><testcase classname="backend.tests.test_new_features_iteration66.TestSocialMediaPlanner" name="test_save_post_unauthorized" time="0.112" /><testcase classname="backend.tests.test_new_features_iteration66.TestBillDownload" name="test_list_bills_endpoint" time="1.529" /><testcase classname="backend.tests.test_new_features_iteration66.TestBillDownload" name="test_list_bills_with_filters" time="0.361" /><testcase classname="backend.tests.test_new_features_iteration66.TestBillDownload" name="test_upload_bill_endpoint" time="0.139" /><testcase classname="backend.tests.test_new_features_iteration66.TestBillDownload" name="test_download_zip_endpoint" time="0.112" /><testcase classname="backend.tests.test_new_features_iteration66.TestBillDownload" name="test_download_zip_with_bill_ids" time="0.121" /><testcase classname="backend.tests.test_new_features_iteration66.TestBillDownload" name="test_list_bills_unauthorized" time="0.148" /><testcase classname="backend.tests.test_new_features_iteration66.TestSidebarRoutes" name="test_daily_text_route_prefix" time="1.525" /><testcase classname="backend.tests.test_new_features_iteration66.TestSidebarRoutes" name="test_social_media_route_prefix" time="0.102" /><testcase classname="backend.tests.test_new_features_iteration66.TestSidebarRoutes" name="test_bill_download_route_prefix" time="0.143" /></testsuite></testsuites>