<?xml version="1.0" encoding="utf-8"?><testsuites name="pytest tests"><testsuite name="pytest" errors="0" failures="0" skipped="0" tests="13" time="4.951" timestamp="2026-04-05T05:00:54.792476+00:00" hostname="agent-env-4875433f-0e5a-454b-9908-408194ac5e08"><testcase classname="backend.tests.test_endless_future_months_fix.TestWCTableEffectiveEndMonth" name="test_wc_table_returns_effective_end_month_field" time="3.303" /><testcase classname="backend.tests.test_endless_future_months_fix.TestWCTableEffectiveEndMonth" name="test_wc_table_no_rows_beyond_effective_end" time="0.104" /><testcase classname="backend.tests.test_endless_future_months_fix.TestWCTableEffectiveEndMonth" name="test_wc_table_effective_end_respects_closure_date" time="0.146" /><testcase classname="backend.tests.test_endless_future_months_fix.TestWCTableEffectiveEndMonth" name="test_wc_table_row_structure_intact" time="0.107" /><testcase classname="backend.tests.test_endless_future_months_fix.TestWCTableEffectiveEndMonth" name="test_wc_table_perth_center" time="0.120" /><testcase classname="backend.tests.test_endless_future_months_fix.TestPayoutSummaryEffectiveEndMonth" name="test_payout_summary_caps_far_future_to_month" time="0.121" /><testcase classname="backend.tests.test_endless_future_months_fix.TestPayoutSummaryEffectiveEndMonth" name="test_payout_summary_no_to_month_defaults_to_effective_end" time="0.130" /><testcase classname="backend.tests.test_endless_future_months_fix.TestPayoutSummaryEffectiveEndMonth" name="test_payout_summary_monthly_data_not_endless" time="0.162" /><testcase classname="backend.tests.test_endless_future_months_fix.TestPayoutSummaryEffectiveEndMonth" name="test_payout_summary_returns_correct_payable_amounts" time="0.140" /><testcase classname="backend.tests.test_endless_future_months_fix.TestPayoutSummaryEffectiveEndMonth" name="test_payout_summary_perth_center_far_future" time="0.122" /><testcase classname="backend.tests.test_endless_future_months_fix.TestHelperFunctionLogic" name="test_effective_end_never_exceeds_current_month" time="0.214" /><testcase classname="backend.tests.test_endless_future_months_fix.TestHelperFunctionLogic" name="test_wc_table_auth_required" time="0.101" /><testcase classname="backend.tests.test_endless_future_months_fix.TestHelperFunctionLogic" name="test_payout_summary_auth_required" time="0.110" /></testsuite></testsuites>