<?xml version="1.0" encoding="utf-8"?><testsuites name="pytest tests"><testsuite name="pytest" errors="0" failures="0" skipped="0" tests="11" time="2.041" timestamp="2026-04-05T02:34:15.210565+00:00" hostname="agent-env-4875433f-0e5a-454b-9908-408194ac5e08"><testcase classname="backend.tests.test_wc_rewrite_iteration57.TestWCRewrite" name="test_01_wc_table_endpoint_returns_success" time="0.376" /><testcase classname="backend.tests.test_wc_rewrite_iteration57.TestWCRewrite" name="test_02_wc_table_row_structure" time="0.150" /><testcase classname="backend.tests.test_wc_rewrite_iteration57.TestWCRewrite" name="test_03_wc_topup_endpoint" time="0.105" /><testcase classname="backend.tests.test_wc_rewrite_iteration57.TestWCRewrite" name="test_04_wc_topup_appears_in_table" time="0.127" /><testcase classname="backend.tests.test_wc_rewrite_iteration57.TestWCRewrite" name="test_05_wc_override_endpoint" time="0.262" /><testcase classname="backend.tests.test_wc_rewrite_iteration57.TestWCRewrite" name="test_06_revenue_share_status_active" time="0.226" /><testcase classname="backend.tests.test_wc_rewrite_iteration57.TestWCRewrite" name="test_07_wc_topup_validation_amount_required" time="0.100" /><testcase classname="backend.tests.test_wc_rewrite_iteration57.TestWCRewrite" name="test_08_wc_override_validation_value_required" time="0.110" /><testcase classname="backend.tests.test_wc_rewrite_iteration57.TestWCRewrite" name="test_09_wc_table_pnl_losses_deduct_profits_dont_add" time="0.103" /><testcase classname="backend.tests.test_wc_rewrite_iteration57.TestWCRewrite" name="test_10_wc_table_auth_required" time="0.177" /><testcase classname="backend.tests.test_wc_rewrite_iteration57.TestWCCleanup" name="test_cleanup_test_topups" time="0.240" /></testsuite></testsuites>