<?xml version="1.0" encoding="utf-8"?><testsuites name="pytest tests"><testsuite name="pytest" errors="0" failures="0" skipped="0" tests="17" time="21.858" timestamp="2026-03-27T04:52:17.951376+00:00" hostname="agent-env-4d6a6661-e377-4824-a2e5-abd255a05037"><testcase classname="tests.test_hardcoding_removal.TestAuthAndSession" name="test_send_otp_success" time="3.067" /><testcase classname="tests.test_hardcoding_removal.TestAuthAndSession" name="test_verify_otp_returns_admin_flags" time="2.995" /><testcase classname="tests.test_hardcoding_removal.TestAuthAndSession" name="test_session_has_all_roles" time="0.000" /><testcase classname="tests.test_hardcoding_removal.TestCentersEndpoint" name="test_centers_endpoint_returns_data" time="0.112" /><testcase classname="tests.test_hardcoding_removal.TestCentersEndpoint" name="test_centers_have_required_fields" time="0.103" /><testcase classname="tests.test_hardcoding_removal.TestEmployeesEndpoint" name="test_mgt_employees_list_with_admin_token" time="3.254" /><testcase classname="tests.test_hardcoding_removal.TestEmployeesEndpoint" name="test_employees_endpoint_works" time="0.099" /><testcase classname="tests.test_hardcoding_removal.TestSalaryEndpoint" name="test_salary_preview_with_admin_token" time="3.631" /><testcase classname="tests.test_hardcoding_removal.TestSalaryEndpoint" name="test_generate_salary_with_admin_token" time="0.162" /><testcase classname="tests.test_hardcoding_removal.TestSalesExpensesEndpoint" name="test_sales_monthly_summary_all_centers" time="3.154" /><testcase classname="tests.test_hardcoding_removal.TestSalesExpensesEndpoint" name="test_sales_centers_list" time="0.111" /><testcase classname="tests.test_hardcoding_removal.TestSalesExpensesEndpoint" name="test_expense_types_from_master" time="0.102" /><testcase classname="tests.test_hardcoding_removal.TestSalesExpensesEndpoint" name="test_payment_modes_from_master" time="0.104" /><testcase classname="tests.test_hardcoding_removal.TestAttendanceEndpoint" name="test_payroll_status_endpoint" time="3.185" /><testcase classname="tests.test_hardcoding_removal.TestAttendanceEndpoint" name="test_lock_payroll_requires_admin" time="0.102" /><testcase classname="tests.test_hardcoding_removal.TestNoHardcodedCenterChecks" name="test_session_uses_flags_not_center_code" time="1.466" /><testcase classname="tests.test_hardcoding_removal.TestNoHardcodedCenterChecks" name="test_centers_have_is_india_center_field" time="0.136" /></testsuite></testsuites>