<?xml version="1.0" encoding="utf-8"?><testsuites name="pytest tests"><testsuite name="pytest" errors="0" failures="0" skipped="0" tests="22" time="19.347" timestamp="2026-03-22T12:29:06.329069+00:00" hostname="agent-env-1fa708e9-31f6-4381-8fb8-aa72c7595a7b"><testcase classname="backend.tests.test_center_accounts.TestAuthentication" name="test_summary_requires_auth" time="0.124" /><testcase classname="backend.tests.test_center_accounts.TestAuthentication" name="test_summary_rejects_invalid_token" time="0.187" /><testcase classname="backend.tests.test_center_accounts.TestAccountSummary" name="test_summary_india_center" time="1.466" /><testcase classname="backend.tests.test_center_accounts.TestAccountSummary" name="test_summary_australia_center" time="0.122" /><testcase classname="backend.tests.test_center_accounts.TestAccountSummary" name="test_summary_invalid_center" time="0.100" /><testcase classname="backend.tests.test_center_accounts.TestAccountSummary" name="test_summary_invalid_month_format" time="0.127" /><testcase classname="backend.tests.test_center_accounts.TestCommissionStatements" name="test_save_commission_india_swiggy" time="3.247" /><testcase classname="backend.tests.test_center_accounts.TestCommissionStatements" name="test_save_commission_india_zomato" time="0.103" /><testcase classname="backend.tests.test_center_accounts.TestCommissionStatements" name="test_save_commission_australia_doordash" time="0.108" /><testcase classname="backend.tests.test_center_accounts.TestCommissionStatements" name="test_save_commission_card_settlement" time="0.104" /><testcase classname="backend.tests.test_center_accounts.TestCommissionStatements" name="test_list_commissions" time="0.102" /><testcase classname="backend.tests.test_center_accounts.TestCommissionStatements" name="test_list_commissions_no_month_filter" time="0.095" /><testcase classname="backend.tests.test_center_accounts.TestPlatformValidation" name="test_india_rejects_doordash" time="2.231" /><testcase classname="backend.tests.test_center_accounts.TestPlatformValidation" name="test_australia_rejects_swiggy" time="0.000" /><testcase classname="backend.tests.test_center_accounts.TestPDFGeneration" name="test_generate_gst_summary_pdf" time="3.286" /><testcase classname="backend.tests.test_center_accounts.TestPDFGeneration" name="test_generate_commission_summary_pdf" time="0.129" /><testcase classname="backend.tests.test_center_accounts.TestPDFGeneration" name="test_generate_pib_requires_franchise_link" time="0.208" /><testcase classname="backend.tests.test_center_accounts.TestFranchiseLinkage" name="test_get_linkage_status" time="2.374" /><testcase classname="backend.tests.test_center_accounts.TestFranchiseLinkage" name="test_link_franchise_requires_super_admin" time="0.099" /><testcase classname="backend.tests.test_center_accounts.TestTaxCalculations" name="test_india_revenue_share_gst" time="3.148" /><testcase classname="backend.tests.test_center_accounts.TestTaxCalculations" name="test_australia_profit_share_gst" time="0.106" /><testcase classname="backend.tests.test_center_accounts.TestAllCenters" name="test_all_centers_summary" time="1.805" /></testsuite></testsuites>