<?xml version="1.0" encoding="utf-8"?><testsuites name="pytest tests"><testsuite name="pytest" errors="0" failures="0" skipped="0" tests="13" time="5.800" timestamp="2026-04-24T13:31:55.214711+00:00" hostname="agent-env-4875433f-0e5a-454b-9908-408194ac5e08"><testcase classname="backend.tests.test_gst_owner_pib.TestGSTLiabilities" name="test_recompute_idempotent" time="2.111" /><testcase classname="backend.tests.test_gst_owner_pib.TestGSTLiabilities" name="test_liabilities_list_totals" time="0.115" /><testcase classname="backend.tests.test_gst_owner_pib.TestGSTLiabilities" name="test_liabilities_filter_unpaid" time="0.115" /><testcase classname="backend.tests.test_gst_owner_pib.TestGSTLiabilities" name="test_gst_math_india_5pct" time="0.143" /><testcase classname="backend.tests.test_gst_owner_pib.TestGSTLiabilities" name="test_mark_and_unmark_paid_flow" time="0.697" /><testcase classname="backend.tests.test_gst_owner_pib.TestGSTLiabilities" name="test_mark_paid_requires_super_admin" time="1.394" /><testcase classname="backend.tests.test_gst_owner_pib.TestOwnerReports" name="test_set_visibility_admin_only" time="0.224" /><testcase classname="backend.tests.test_gst_owner_pib.TestOwnerReports" name="test_visibility_status" time="0.116" /><testcase classname="backend.tests.test_gst_owner_pib.TestOwnerReports" name="test_monthly_report_admin_sees_data" time="0.103" /><testcase classname="backend.tests.test_gst_owner_pib.TestOwnerReports" name="test_owner_gated_when_not_ready" time="0.153" /><testcase classname="backend.tests.test_gst_owner_pib.TestOwnerReports" name="test_owner_unlocked_after_visibility" time="0.280" /><testcase classname="backend.tests.test_gst_owner_pib.TestOwnerReports" name="test_perth_rate_10pct" time="0.129" /><testcase classname="backend.tests.test_gst_owner_pib.TestPIBPreview" name="test_preview_pib_returns_summary" time="0.138" /></testsuite></testsuites>