<?xml version="1.0" encoding="utf-8"?><testsuites name="pytest tests"><testsuite name="pytest" errors="0" failures="0" skipped="0" tests="12" time="6.332" timestamp="2026-04-08T07:35:12.914856+00:00" hostname="agent-env-4875433f-0e5a-454b-9908-408194ac5e08"><testcase classname="backend.tests.test_reverse_payroll_org_cost.TestOrgCostFeatures" name="test_week_data_returns_target_takehome_rate" time="2.638" /><testcase classname="backend.tests.test_reverse_payroll_org_cost.TestOrgCostFeatures" name="test_week_data_returns_gross_hourly_rate" time="0.115" /><testcase classname="backend.tests.test_reverse_payroll_org_cost.TestOrgCostFeatures" name="test_week_data_gross_rate_greater_than_net_rate" time="0.104" /><testcase classname="backend.tests.test_reverse_payroll_org_cost.TestOrgCostFeatures" name="test_payroll_report_returns_weekly_totals" time="0.115" /><testcase classname="backend.tests.test_reverse_payroll_org_cost.TestOrgCostFeatures" name="test_payroll_report_weekly_totals_employer_cost_calculation" time="0.105" /><testcase classname="backend.tests.test_reverse_payroll_org_cost.TestOrgCostFeatures" name="test_payroll_report_employee_has_employer_total_cost" time="0.173" /><testcase classname="backend.tests.test_reverse_payroll_org_cost.TestOrgCostFeatures" name="test_payroll_report_employee_has_weekly_costs" time="0.098" /><testcase classname="backend.tests.test_reverse_payroll_org_cost.TestOrgCostFeatures" name="test_payroll_report_totals_has_total_employer_cost" time="0.102" /><testcase classname="backend.tests.test_reverse_payroll_org_cost.TestOrgCostFeatures" name="test_payroll_report_total_employer_cost_equals_sum_of_employees" time="0.128" /><testcase classname="backend.tests.test_reverse_payroll_org_cost.TestOrgCostFeatures" name="test_payroll_report_total_employer_cost_equals_gross_plus_super" time="0.113" /><testcase classname="backend.tests.test_reverse_payroll_org_cost.TestOrgCostFeatures" name="test_employees_endpoint_returns_rates" time="0.171" /><testcase classname="backend.tests.test_reverse_payroll_org_cost.TestUpdateRateEndpoint" name="test_update_rate_endpoint_exists" time="2.397" /></testsuite></testsuites>