<?xml version="1.0" encoding="utf-8"?><testsuites name="pytest tests"><testsuite name="pytest" errors="0" failures="0" skipped="0" tests="18" time="41.822" timestamp="2026-03-27T02:11:01.059284+00:00" hostname="agent-env-1d68d535-c3e3-4900-90f0-4933a8235a16"><testcase classname="backend.tests.test_mis_dashboard_v2.TestMISDashboardV2" name="test_working_capital_endpoint_exists" time="2.457" /><testcase classname="backend.tests.test_mis_dashboard_v2.TestMISDashboardV2" name="test_working_capital_data_structure" time="2.347" /><testcase classname="backend.tests.test_mis_dashboard_v2.TestMISDashboardV2" name="test_working_capital_cumulative_calculation" time="1.486" /><testcase classname="backend.tests.test_mis_dashboard_v2.TestMISDashboardV2" name="test_working_capital_with_center_filter" time="2.535" /><testcase classname="backend.tests.test_mis_dashboard_v2.TestMISDashboardV2" name="test_overview_center_filter" time="1.432" /><testcase classname="backend.tests.test_mis_dashboard_v2.TestMISDashboardV2" name="test_center_comparison_with_filter" time="2.208" /><testcase classname="backend.tests.test_mis_dashboard_v2.TestMISDashboardV2" name="test_sales_trends_center_filter" time="2.803" /><testcase classname="backend.tests.test_mis_dashboard_v2.TestMISDashboardV2" name="test_expense_analysis_center_filter" time="2.367" /><testcase classname="backend.tests.test_mis_dashboard_v2.TestMISDashboardV2" name="test_quarterly_comparison_center_filter" time="2.529" /><testcase classname="backend.tests.test_mis_dashboard_v2.TestMISDashboardV2" name="test_centers_endpoint_independent" time="2.699" /><testcase classname="backend.tests.test_mis_dashboard_v2.TestMISDashboardV2" name="test_overview_period_filters" time="2.622" /><testcase classname="backend.tests.test_mis_dashboard_v2.TestMISDashboardV2" name="test_overview_custom_date_range" time="3.808" /><testcase classname="backend.tests.test_mis_dashboard_v2.TestMISDashboardV2" name="test_mis_requires_auth" time="2.335" /><testcase classname="backend.tests.test_mis_dashboard_v2.TestMISDashboardV2" name="test_working_capital_requires_auth" time="1.445" /><testcase classname="backend.tests.test_mis_dashboard_v2.TestMISDashboardV2" name="test_overview_summary_fields" time="3.316" /><testcase classname="backend.tests.test_mis_dashboard_v2.TestMISDashboardV2" name="test_overview_changes_fields" time="1.534" /><testcase classname="backend.tests.test_mis_dashboard_v2.TestExpenseEntrySorting" name="test_expenses_endpoint_returns_data" time="2.332" /><testcase classname="backend.tests.test_mis_dashboard_v2.TestExpenseEntrySorting" name="test_expense_has_sortable_fields" time="1.512" /></testsuite></testsuites>