<?xml version="1.0" encoding="utf-8"?><testsuites name="pytest tests"><testsuite name="pytest" errors="0" failures="0" skipped="0" tests="14" time="43.261" timestamp="2026-03-27T07:03:01.111425+00:00" hostname="agent-env-952d3a42-a8bd-4a90-9c25-1a54e3da2ab4"><testcase classname="backend.tests.test_mis_pdf_download.TestMISPDFDownload" name="test_pdf_download_endpoint_exists" time="2.590" /><testcase classname="backend.tests.test_mis_pdf_download.TestMISPDFDownload" name="test_pdf_download_all_centers" time="2.409" /><testcase classname="backend.tests.test_mis_pdf_download.TestMISPDFDownload" name="test_pdf_download_specific_center" time="3.508" /><testcase classname="backend.tests.test_mis_pdf_download.TestMISPDFDownload" name="test_pdf_download_international_center" time="3.190" /><testcase classname="backend.tests.test_mis_pdf_download.TestMISPDFDownload" name="test_pdf_download_with_different_periods" time="4.187" /><testcase classname="backend.tests.test_mis_pdf_download.TestMISPDFDownload" name="test_pdf_download_custom_date_range" time="3.237" /><testcase classname="backend.tests.test_mis_pdf_download.TestMISPDFDownload" name="test_pdf_download_requires_auth" time="2.318" /><testcase classname="backend.tests.test_mis_pdf_download.TestMISPDFDownload" name="test_pdf_has_content_disposition_header" time="2.890" /><testcase classname="backend.tests.test_mis_pdf_download.TestMISPDFDownload" name="test_pdf_filename_includes_center" time="3.197" /><testcase classname="backend.tests.test_mis_pdf_download.TestMISPDFDownload" name="test_pdf_filename_all_centers" time="3.017" /><testcase classname="backend.tests.test_mis_pdf_download.TestMISOverviewEndpoint" name="test_overview_returns_proper_structure" time="3.181" /><testcase classname="backend.tests.test_mis_pdf_download.TestMISOverviewEndpoint" name="test_overview_summary_has_all_metrics" time="2.305" /><testcase classname="backend.tests.test_mis_pdf_download.TestMISOverviewEndpoint" name="test_overview_period_info" time="3.193" /><testcase classname="backend.tests.test_mis_pdf_download.TestMISExcelDownload" name="test_all_data_endpoints_for_excel" time="3.969" /></testsuite></testsuites>