<?xml version="1.0" encoding="utf-8"?><testsuites name="pytest tests"><testsuite name="pytest" errors="0" failures="0" skipped="0" tests="23" time="16.402" timestamp="2026-04-02T23:33:45.497991+00:00" hostname="agent-env-f280ec68-329d-4eca-a34f-c39c2ad64395"><testcase classname="tests.test_bank_reconciliation.TestBankReconciliationAuth" name="test_upload_requires_auth" time="0.136" /><testcase classname="tests.test_bank_reconciliation.TestBankReconciliationAuth" name="test_add_expense_requires_auth" time="0.107" /><testcase classname="tests.test_bank_reconciliation.TestBankReconciliationAuth" name="test_ignore_requires_auth" time="0.106" /><testcase classname="tests.test_bank_reconciliation.TestBankReconciliationAuth" name="test_export_requires_auth" time="0.128" /><testcase classname="tests.test_bank_reconciliation.TestBankReconciliationAuth" name="test_uploads_list_requires_auth" time="0.105" /><testcase classname="tests.test_bank_reconciliation.TestBankReconciliationUpload" name="test_upload_csv_bank_statement" time="2.318" /><testcase classname="tests.test_bank_reconciliation.TestBankReconciliationUpload" name="test_upload_returns_unrecorded_transactions" time="0.000" /><testcase classname="tests.test_bank_reconciliation.TestBankReconciliationUpload" name="test_category_suggestion_from_narration" time="0.111" /><testcase classname="tests.test_bank_reconciliation.TestBankReconciliationUpload" name="test_upload_invalid_file_format" time="0.115" /><testcase classname="tests.test_bank_reconciliation.TestBankReconciliationUpload" name="test_upload_empty_csv" time="0.111" /><testcase classname="tests.test_bank_reconciliation.TestBankReconciliationAddExpense" name="test_add_expense_success" time="2.987" /><testcase classname="tests.test_bank_reconciliation.TestBankReconciliationAddExpense" name="test_add_expense_invalid_category" time="0.102" /><testcase classname="tests.test_bank_reconciliation.TestBankReconciliationAddExpense" name="test_add_expense_transaction_not_found" time="0.103" /><testcase classname="tests.test_bank_reconciliation.TestBankReconciliationIgnore" name="test_ignore_transaction_success" time="1.526" /><testcase classname="tests.test_bank_reconciliation.TestBankReconciliationIgnore" name="test_ignore_transaction_not_found" time="0.317" /><testcase classname="tests.test_bank_reconciliation.TestBankReconciliationExport" name="test_export_reconciliation_report" time="1.456" /><testcase classname="tests.test_bank_reconciliation.TestBankReconciliationExport" name="test_export_nonexistent_upload" time="0.104" /><testcase classname="tests.test_bank_reconciliation.TestBankReconciliationUploadsList" name="test_list_uploads" time="1.522" /><testcase classname="tests.test_bank_reconciliation.TestBankReconciliationUploadsList" name="test_list_uploads_by_center" time="0.107" /><testcase classname="tests.test_bank_reconciliation.TestBankReconciliationAuditTrail" name="test_upload_creates_audit_log" time="1.585" /><testcase classname="tests.test_bank_reconciliation.TestBankReconciliationMatchingLogic" name="test_date_parsing_formats" time="1.504" /><testcase classname="tests.test_bank_reconciliation.TestBankReconciliationMatchingLogic" name="test_amount_parsing" time="0.108" /><testcase classname="tests.test_bank_reconciliation.TestBankReconciliationSummary" name="test_get_summary" time="1.686" /></testsuite></testsuites>