<?xml version="1.0" encoding="utf-8"?><testsuites name="pytest tests"><testsuite name="pytest" errors="0" failures="0" skipped="0" tests="10" time="5.460" timestamp="2026-04-11T15:26:11.707928+00:00" hostname="agent-env-4875433f-0e5a-454b-9908-408194ac5e08"><testcase classname="tests.test_monthly_payroll_pdf.TestPayslipEmployeesEndpoint" name="test_perth_returns_employees_from_db_employees" time="2.567" /><testcase classname="tests.test_monthly_payroll_pdf.TestPayslipEmployeesEndpoint" name="test_india_center_returns_monthly_payroll" time="0.103" /><testcase classname="tests.test_monthly_payroll_pdf.TestPayrollReportPDF" name="test_pdf_generation_returns_valid_pdf" time="0.206" /><testcase classname="tests.test_monthly_payroll_pdf.TestPayrollReportPDF" name="test_pdf_contains_employee_names" time="0.145" /><testcase classname="tests.test_monthly_payroll_pdf.TestPayrollReportPDF" name="test_pdf_contains_real_financial_values" time="0.119" /><testcase classname="tests.test_monthly_payroll_pdf.TestPayrollReportPDF" name="test_payroll_report_has_all_sections" time="0.320" /><testcase classname="tests.test_monthly_payroll_pdf.TestPayslipGeneration" name="test_australian_payslip_single_employee" time="0.390" /><testcase classname="tests.test_monthly_payroll_pdf.TestPayslipGeneration" name="test_australian_payslip_bulk" time="1.047" /><testcase classname="tests.test_monthly_payroll_pdf.TestPayslipGeneration" name="test_indian_payslip_still_works" time="0.383" /><testcase classname="tests.test_monthly_payroll_pdf.TestMonthlyExportCSV" name="test_monthly_csv_export" time="0.106" /></testsuite></testsuites>