<?xml version="1.0" encoding="utf-8"?><testsuites name="pytest tests"><testsuite name="pytest" errors="0" failures="0" skipped="0" tests="5" time="5.811" timestamp="2026-03-28T03:29:06.913442+00:00" hostname="agent-env-752eda08-6b45-4624-b19a-be72f024d6ee"><testcase classname="backend.tests.test_phase1_quick_fixes.TestMISWorkingCapital" name="test_working_capital_all_centers" time="2.408" /><testcase classname="backend.tests.test_phase1_quick_fixes.TestMISWorkingCapital" name="test_working_capital_specific_center_with_franchise" time="0.110" /><testcase classname="backend.tests.test_phase1_quick_fixes.TestMISWorkingCapital" name="test_working_capital_center_without_franchise" time="0.137" /><testcase classname="backend.tests.test_phase1_quick_fixes.TestFranchiseConnectivity" name="test_franchise_list_api" time="2.988" /><testcase classname="backend.tests.test_phase1_quick_fixes.TestFranchiseConnectivity" name="test_franchise_owner_dashboard_data" time="0.118" /></testsuite></testsuites>