<?xml version="1.0" encoding="utf-8"?><testsuites name="pytest tests"><testsuite name="pytest" errors="0" failures="0" skipped="0" tests="9" time="25.966" timestamp="2026-03-26T10:32:20.462414+00:00" hostname="agent-env-48bf4c00-8470-4084-a393-c5991643a7c8"><testcase classname="tests.test_international_attendance_rbac.TestAuthentication" name="test_super_admin_login" time="3.260" /><testcase classname="tests.test_international_attendance_rbac.TestAuthentication" name="test_perth_manager_login" time="2.230" /><testcase classname="tests.test_international_attendance_rbac.TestAuthentication" name="test_india_manager_login" time="2.150" /><testcase classname="tests.test_international_attendance_rbac.TestInternationalCentersRBAC" name="test_super_admin_sees_dropdown_with_international_centers_only" time="2.192" /><testcase classname="tests.test_international_attendance_rbac.TestInternationalCentersRBAC" name="test_perth_manager_no_dropdown_only_own_center" time="3.082" /><testcase classname="tests.test_international_attendance_rbac.TestInternationalCentersRBAC" name="test_india_manager_gets_403_forbidden" time="3.391" /><testcase classname="tests.test_international_attendance_rbac.TestDataSaveBug" name="test_save_different_hours_for_different_employees" time="3.330" /><testcase classname="tests.test_international_attendance_rbac.TestWeekDataEndpoint" name="test_perth_manager_can_access_own_center_week_data" time="3.156" /><testcase classname="tests.test_international_attendance_rbac.TestWeekDataEndpoint" name="test_india_manager_cannot_access_week_data" time="3.108" /></testsuite></testsuites>