<?xml version="1.0" encoding="utf-8"?><testsuites name="pytest tests"><testsuite name="pytest" errors="0" failures="0" skipped="0" tests="8" time="22.129" timestamp="2026-03-27T08:54:40.466659+00:00" hostname="agent-env-952d3a42-a8bd-4a90-9c25-1a54e3da2ab4"><testcase classname="backend.tests.test_working_capital.TestWorkingCapital" name="test_working_capital_endpoint_returns_correct_structure" time="3.118" /><testcase classname="backend.tests.test_working_capital.TestWorkingCapital" name="test_working_capital_all_centers_sum" time="2.195" /><testcase classname="backend.tests.test_working_capital.TestWorkingCapital" name="test_working_capital_perth_has_loan" time="3.211" /><testcase classname="backend.tests.test_working_capital.TestWorkingCapital" name="test_working_capital_center_breakdown" time="3.286" /><testcase classname="backend.tests.test_working_capital.TestWorkingCapital" name="test_working_capital_no_cumulative_sales" time="3.072" /><testcase classname="backend.tests.test_working_capital.TestMISOverviewStillWorks" name="test_overview_endpoint_works" time="1.495" /><testcase classname="backend.tests.test_working_capital.TestMISPDFExport" name="test_pdf_download_works" time="2.519" /><testcase classname="backend.tests.test_working_capital.TestMISExcelExport" name="test_working_capital_data_for_excel" time="3.181" /></testsuite></testsuites>