<?xml version="1.0" encoding="utf-8"?><testsuites name="pytest tests"><testsuite name="pytest" errors="0" failures="0" skipped="0" tests="13" time="21.449" timestamp="2026-02-25T04:49:21.957478+00:00" hostname="agent-env-be5f47b1-2dcf-4964-b91b-7af97d98a208"><testcase classname="backend.tests.test_sales_enhancements.TestMonthlySummaryGSTInfo" name="test_monthly_summary_returns_gst_info" time="1.791" /><testcase classname="backend.tests.test_sales_enhancements.TestMonthlySummaryGSTInfo" name="test_monthly_summary_single_center_gst" time="0.126" /><testcase classname="backend.tests.test_sales_enhancements.TestMonthlySummaryGSTInfo" name="test_monthly_summary_requires_auth" time="0.127" /><testcase classname="backend.tests.test_sales_enhancements.TestGSTCalculationLogic" name="test_india_center_gst_rate" time="1.523" /><testcase classname="backend.tests.test_sales_enhancements.TestGuestBillCount" name="test_daily_sales_has_guest_bill_fields" time="3.245" /><testcase classname="backend.tests.test_sales_enhancements.TestGuestBookingResponse" name="test_booking_response_endpoint_exists" time="7.291" /><testcase classname="backend.tests.test_sales_enhancements.TestGuestBookingResponse" name="test_booking_response_requires_auth" time="0.193" /><testcase classname="backend.tests.test_sales_enhancements.TestGuestBookingResponse" name="test_booking_response_with_different_centers" time="3.567" /><testcase classname="backend.tests.test_sales_enhancements.TestCenterInfoEndpoint" name="test_center_info_endpoint" time="0.120" /><testcase classname="backend.tests.test_sales_enhancements.TestGuestAIChat" name="test_guest_ai_endpoint_exists" time="3.037" /><testcase classname="backend.tests.test_sales_enhancements.TestExpenseTypes" name="test_expense_types_endpoint" time="0.107" /><testcase classname="backend.tests.test_sales_enhancements.TestExpenseTypes" name="test_payment_modes_endpoint" time="0.118" /><testcase classname="backend.tests.test_sales_enhancements.TestSalesCentersList" name="test_centers_list_endpoint" time="0.097" /></testsuite></testsuites>