<?xml version="1.0" encoding="utf-8"?><testsuites name="pytest tests"><testsuite name="pytest" errors="0" failures="0" skipped="0" tests="23" time="11.309" timestamp="2026-04-22T16:01:18.576225+00:00" hostname="agent-env-4875433f-0e5a-454b-9908-408194ac5e08"><testcase classname="backend.tests.test_mis_wc_parity.TestParityNoOverride" name="test_parity_clean_state[2025-04]" time="2.138" /><testcase classname="backend.tests.test_mis_wc_parity.TestParityNoOverride" name="test_parity_clean_state[2025-05]" time="0.237" /><testcase classname="backend.tests.test_mis_wc_parity.TestParityNoOverride" name="test_parity_clean_state[2025-06]" time="0.273" /><testcase classname="backend.tests.test_mis_wc_parity.TestParityNoOverride" name="test_parity_clean_state[2025-07]" time="0.251" /><testcase classname="backend.tests.test_mis_wc_parity.TestParityWithOverrides" name="test_override_reflects_in_mis_summary_and_per_center" time="0.381" /><testcase classname="backend.tests.test_mis_wc_parity.TestParityWithOverrides" name="test_working_capital_reflects_forced_loss" time="0.268" /><testcase classname="backend.tests.test_wc_target_expenses.TestTargetExpensesContract" name="test_save_target_creates_intra_on_last_day" time="1.832" /><testcase classname="backend.tests.test_wc_target_expenses.TestTargetExpensesContract" name="test_wc_table_returns_target_no_double_count" time="0.228" /><testcase classname="backend.tests.test_wc_target_expenses.TestTargetExpensesContract" name="test_repeated_saves_replace_intra" time="0.358" /><testcase classname="backend.tests.test_wc_target_expenses.TestTargetExpensesContract" name="test_target_equal_real_deletes_intra" time="0.231" /><testcase classname="backend.tests.test_wc_target_expenses.TestTargetExpensesContract" name="test_wc_adjustment_only_no_db_expense" time="0.112" /><testcase classname="backend.tests.test_wc_target_expenses.TestEdgeCases" name="test_leap_year_feb_29" time="0.173" /><testcase classname="backend.tests.test_wc_target_expenses.TestEdgeCases" name="test_month_with_no_real_expenses_creates_positive_intra" time="0.130" /><testcase classname="backend.tests.test_wc_and_attendance_lock.TestWCRowSaveAutoExpense" name="test_wc_row_save_creates_intra_expense" time="2.621" /><testcase classname="backend.tests.test_wc_and_attendance_lock.TestWCRowSaveAutoExpense" name="test_wc_row_save_replaces_prior_intra_entry" time="0.121" /><testcase classname="backend.tests.test_wc_and_attendance_lock.TestWCTableExports" name="test_export_pdf" time="0.131" /><testcase classname="backend.tests.test_wc_and_attendance_lock.TestWCTableExports" name="test_export_excel" time="0.140" /><testcase classname="backend.tests.test_wc_and_attendance_lock.TestAttendanceLockScope" name="test_01_center_lock_locks_only_that_center" time="0.343" /><testcase classname="backend.tests.test_wc_and_attendance_lock.TestAttendanceLockScope" name="test_02_bulk_month_rejected_for_locked_center" time="0.126" /><testcase classname="backend.tests.test_wc_and_attendance_lock.TestAttendanceLockScope" name="test_03_bulk_month_allowed_for_unlocked_center" time="0.124" /><testcase classname="backend.tests.test_wc_and_attendance_lock.TestAttendanceLockScope" name="test_04_unlock_center_leaves_others_untouched" time="0.254" /><testcase classname="backend.tests.test_wc_and_attendance_lock.TestAttendanceLockScope" name="test_05_global_lock_affects_any_center" time="0.457" /><testcase classname="backend.tests.test_wc_and_attendance_lock.TestAttendanceLockScope" name="test_06_global_unlock_clears_lock" time="0.234" /></testsuite></testsuites>