<?xml version="1.0" encoding="utf-8"?><testsuites name="pytest tests"><testsuite name="pytest" errors="0" failures="0" skipped="0" tests="17" time="5.076" timestamp="2026-02-20T06:16:24.094513+00:00" hostname="agent-env-3031205d-8442-4d4b-8a66-7484b2981df8"><testcase classname="tests.test_purnabramha_api.TestPublicEndpoints" name="test_get_menu_returns_items" time="0.240" /><testcase classname="tests.test_purnabramha_api.TestPublicEndpoints" name="test_menu_item_structure" time="0.177" /><testcase classname="tests.test_purnabramha_api.TestPublicEndpoints" name="test_menu_has_country_based_pricing" time="0.117" /><testcase classname="tests.test_purnabramha_api.TestPublicEndpoints" name="test_get_locations_returns_list" time="0.114" /><testcase classname="tests.test_purnabramha_api.TestPublicEndpoints" name="test_location_structure" time="0.124" /><testcase classname="tests.test_purnabramha_api.TestPublicEndpoints" name="test_locations_has_india_and_australia" time="0.113" /><testcase classname="tests.test_purnabramha_api.TestPublicEndpoints" name="test_get_videos_returns_list" time="0.112" /><testcase classname="tests.test_purnabramha_api.TestAuthentication" name="test_login_success" time="0.337" /><testcase classname="tests.test_purnabramha_api.TestAuthentication" name="test_login_failure_wrong_password" time="0.326" /><testcase classname="tests.test_purnabramha_api.TestAuthentication" name="test_login_failure_wrong_email" time="0.109" /><testcase classname="tests.test_purnabramha_api.TestAdminEndpoints" name="test_admin_menu_requires_auth" time="0.128" /><testcase classname="tests.test_purnabramha_api.TestAdminEndpoints" name="test_admin_menu_returns_all_items" time="0.440" /><testcase classname="tests.test_purnabramha_api.TestAdminEndpoints" name="test_admin_locations_returns_all" time="0.440" /><testcase classname="tests.test_purnabramha_api.TestAdminEndpoints" name="test_admin_create_menu_item" time="0.738" /><testcase classname="tests.test_purnabramha_api.TestAdminEndpoints" name="test_admin_update_menu_item" time="0.776" /><testcase classname="tests.test_purnabramha_api.TestAdminEndpoints" name="test_admin_add_video" time="0.598" /><testcase classname="tests.test_purnabramha_api.TestMenuCategories" name="test_menu_has_expected_categories" time="0.116" /></testsuite></testsuites>