<?xml version="1.0" encoding="utf-8"?><testsuites name="pytest tests"><testsuite name="pytest" errors="0" failures="0" skipped="0" tests="20" time="17.984" timestamp="2026-04-11T16:41:22.713996+00:00" hostname="agent-env-4875433f-0e5a-454b-9908-408194ac5e08"><testcase classname="backend.tests.test_food_safety.TestTemplateTypes" name="test_get_template_types_returns_8_types" time="1.875" /><testcase classname="backend.tests.test_food_safety.TestTemplateTypes" name="test_template_types_requires_auth" time="0.128" /><testcase classname="backend.tests.test_food_safety.TestSeedData" name="test_seed_returns_already_seeded" time="1.901" /><testcase classname="backend.tests.test_food_safety.TestTemplateItems" name="test_list_template_items_for_perth" time="1.585" /><testcase classname="backend.tests.test_food_safety.TestTemplateItems" name="test_list_all_template_items" time="0.143" /><testcase classname="backend.tests.test_food_safety.TestTemplateItems" name="test_create_template_item" time="0.332" /><testcase classname="backend.tests.test_food_safety.TestTemplateItems" name="test_delete_template_item" time="0.426" /><testcase classname="backend.tests.test_food_safety.TestTemplateItems" name="test_toggle_template_item" time="0.358" /><testcase classname="backend.tests.test_food_safety.TestRecords" name="test_create_draft_record" time="1.423" /><testcase classname="backend.tests.test_food_safety.TestRecords" name="test_create_and_submit_record" time="0.102" /><testcase classname="backend.tests.test_food_safety.TestRecords" name="test_list_records_with_filters" time="0.363" /><testcase classname="backend.tests.test_food_safety.TestRecords" name="test_approve_submitted_record" time="0.332" /><testcase classname="backend.tests.test_food_safety.TestRecords" name="test_cannot_edit_approved_record" time="0.219" /><testcase classname="backend.tests.test_food_safety.TestDashboard" name="test_dashboard_returns_status_counts" time="1.526" /><testcase classname="backend.tests.test_food_safety.TestDashboard" name="test_dashboard_shows_overdue_alerts" time="0.130" /><testcase classname="backend.tests.test_food_safety.TestReports" name="test_pdf_report_generation" time="4.974" /><testcase classname="backend.tests.test_food_safety.TestReports" name="test_excel_report_generation" time="0.323" /><testcase classname="backend.tests.test_food_safety.TestInvalidInputs" name="test_invalid_template_type_on_save" time="1.402" /><testcase classname="backend.tests.test_food_safety.TestInvalidInputs" name="test_invalid_status_on_record_save" time="0.114" /><testcase classname="backend.tests.test_food_safety.TestInvalidInputs" name="test_approve_non_submitted_record" time="0.233" /></testsuite></testsuites>