<?xml version="1.0" encoding="utf-8"?><testsuites name="pytest tests"><testsuite name="pytest" errors="0" failures="0" skipped="0" tests="18" time="28.421" timestamp="2026-03-29T10:06:40.886060+00:00" hostname="agent-env-9eb29904-6415-4eca-8109-c24c4ae7a9a6"><testcase classname="backend.tests.test_franchise_owner_dashboard.TestFranchiseOwnerAuth" name="test_franchise_owner_login_returns_correct_role_key" time="3.377" /><testcase classname="backend.tests.test_franchise_owner_dashboard.TestFranchiseOwnerAuth" name="test_franchise_owner_login_returns_franchise_center" time="0.000" /><testcase classname="backend.tests.test_franchise_owner_dashboard.TestFranchiseOwnerAuth" name="test_franchise_owner_login_returns_franchise_code" time="0.000" /><testcase classname="backend.tests.test_franchise_owner_dashboard.TestFranchiseOwnerAuth" name="test_admin_login_returns_super_admin_flag" time="2.363" /><testcase classname="backend.tests.test_franchise_owner_dashboard.TestResolveOwnerCenter" name="test_resolve_owner_center_returns_correct_center" time="3.176" /><testcase classname="backend.tests.test_franchise_owner_dashboard.TestResolveOwnerCenter" name="test_resolve_owner_center_returns_franchise_code" time="0.099" /><testcase classname="backend.tests.test_franchise_owner_dashboard.TestResolveOwnerCenter" name="test_resolve_owner_center_returns_is_franchise_owner_true" time="0.129" /><testcase classname="backend.tests.test_franchise_owner_dashboard.TestMISAccessForFranchiseOwner" name="test_mis_overview_accessible_by_franchise_owner" time="3.369" /><testcase classname="backend.tests.test_franchise_owner_dashboard.TestMISAccessForFranchiseOwner" name="test_mis_overview_returns_data_for_pb_hsr" time="0.099" /><testcase classname="backend.tests.test_franchise_owner_dashboard.TestMISAccessForFranchiseOwner" name="test_mis_working_capital_accessible" time="0.120" /><testcase classname="backend.tests.test_franchise_owner_dashboard.TestMISAccessForFranchiseOwner" name="test_mis_sales_trends_accessible" time="0.101" /><testcase classname="backend.tests.test_franchise_owner_dashboard.TestFranchiseByCenterAccess" name="test_franchise_by_center_accessible_by_franchise_owner" time="2.298" /><testcase classname="backend.tests.test_franchise_owner_dashboard.TestFranchiseByCenterAccess" name="test_franchise_by_center_returns_franchise_info" time="0.097" /><testcase classname="backend.tests.test_franchise_owner_dashboard.TestFranchiseExitListFiltering" name="test_franchise_exit_list_accessible_by_franchise_owner" time="3.505" /><testcase classname="backend.tests.test_franchise_owner_dashboard.TestFranchiseExitListFiltering" name="test_admin_can_see_all_exits" time="3.119" /><testcase classname="backend.tests.test_franchise_owner_dashboard.TestAdminCenterDropdownAccess" name="test_admin_can_access_centers_list" time="3.007" /><testcase classname="backend.tests.test_franchise_owner_dashboard.TestAdminCenterDropdownAccess" name="test_admin_can_query_any_center_mis" time="0.205" /><testcase classname="backend.tests.test_franchise_owner_dashboard.TestExpenseAnalysisAccess" name="test_expense_analysis_accessible_by_franchise_owner" time="3.278" /></testsuite></testsuites>