<?xml version="1.0" encoding="utf-8"?><testsuites name="pytest tests"><testsuite name="pytest" errors="0" failures="0" skipped="0" tests="32" time="3.942" timestamp="2026-03-20T05:32:04.148880+00:00" hostname="agent-env-29c254ee-b7b0-461c-8d51-740af1af003b"><testcase classname="backend.tests.test_agreement_generator.TestAgreementAuth" name="test_agreement_generation_requires_auth" time="0.160" /><testcase classname="backend.tests.test_agreement_generator.TestAgreementAuth" name="test_agreement_generation_nonexistent_franchise" time="0.220" /><testcase classname="backend.tests.test_agreement_generator.TestAustraliaAgreement" name="test_pdf_generated_successfully" time="0.481" /><testcase classname="backend.tests.test_agreement_generator.TestAustraliaAgreement" name="test_pdf_valid_format" time="0.000" /><testcase classname="backend.tests.test_agreement_generator.TestAustraliaAgreement" name="test_pdf_has_50_plus_pages" time="0.004" /><testcase classname="backend.tests.test_agreement_generator.TestAustraliaAgreement" name="test_contains_australia_specific_content" time="0.109" /><testcase classname="backend.tests.test_agreement_generator.TestAustraliaAgreement" name="test_contains_80_20_profit_share" time="0.107" /><testcase classname="backend.tests.test_agreement_generator.TestAustraliaAgreement" name="test_contains_director_honorarium" time="0.116" /><testcase classname="backend.tests.test_agreement_generator.TestAustraliaAgreement" name="test_contains_royalty_to_mfpl" time="0.108" /><testcase classname="backend.tests.test_agreement_generator.TestAustraliaAgreement" name="test_contains_franchise_data" time="0.109" /><testcase classname="backend.tests.test_agreement_generator.TestIndiaAgreement" name="test_pdf_generated_successfully" time="0.484" /><testcase classname="backend.tests.test_agreement_generator.TestIndiaAgreement" name="test_pdf_valid_format" time="0.000" /><testcase classname="backend.tests.test_agreement_generator.TestIndiaAgreement" name="test_pdf_has_50_plus_pages" time="0.004" /><testcase classname="backend.tests.test_agreement_generator.TestIndiaAgreement" name="test_contains_india_specific_content" time="0.108" /><testcase classname="backend.tests.test_agreement_generator.TestIndiaAgreement" name="test_contains_revenue_share_model" time="0.116" /><testcase classname="backend.tests.test_agreement_generator.TestIndiaAgreement" name="test_contains_service_contract_fee" time="0.108" /><testcase classname="backend.tests.test_agreement_generator.TestIndiaAgreement" name="test_contains_franchise_data" time="0.107" /><testcase classname="backend.tests.test_agreement_generator.TestAgreementStructure" name="test_has_table_of_contents" time="0.489" /><testcase classname="backend.tests.test_agreement_generator.TestAgreementStructure" name="test_has_definitions_section" time="0.001" /><testcase classname="backend.tests.test_agreement_generator.TestAgreementStructure" name="test_has_agreement_structure_section" time="0.000" /><testcase classname="backend.tests.test_agreement_generator.TestAgreementStructure" name="test_has_operational_framework_section" time="0.001" /><testcase classname="backend.tests.test_agreement_generator.TestAgreementStructure" name="test_has_financial_framework_section" time="0.000" /><testcase classname="backend.tests.test_agreement_generator.TestAgreementStructure" name="test_has_ip_section" time="0.000" /><testcase classname="backend.tests.test_agreement_generator.TestAgreementStructure" name="test_has_legal_liability_section" time="0.000" /><testcase classname="backend.tests.test_agreement_generator.TestAgreementStructure" name="test_has_termination_section" time="0.001" /><testcase classname="backend.tests.test_agreement_generator.TestAgreementStructure" name="test_has_dispute_resolution_section" time="0.000" /><testcase classname="backend.tests.test_agreement_generator.TestAgreementStructure" name="test_has_schedules" time="0.001" /><testcase classname="backend.tests.test_agreement_generator.TestAgreementStructure" name="test_has_annexures" time="0.000" /><testcase classname="backend.tests.test_agreement_generator.TestAgreementStructure" name="test_has_signature_section" time="0.001" /><testcase classname="backend.tests.test_agreement_generator.TestPDFDownloadability" name="test_pdf_has_content_disposition" time="0.410" /><testcase classname="backend.tests.test_agreement_generator.TestPDFDownloadability" name="test_pdf_has_correct_content_type" time="0.285" /><testcase classname="backend.tests.test_agreement_generator.TestPDFDownloadability" name="test_pdf_content_is_complete" time="0.286" /></testsuite></testsuites>