<?xml version="1.0" encoding="utf-8"?><testsuites name="pytest tests"><testsuite name="pytest" errors="0" failures="0" skipped="0" tests="22" time="5.530" timestamp="2026-03-11T08:43:40.583445+00:00" hostname="agent-env-0ca97ac1-5094-452f-a27a-afb3d32c148f"><testcase classname="backend.tests.test_franchises.TestFranchiseAuth" name="test_auth_token_exists" time="2.191" /><testcase classname="backend.tests.test_franchises.TestFranchiseAuth" name="test_unauthorized_access_rejected" time="0.113" /><testcase classname="backend.tests.test_franchises.TestFranchiseList" name="test_list_franchises_returns_data" time="0.206" /><testcase classname="backend.tests.test_franchises.TestFranchiseList" name="test_list_franchises_has_counts" time="0.101" /><testcase classname="backend.tests.test_franchises.TestFranchiseList" name="test_list_franchises_filter_by_country" time="0.111" /><testcase classname="backend.tests.test_franchises.TestFranchiseList" name="test_list_franchises_search" time="0.108" /><testcase classname="backend.tests.test_franchises.TestFranchiseCRUD" name="test_create_franchise" time="0.258" /><testcase classname="backend.tests.test_franchises.TestFranchiseCRUD" name="test_get_franchise_details" time="0.106" /><testcase classname="backend.tests.test_franchises.TestFranchiseCRUD" name="test_franchise_has_audit_history" time="0.098" /><testcase classname="backend.tests.test_franchises.TestFranchiseCRUD" name="test_update_franchise" time="0.235" /><testcase classname="backend.tests.test_franchises.TestFranchiseCRUD" name="test_update_creates_audit_entry" time="0.101" /><testcase classname="backend.tests.test_franchises.TestFranchiseCRUD" name="test_duplicate_franchise_code_rejected" time="0.095" /><testcase classname="backend.tests.test_franchises.TestFranchiseCRUD" name="test_get_nonexistent_franchise" time="0.097" /><testcase classname="backend.tests.test_franchises.TestFranchiseDocuments" name="test_document_upload" time="0.263" /><testcase classname="backend.tests.test_franchises.TestFranchiseDocuments" name="test_franchise_has_documents" time="0.109" /><testcase classname="backend.tests.test_franchises.TestFranchiseDocuments" name="test_document_download" time="0.103" /><testcase classname="backend.tests.test_franchises.TestFranchiseDocuments" name="test_document_delete" time="0.202" /><testcase classname="backend.tests.test_franchises.TestFranchiseAgreement" name="test_generate_agreement_pdf" time="0.276" /><testcase classname="backend.tests.test_franchises.TestFranchiseAgreement" name="test_generate_agreement_for_existing_franchise" time="0.111" /><testcase classname="backend.tests.test_franchises.TestFranchiseStats" name="test_franchise_stats" time="0.207" /><testcase classname="backend.tests.test_franchises.TestFranchiseStats" name="test_countries_list" time="0.108" /><testcase classname="backend.tests.test_franchises.TestCleanup" name="test_delete_test_franchise" time="0.196" /></testsuite></testsuites>