<?xml version="1.0" encoding="utf-8"?><testsuites name="pytest tests"><testsuite name="pytest" errors="0" failures="0" skipped="0" tests="12" time="5.688" timestamp="2026-04-11T16:18:28.206732+00:00" hostname="agent-env-4875433f-0e5a-454b-9908-408194ac5e08"><testcase classname="backend.tests.test_employee_kyc_documents.TestEmployeeKYCDocuments" name="test_mgt_employees_list_returns_kyc_fields" time="1.930" /><testcase classname="backend.tests.test_employee_kyc_documents.TestEmployeeKYCDocuments" name="test_create_employee_with_kyc_fields" time="0.323" /><testcase classname="backend.tests.test_employee_kyc_documents.TestEmployeeKYCDocuments" name="test_update_employee_kyc_fields" time="0.335" /><testcase classname="backend.tests.test_employee_kyc_documents.TestEmployeeKYCDocuments" name="test_photo_upload_validates_file_type" time="0.124" /><testcase classname="backend.tests.test_employee_kyc_documents.TestEmployeeKYCDocuments" name="test_photo_upload_validates_size" time="0.580" /><testcase classname="backend.tests.test_employee_kyc_documents.TestEmployeeKYCDocuments" name="test_document_upload_validates_doc_type" time="0.096" /><testcase classname="backend.tests.test_employee_kyc_documents.TestEmployeeKYCDocuments" name="test_document_upload_validates_file_type" time="0.105" /><testcase classname="backend.tests.test_employee_kyc_documents.TestEmployeeKYCDocuments" name="test_document_upload_validates_size" time="0.513" /><testcase classname="backend.tests.test_employee_kyc_documents.TestEmployeeKYCDocuments" name="test_document_upload_accepts_valid_types" time="1.097" /><testcase classname="backend.tests.test_employee_kyc_documents.TestEmployeeKYCDocuments" name="test_employee_report_generates_pdf" time="0.183" /><testcase classname="backend.tests.test_employee_kyc_documents.TestEmployeeKYCDocuments" name="test_employee_report_with_center_filter" time="0.114" /><testcase classname="backend.tests.test_employee_kyc_documents.TestEmployeeKYCDocuments" name="test_cleanup_test_employee" time="0.234" /></testsuite></testsuites>