<?xml version="1.0" encoding="utf-8"?><testsuites name="pytest tests"><testsuite name="pytest" errors="0" failures="0" skipped="0" tests="33" time="18.392" timestamp="2026-04-22T16:15:43.923320+00:00" hostname="agent-env-4875433f-0e5a-454b-9908-408194ac5e08"><testcase classname="backend.tests.test_wc_target_expenses.TestTargetExpensesContract" name="test_save_target_creates_intra_on_last_day" time="1.355" /><testcase classname="backend.tests.test_wc_target_expenses.TestTargetExpensesContract" name="test_wc_table_returns_target_no_double_count" time="0.300" /><testcase classname="backend.tests.test_wc_target_expenses.TestTargetExpensesContract" name="test_repeated_saves_replace_intra" time="0.362" /><testcase classname="backend.tests.test_wc_target_expenses.TestTargetExpensesContract" name="test_target_equal_real_deletes_intra" time="0.239" /><testcase classname="backend.tests.test_wc_target_expenses.TestTargetExpensesContract" name="test_wc_adjustment_only_no_db_expense" time="0.128" /><testcase classname="backend.tests.test_wc_target_expenses.TestEdgeCases" name="test_leap_year_feb_29" time="0.129" /><testcase classname="backend.tests.test_wc_target_expenses.TestEdgeCases" name="test_month_with_no_real_expenses_creates_positive_intra" time="0.113" /><testcase classname="backend.tests.test_wc_and_attendance_lock.TestWCRowSaveAutoExpense" name="test_wc_row_save_creates_intra_expense" time="1.295" /><testcase classname="backend.tests.test_wc_and_attendance_lock.TestWCRowSaveAutoExpense" name="test_wc_row_save_replaces_prior_intra_entry" time="0.101" /><testcase classname="backend.tests.test_wc_and_attendance_lock.TestWCTableExports" name="test_export_pdf" time="0.123" /><testcase classname="backend.tests.test_wc_and_attendance_lock.TestWCTableExports" name="test_export_excel" time="0.124" /><testcase classname="backend.tests.test_wc_and_attendance_lock.TestAttendanceLockScope" name="test_01_center_lock_locks_only_that_center" time="0.351" /><testcase classname="backend.tests.test_wc_and_attendance_lock.TestAttendanceLockScope" name="test_02_bulk_month_rejected_for_locked_center" time="0.121" /><testcase classname="backend.tests.test_wc_and_attendance_lock.TestAttendanceLockScope" name="test_03_bulk_month_allowed_for_unlocked_center" time="0.122" /><testcase classname="backend.tests.test_wc_and_attendance_lock.TestAttendanceLockScope" name="test_04_unlock_center_leaves_others_untouched" time="0.235" /><testcase classname="backend.tests.test_wc_and_attendance_lock.TestAttendanceLockScope" name="test_05_global_lock_affects_any_center" time="0.476" /><testcase classname="backend.tests.test_wc_and_attendance_lock.TestAttendanceLockScope" name="test_06_global_unlock_clears_lock" time="0.231" /><testcase classname="backend.tests.test_mis_wc_parity.TestParityNoOverride" name="test_parity_clean_state[2025-04]" time="3.482" /><testcase classname="backend.tests.test_mis_wc_parity.TestParityNoOverride" name="test_parity_clean_state[2025-05]" time="0.263" /><testcase classname="backend.tests.test_mis_wc_parity.TestParityNoOverride" name="test_parity_clean_state[2025-06]" time="0.237" /><testcase classname="backend.tests.test_mis_wc_parity.TestParityNoOverride" name="test_parity_clean_state[2025-07]" time="0.265" /><testcase classname="backend.tests.test_mis_wc_parity.TestParityWithOverrides" name="test_override_reflects_in_mis_summary_and_per_center" time="0.405" /><testcase classname="backend.tests.test_mis_wc_parity.TestParityWithOverrides" name="test_working_capital_reflects_forced_loss" time="0.241" /><testcase classname="backend.tests.test_historical_import.TestAuth" name="test_non_super_admin_cannot_import" time="2.797" /><testcase classname="backend.tests.test_historical_import.TestAuth" name="test_non_super_admin_cannot_clear" time="0.123" /><testcase classname="backend.tests.test_historical_import.TestImportAndSummary" name="test_import_wc_file" time="0.340" /><testcase classname="backend.tests.test_historical_import.TestImportAndSummary" name="test_import_is_idempotent" time="0.540" /><testcase classname="backend.tests.test_historical_import.TestImportAndSummary" name="test_summary_shape" time="0.115" /><testcase classname="backend.tests.test_historical_import.TestClearScope" name="test_clear_single_center_only_deletes_that_center" time="0.728" /><testcase classname="backend.tests.test_historical_import.TestWCTableMerge" name="test_wc_table_includes_historical_months_for_pb_sn" time="0.469" /><testcase classname="backend.tests.test_historical_import.TestWCTableMerge" name="test_no_double_count_when_live_data_exists" time="2.072" /><testcase classname="backend.tests.test_historical_import.TestMISMerge" name="test_mis_overview_includes_historical_month" time="0.126" /><testcase classname="backend.tests.test_historical_import.TestMISMerge" name="test_mis_working_capital_reflects_historical" time="0.226" /></testsuite></testsuites>