<?xml version="1.0" encoding="utf-8"?><testsuites name="pytest tests"><testsuite name="pytest" errors="0" failures="0" skipped="0" tests="22" time="26.589" timestamp="2026-03-27T08:24:57.280219+00:00" hostname="agent-env-952d3a42-a8bd-4a90-9c25-1a54e3da2ab4"><testcase classname="backend.tests.test_pos_billing.TestAuthentication" name="test_auth_flow" time="3.146" /><testcase classname="backend.tests.test_pos_billing.TestBillingConfig" name="test_india_center_config" time="2.419" /><testcase classname="backend.tests.test_pos_billing.TestBillingConfig" name="test_australia_center_config" time="0.160" /><testcase classname="backend.tests.test_pos_billing.TestMenuItems" name="test_get_menu_for_operational_center" time="3.286" /><testcase classname="backend.tests.test_pos_billing.TestMenuItems" name="test_menu_item_structure" time="0.122" /><testcase classname="backend.tests.test_pos_billing.TestOrderManagement" name="test_create_order" time="2.316" /><testcase classname="backend.tests.test_pos_billing.TestOrderManagement" name="test_add_items_to_order" time="0.299" /><testcase classname="backend.tests.test_pos_billing.TestOrderManagement" name="test_update_item_quantity" time="0.393" /><testcase classname="backend.tests.test_pos_billing.TestOrderManagement" name="test_cancel_order" time="0.274" /><testcase classname="backend.tests.test_pos_billing.TestOrderManagement" name="test_get_active_orders" time="0.133" /><testcase classname="backend.tests.test_pos_billing.TestKOTGeneration" name="test_generate_kot" time="1.709" /><testcase classname="backend.tests.test_pos_billing.TestKOTGeneration" name="test_kot_only_new_items" time="0.622" /><testcase classname="backend.tests.test_pos_billing.TestKOTGeneration" name="test_kot_no_new_items_error" time="0.509" /><testcase classname="backend.tests.test_pos_billing.TestBillGeneration" name="test_bill_preview_india_exclusive_gst" time="2.592" /><testcase classname="backend.tests.test_pos_billing.TestBillGeneration" name="test_bill_preview_with_discount_percentage" time="0.360" /><testcase classname="backend.tests.test_pos_billing.TestBillGeneration" name="test_bill_preview_with_fixed_discount" time="0.378" /><testcase classname="backend.tests.test_pos_billing.TestBillGeneration" name="test_generate_bill" time="0.398" /><testcase classname="backend.tests.test_pos_billing.TestBillGeneration" name="test_bill_marks_order_as_billed" time="0.509" /><testcase classname="backend.tests.test_pos_billing.TestBillVoid" name="test_void_bill_admin" time="1.896" /><testcase classname="backend.tests.test_pos_billing.TestBillsListing" name="test_list_bills_by_center_and_date" time="2.348" /><testcase classname="backend.tests.test_pos_billing.TestBillsListing" name="test_daily_report" time="0.128" /><testcase classname="backend.tests.test_pos_billing.TestGSTInclusiveCalculation" name="test_inclusive_gst_calculation" time="2.484" /></testsuite></testsuites>