<?xml version="1.0" encoding="utf-8"?><testsuites name="pytest tests"><testsuite name="pytest" errors="0" failures="0" skipped="0" tests="16" time="8.709" timestamp="2026-04-16T13:23:52.466592+00:00" hostname="agent-env-4875433f-0e5a-454b-9908-408194ac5e08"><testcase classname="backend.tests.test_dashboard_visibility_fixes.TestDailyTextGenerator" name="test_generate_daily_text_with_sales_data" time="1.910" /><testcase classname="backend.tests.test_dashboard_visibility_fixes.TestDailyTextGenerator" name="test_refresh_from_data_no_overrides" time="0.316" /><testcase classname="backend.tests.test_dashboard_visibility_fixes.TestDailyTextGenerator" name="test_daily_text_case_insensitive_center" time="0.180" /><testcase classname="backend.tests.test_dashboard_visibility_fixes.TestBillDownload" name="test_bill_list_returns_proper_fields" time="1.532" /><testcase classname="backend.tests.test_dashboard_visibility_fixes.TestBillDownload" name="test_pos_bills_normalized" time="0.178" /><testcase classname="backend.tests.test_dashboard_visibility_fixes.TestBillDownload" name="test_expense_attachments_included" time="0.116" /><testcase classname="backend.tests.test_dashboard_visibility_fixes.TestBillDownload" name="test_bill_list_all_centers_admin" time="0.121" /><testcase classname="backend.tests.test_dashboard_visibility_fixes.TestAttendanceDashboard" name="test_attendance_summary_admin" time="1.577" /><testcase classname="backend.tests.test_dashboard_visibility_fixes.TestAttendanceDashboard" name="test_attendance_center_detail" time="0.135" /><testcase classname="backend.tests.test_dashboard_visibility_fixes.TestAttendanceDashboard" name="test_attendance_monthly_grid" time="0.122" /><testcase classname="backend.tests.test_dashboard_visibility_fixes.TestAttendanceDashboard" name="test_attendance_daily_grid" time="0.115" /><testcase classname="backend.tests.test_dashboard_visibility_fixes.TestAttendanceDashboard" name="test_attendance_center_breakdown" time="0.121" /><testcase classname="backend.tests.test_dashboard_visibility_fixes.TestAttendanceDashboard" name="test_attendance_export" time="0.399" /><testcase classname="backend.tests.test_dashboard_visibility_fixes.TestOwnerDashboard" name="test_franchise_by_center" time="1.579" /><testcase classname="backend.tests.test_dashboard_visibility_fixes.TestOwnerDashboard" name="test_franchise_list" time="0.110" /><testcase classname="backend.tests.test_dashboard_visibility_fixes.TestHealthCheck" name="test_api_health" time="0.112" /></testsuite></testsuites>