<?xml version="1.0" encoding="utf-8"?><testsuites name="pytest tests"><testsuite name="pytest" errors="0" failures="0" skipped="0" tests="9" time="28.738" timestamp="2026-04-04T12:53:23.405812+00:00" hostname="agent-env-4875433f-0e5a-454b-9908-408194ac5e08"><testcase classname="backend.tests.test_iteration_55.TestCenterSettings" name="test_get_center_settings_returns_grid_hidden" time="3.303" /><testcase classname="backend.tests.test_iteration_55.TestCenterSettings" name="test_update_center_settings_grid_hidden_super_admin" time="4.070" /><testcase classname="backend.tests.test_iteration_55.TestCenterSettings" name="test_update_settings_requires_super_admin" time="3.139" /><testcase classname="backend.tests.test_iteration_55.TestBulkImportDepositedInBank" name="test_daily_sales_record_has_deposited_in_bank" time="1.538" /><testcase classname="backend.tests.test_iteration_55.TestBulkImportDepositedInBank" name="test_create_record_with_deposited_in_bank" time="2.864" /><testcase classname="backend.tests.test_iteration_55.TestRoleBasedAccess" name="test_super_admin_session_has_required_fields" time="3.464" /><testcase classname="backend.tests.test_iteration_55.TestRoleBasedAccess" name="test_bank_reconciliation_endpoint_exists" time="3.894" /><testcase classname="backend.tests.test_iteration_55.TestSalesDataEntryFields" name="test_opening_balance_auto_calculated" time="2.927" /><testcase classname="backend.tests.test_iteration_55.TestGSTCalculation" name="test_monthly_summary_includes_gst" time="3.474" /></testsuite></testsuites>