<?xml version="1.0" encoding="utf-8"?><testsuites name="pytest tests"><testsuite name="pytest" errors="0" failures="0" skipped="0" tests="23" time="14.168" timestamp="2026-02-22T04:58:10.913568+00:00" hostname="agent-env-5c1086b7-f62d-48c9-bd60-fd5eaaf0b216"><testcase classname="tests.test_bhojan_guru.TestHealthAndBasicEndpoints" name="test_health_endpoint" time="0.217" /><testcase classname="tests.test_bhojan_guru.TestHealthAndBasicEndpoints" name="test_root_endpoint" time="0.114" /><testcase classname="tests.test_bhojan_guru.TestHealthAndBasicEndpoints" name="test_centers_endpoint" time="0.109" /><testcase classname="tests.test_bhojan_guru.TestHealthAndBasicEndpoints" name="test_center_info_endpoint" time="0.104" /><testcase classname="tests.test_bhojan_guru.TestRecipeEndpoints" name="test_recipes_endpoint_returns_data" time="0.106" /><testcase classname="tests.test_bhojan_guru.TestRecipeEndpoints" name="test_recipes_count" time="0.109" /><testcase classname="tests.test_bhojan_guru.TestRecipeEndpoints" name="test_thalis_count" time="0.121" /><testcase classname="tests.test_bhojan_guru.TestRecipeEndpoints" name="test_recipe_has_ingredients_and_method" time="0.144" /><testcase classname="tests.test_bhojan_guru.TestRecipeEndpoints" name="test_multiple_recipes_structure" time="0.110" /><testcase classname="tests.test_bhojan_guru.TestDescriptionEndpoints" name="test_descriptions_endpoint_returns_data" time="0.119" /><testcase classname="tests.test_bhojan_guru.TestDescriptionEndpoints" name="test_descriptions_count" time="0.111" /><testcase classname="tests.test_bhojan_guru.TestDescriptionEndpoints" name="test_description_structure" time="0.126" /><testcase classname="tests.test_bhojan_guru.TestLoginFlow" name="test_send_otp_success" time="0.106" /><testcase classname="tests.test_bhojan_guru.TestLoginFlow" name="test_verify_otp_with_master_code" time="0.218" /><testcase classname="tests.test_bhojan_guru.TestLoginFlow" name="test_verify_otp_invalid_code" time="0.240" /><testcase classname="tests.test_bhojan_guru.TestLoginFlow" name="test_full_login_flow" time="0.349" /><testcase classname="tests.test_bhojan_guru.TestGuestAI" name="test_guest_ai_requires_auth" time="0.102" /><testcase classname="tests.test_bhojan_guru.TestGuestAI" name="test_guest_ai_with_hsr_center" time="3.431" /><testcase classname="tests.test_bhojan_guru.TestGuestAI" name="test_guest_ai_with_kalyan_center" time="2.006" /><testcase classname="tests.test_bhojan_guru.TestGuestAI" name="test_guest_ai_with_perth_center" time="1.933" /><testcase classname="tests.test_bhojan_guru.TestGuestAI" name="test_guest_ai_different_centers" time="3.725" /><testcase classname="tests.test_bhojan_guru.TestProtectedEndpoints" name="test_employees_requires_auth" time="0.101" /><testcase classname="tests.test_bhojan_guru.TestProtectedEndpoints" name="test_employees_with_valid_token" time="0.336" /></testsuite></testsuites>