<?xml version="1.0" encoding="utf-8"?><testsuites name="pytest tests"><testsuite name="pytest" errors="0" failures="0" skipped="0" tests="24" time="127.694" timestamp="2026-03-26T11:42:12.406725+00:00" hostname="agent-env-48bf4c00-8470-4084-a393-c5991643a7c8"><testcase classname="backend.tests.test_employee_transfers.TestTransferCreate" name="test_create_transfer_requires_auth" time="6.651" /><testcase classname="backend.tests.test_employee_transfers.TestTransferCreate" name="test_create_transfer_validation_same_center" time="6.000" /><testcase classname="backend.tests.test_employee_transfers.TestTransferCreate" name="test_create_transfer_validation_temporary_needs_end_date" time="8.321" /><testcase classname="backend.tests.test_employee_transfers.TestTransferCreate" name="test_create_transfer_validation_employee_not_found" time="6.794" /><testcase classname="backend.tests.test_employee_transfers.TestTransferCreate" name="test_create_transfer_validation_invalid_type" time="4.901" /><testcase classname="backend.tests.test_employee_transfers.TestTransferCreate" name="test_create_temporary_transfer_success" time="4.960" /><testcase classname="backend.tests.test_employee_transfers.TestTransferAction" name="test_action_requires_auth" time="6.761" /><testcase classname="backend.tests.test_employee_transfers.TestTransferAction" name="test_action_invalid_transfer_id" time="5.989" /><testcase classname="backend.tests.test_employee_transfers.TestTransferAction" name="test_action_invalid_action_type" time="7.280" /><testcase classname="backend.tests.test_employee_transfers.TestTransferList" name="test_list_requires_auth" time="5.697" /><testcase classname="backend.tests.test_employee_transfers.TestTransferList" name="test_list_returns_sections" time="7.505" /><testcase classname="backend.tests.test_employee_transfers.TestTransferList" name="test_list_with_center_filter" time="8.319" /><testcase classname="backend.tests.test_employee_transfers.TestTransferList" name="test_list_perth_manager_sees_own_center" time="9.142" /><testcase classname="backend.tests.test_employee_transfers.TestTransferHistory" name="test_history_requires_auth" time="3.313" /><testcase classname="backend.tests.test_employee_transfers.TestTransferHistory" name="test_history_returns_records" time="2.679" /><testcase classname="backend.tests.test_employee_transfers.TestTransferHistory" name="test_history_with_filters" time="2.269" /><testcase classname="backend.tests.test_employee_transfers.TestTransferReports" name="test_reports_requires_auth" time="3.014" /><testcase classname="backend.tests.test_employee_transfers.TestTransferReports" name="test_reports_returns_summary" time="2.210" /><testcase classname="backend.tests.test_employee_transfers.TestTransferNotifications" name="test_notifications_requires_auth" time="4.006" /><testcase classname="backend.tests.test_employee_transfers.TestTransferNotifications" name="test_notifications_returns_list" time="4.308" /><testcase classname="backend.tests.test_employee_transfers.TestTransferNotifications" name="test_mark_notifications_read" time="3.072" /><testcase classname="backend.tests.test_employee_transfers.TestTransferWorkflow" name="test_full_transfer_workflow_accept" time="6.464" /><testcase classname="backend.tests.test_employee_transfers.TestTransferWorkflow" name="test_transfer_reject_workflow" time="4.808" /><testcase classname="backend.tests.test_employee_transfers.TestEmployeeEndpoint" name="test_get_employees_for_center" time="3.141" /></testsuite></testsuites>