<?xml version="1.0" encoding="utf-8"?><testsuites name="pytest tests"><testsuite name="pytest" errors="0" failures="0" skipped="0" tests="3" time="7.189" timestamp="2026-04-04T00:18:47.312757+00:00" hostname="agent-env-e280ffbf-3dbb-4bcd-a556-f7462e2e8498"><testcase classname="backend.tests.test_anz_pdf_parsing.TestANZPDFParsing" name="test_health_check" time="0.227" /><testcase classname="backend.tests.test_anz_pdf_parsing.TestANZPDFParsing" name="test_anz_pdf_upload_returns_transactions" time="4.744" /><testcase classname="backend.tests.test_anz_pdf_parsing.TestANZPDFParsing" name="test_verify_transaction_dates_in_range" time="2.162" /></testsuite></testsuites>