<?xml version="1.0" encoding="utf-8"?><testsuites name="pytest tests"><testsuite name="pytest" errors="0" failures="0" skipped="0" tests="11" time="6.178" timestamp="2026-03-30T09:42:55.228568+00:00" hostname="agent-env-0cc1368e-40cc-4686-873c-f226ce50cdbc"><testcase classname="backend.tests.test_payslip_generation.TestPayslipEmployeesEndpoint" name="test_payslip_employees_returns_sorted_list" time="0.363" /><testcase classname="backend.tests.test_payslip_generation.TestPayslipEmployeesEndpoint" name="test_payslip_employees_different_center" time="0.246" /><testcase classname="backend.tests.test_payslip_generation.TestPayslipEmployeesEndpoint" name="test_payslip_employees_requires_auth" time="0.208" /><testcase classname="backend.tests.test_payslip_generation.TestPayslipGenerateEndpoint" name="test_payslip_generate_single_employee_sandeep_signatory" time="0.508" /><testcase classname="backend.tests.test_payslip_generation.TestPayslipGenerateEndpoint" name="test_payslip_generate_single_employee_jayanti_signatory" time="0.455" /><testcase classname="backend.tests.test_payslip_generation.TestPayslipGenerateEndpoint" name="test_payslip_generate_bulk_mode" time="1.956" /><testcase classname="backend.tests.test_payslip_generation.TestPayslipGenerateEndpoint" name="test_payslip_generate_default_signatory" time="0.478" /><testcase classname="backend.tests.test_payslip_generation.TestPayslipGenerateEndpoint" name="test_payslip_generate_requires_auth" time="0.211" /><testcase classname="backend.tests.test_payslip_generation.TestPayslipGenerateEndpoint" name="test_payslip_generate_docx_format" time="0.491" /><testcase classname="backend.tests.test_payslip_generation.TestPayslipPDFContent" name="test_pdf_size_indicates_embedded_images" time="0.510" /><testcase classname="backend.tests.test_payslip_generation.TestPayslipPDFContent" name="test_different_signatories_produce_different_pdfs" time="0.682" /></testsuite></testsuites>