<?xml version="1.0" encoding="utf-8"?><testsuites name="pytest tests"><testsuite name="pytest" errors="0" failures="0" skipped="0" tests="20" time="25.842" timestamp="2026-04-16T03:01:30.848558+00:00" hostname="agent-env-4875433f-0e5a-454b-9908-408194ac5e08"><testcase classname="backend.tests.test_food_safety_tablet_ui.TestFoodSafetyTemplateTypes" name="test_get_template_types" time="2.933" /><testcase classname="backend.tests.test_food_safety_tablet_ui.TestFoodSafetyTemplateTypes" name="test_template_types_requires_auth" time="0.136" /><testcase classname="backend.tests.test_food_safety_tablet_ui.TestFoodSafetyDashboard" name="test_dashboard_returns_data" time="2.846" /><testcase classname="backend.tests.test_food_safety_tablet_ui.TestFoodSafetyDashboard" name="test_dashboard_with_perth_center" time="0.187" /><testcase classname="backend.tests.test_food_safety_tablet_ui.TestFoodSafetyTemplateItems" name="test_list_template_items" time="1.480" /><testcase classname="backend.tests.test_food_safety_tablet_ui.TestFoodSafetyTemplateItems" name="test_list_supplier_items" time="0.142" /><testcase classname="backend.tests.test_food_safety_tablet_ui.TestFoodSafetyTemplateItems" name="test_list_cleaning_procedure_items" time="0.146" /><testcase classname="backend.tests.test_food_safety_tablet_ui.TestFoodSafetyRecords" name="test_list_records" time="3.345" /><testcase classname="backend.tests.test_food_safety_tablet_ui.TestFoodSafetyRecords" name="test_list_records_with_type_filter" time="0.173" /><testcase classname="backend.tests.test_food_safety_tablet_ui.TestFoodSafetyRecords" name="test_list_records_with_status_filter" time="0.136" /><testcase classname="backend.tests.test_food_safety_tablet_ui.TestFoodSafetyRecords" name="test_save_draft_record" time="0.329" /><testcase classname="backend.tests.test_food_safety_tablet_ui.TestFoodSafetyRecords" name="test_save_and_submit_record" time="0.358" /><testcase classname="backend.tests.test_food_safety_tablet_ui.TestFoodSafetyApprovalSettings" name="test_get_approval_settings" time="2.341" /><testcase classname="backend.tests.test_food_safety_tablet_ui.TestFoodSafetyReports" name="test_pdf_report_no_records" time="3.386" /><testcase classname="backend.tests.test_food_safety_tablet_ui.TestFoodSafetyReports" name="test_excel_report_no_records" time="0.417" /><testcase classname="backend.tests.test_food_safety_tablet_ui.TestFoodSafetyReports" name="test_pdf_report_with_records" time="0.472" /><testcase classname="backend.tests.test_food_safety_tablet_ui.TestFoodSafetyReports" name="test_excel_report_with_records" time="0.483" /><testcase classname="backend.tests.test_food_safety_tablet_ui.TestFoodSafetySeed" name="test_seed_templates" time="3.258" /><testcase classname="backend.tests.test_food_safety_tablet_ui.TestFoodSafetyErrorHandling" name="test_invalid_template_type" time="3.054" /><testcase classname="backend.tests.test_food_safety_tablet_ui.TestFoodSafetyErrorHandling" name="test_invalid_status" time="0.141" /></testsuite></testsuites>