<?xml version="1.0" encoding="utf-8"?><testsuites name="pytest tests"><testsuite name="pytest" errors="0" failures="0" skipped="0" tests="11" time="19.983" timestamp="2026-03-23T07:34:10.013258+00:00" hostname="agent-env-713203a4-b7a1-459b-a9bd-3d9017e40f05"><testcase classname="backend.tests.test_payroll_recipes_payout.TestPayrollEndpoints" name="test_payroll_status" time="2.460" /><testcase classname="backend.tests.test_payroll_recipes_payout.TestPayrollEndpoints" name="test_salary_preview" time="2.197" /><testcase classname="backend.tests.test_payroll_recipes_payout.TestPayrollEndpoints" name="test_lock_payroll" time="3.855" /><testcase classname="backend.tests.test_payroll_recipes_payout.TestRecipesEndpoints" name="test_get_recipes" time="0.114" /><testcase classname="backend.tests.test_payroll_recipes_payout.TestRecipesEndpoints" name="test_get_bhojan_guru" time="0.103" /><testcase classname="backend.tests.test_payroll_recipes_payout.TestRecipesEndpoints" name="test_recipes_search" time="0.095" /><testcase classname="backend.tests.test_payroll_recipes_payout.TestRecipesEndpoints" name="test_recipes_search_empty" time="0.121" /><testcase classname="backend.tests.test_payroll_recipes_payout.TestPayoutSummaryEndpoint" name="test_payout_summary_perth" time="3.266" /><testcase classname="backend.tests.test_payroll_recipes_payout.TestPayoutSummaryEndpoint" name="test_payout_summary_india_center" time="2.346" /><testcase classname="backend.tests.test_payroll_recipes_payout.TestPayoutSummaryEndpoint" name="test_payout_summary_with_date_range" time="3.024" /><testcase classname="backend.tests.test_payroll_recipes_payout.TestCenterAccountsSummary" name="test_account_summary_perth" time="2.285" /></testsuite></testsuites>