<?xml version="1.0" encoding="utf-8"?><testsuites name="pytest tests"><testsuite name="pytest" errors="0" failures="0" skipped="0" tests="15" time="7.901" timestamp="2026-04-04T06:56:18.852239+00:00" hostname="agent-env-4875433f-0e5a-454b-9908-408194ac5e08"><testcase classname="backend.tests.test_recalculate_cascade.TestRecalculateCascade" name="test_recalculate_endpoint_exists" time="2.533" /><testcase classname="backend.tests.test_recalculate_cascade.TestRecalculateCascade" name="test_recalculate_requires_auth" time="0.101" /><testcase classname="backend.tests.test_recalculate_cascade.TestRecalculateCascade" name="test_recalculate_requires_center" time="0.161" /><testcase classname="backend.tests.test_recalculate_cascade.TestRecalculateCascade" name="test_recalculate_pb_hsr_full_history" time="0.141" /><testcase classname="backend.tests.test_recalculate_cascade.TestRecalculateCascade" name="test_recalculate_month_param_ignored" time="0.126" /><testcase classname="backend.tests.test_recalculate_cascade.TestRecalculateCascade" name="test_recalculate_empty_center" time="0.103" /><testcase classname="backend.tests.test_recalculate_cascade.TestRecalculateCascade" name="test_verify_chain_integrity_after_recalculate" time="0.271" /><testcase classname="backend.tests.test_recalculate_cascade.TestRecalculateCascade" name="test_verify_petty_cash_chain_integrity" time="0.154" /><testcase classname="backend.tests.test_recalculate_cascade.TestRecalculateCascade" name="test_verify_closing_balance_formula" time="0.155" /><testcase classname="backend.tests.test_recalculate_cascade.TestRecalculateCascade" name="test_invalid_date_records_excluded" time="0.148" /><testcase classname="backend.tests.test_recalculate_cascade.TestRecalculateCascade" name="test_recalculate_pb_kn_center" time="0.153" /><testcase classname="backend.tests.test_recalculate_cascade.TestRecalculateResponseFormat" name="test_response_includes_total_records" time="3.365" /><testcase classname="backend.tests.test_recalculate_cascade.TestRecalculateResponseFormat" name="test_response_includes_date_range" time="0.142" /><testcase classname="backend.tests.test_recalculate_cascade.TestRecalculateResponseFormat" name="test_response_includes_success_flag" time="0.131" /><testcase classname="backend.tests.test_recalculate_cascade.TestRecalculateResponseFormat" name="test_response_includes_updated_count" time="0.145" /></testsuite></testsuites>