<?xml version="1.0" encoding="utf-8"?><testsuites name="pytest tests"><testsuite name="pytest" errors="0" failures="0" skipped="0" tests="29" time="7.679" timestamp="2026-03-29T01:16:49.908388+00:00" hostname="agent-env-3013da41-cce7-47e5-b5ab-5e1db01798be"><testcase classname="backend.tests.test_commissions_documents.TestCommissionConfig" name="test_get_default_config" time="1.694" /><testcase classname="backend.tests.test_commissions_documents.TestCommissionConfig" name="test_save_commission_config" time="0.169" /><testcase classname="backend.tests.test_commissions_documents.TestCommissionConfig" name="test_get_saved_config" time="0.113" /><testcase classname="backend.tests.test_commissions_documents.TestCommissionConfig" name="test_config_requires_auth" time="0.141" /><testcase classname="backend.tests.test_commissions_documents.TestCommissionConfig" name="test_save_config_requires_admin" time="0.107" /><testcase classname="backend.tests.test_commissions_documents.TestCommissionDashboard" name="test_dashboard_all_centers" time="0.133" /><testcase classname="backend.tests.test_commissions_documents.TestCommissionDashboard" name="test_dashboard_single_center" time="0.139" /><testcase classname="backend.tests.test_commissions_documents.TestCommissionDashboard" name="test_dashboard_with_date_range" time="0.109" /><testcase classname="backend.tests.test_commissions_documents.TestCommissionDashboard" name="test_commissions_for_mis" time="0.198" /><testcase classname="backend.tests.test_commissions_documents.TestMISIntegration" name="test_mis_overview_includes_commissions" time="0.146" /><testcase classname="backend.tests.test_commissions_documents.TestMISIntegration" name="test_mis_overview_single_center" time="0.138" /><testcase classname="backend.tests.test_commissions_documents.TestMISIntegration" name="test_mis_centers_include_commissions" time="0.141" /><testcase classname="backend.tests.test_commissions_documents.TestDocumentCategories" name="test_create_category" time="0.117" /><testcase classname="backend.tests.test_commissions_documents.TestDocumentCategories" name="test_create_employee_category" time="0.096" /><testcase classname="backend.tests.test_commissions_documents.TestDocumentCategories" name="test_list_categories" time="0.115" /><testcase classname="backend.tests.test_commissions_documents.TestDocumentCategories" name="test_list_categories_by_level" time="0.116" /><testcase classname="backend.tests.test_commissions_documents.TestDocumentCategories" name="test_invalid_level_rejected" time="0.109" /><testcase classname="backend.tests.test_commissions_documents.TestDocumentUpload" name="test_upload_document" time="0.436" /><testcase classname="backend.tests.test_commissions_documents.TestDocumentUpload" name="test_list_documents" time="0.170" /><testcase classname="backend.tests.test_commissions_documents.TestDocumentUpload" name="test_list_documents_with_filters" time="0.433" /><testcase classname="backend.tests.test_commissions_documents.TestDocumentUpload" name="test_document_stats" time="0.112" /><testcase classname="backend.tests.test_commissions_documents.TestDocumentUpload" name="test_expiring_documents" time="0.113" /><testcase classname="backend.tests.test_commissions_documents.TestDocumentApproval" name="test_approve_document" time="0.626" /><testcase classname="backend.tests.test_commissions_documents.TestDocumentApproval" name="test_reject_document" time="0.422" /><testcase classname="backend.tests.test_commissions_documents.TestDocumentApproval" name="test_invalid_action_rejected" time="0.121" /><testcase classname="backend.tests.test_commissions_documents.TestDocumentDownload" name="test_download_document" time="0.641" /><testcase classname="backend.tests.test_commissions_documents.TestDocumentDownload" name="test_download_requires_auth" time="0.114" /><testcase classname="backend.tests.test_commissions_documents.TestDocumentDownload" name="test_download_nonexistent_document" time="0.125" /><testcase classname="backend.tests.test_commissions_documents.TestCleanup" name="test_delete_test_documents" time="0.456" /></testsuite></testsuites>