<?xml version="1.0" encoding="utf-8"?><testsuites name="pytest tests"><testsuite name="pytest" errors="0" failures="0" skipped="0" tests="10" time="5.561" timestamp="2026-04-11T15:08:25.384294+00:00" hostname="agent-env-4875433f-0e5a-454b-9908-408194ac5e08"><testcase classname="backend.tests.test_international_payslip_generation.TestInternationalPayslipGeneration" name="test_payslip_employees_australia_center" time="2.517" /><testcase classname="backend.tests.test_international_payslip_generation.TestInternationalPayslipGeneration" name="test_payslip_employees_india_center" time="0.302" /><testcase classname="backend.tests.test_international_payslip_generation.TestInternationalPayslipGeneration" name="test_payslip_employees_australia_has_8_employees" time="0.194" /><testcase classname="backend.tests.test_international_payslip_generation.TestInternationalPayslipGeneration" name="test_payslips_generate_australia_single_employee" time="0.254" /><testcase classname="backend.tests.test_international_payslip_generation.TestInternationalPayslipGeneration" name="test_payslips_generate_australia_bulk" time="1.011" /><testcase classname="backend.tests.test_international_payslip_generation.TestInternationalPayslipGeneration" name="test_australian_payslip_pdf_valid_structure" time="0.245" /><testcase classname="backend.tests.test_international_payslip_generation.TestInternationalPayslipGeneration" name="test_payslips_generate_india_single_employee" time="0.401" /><testcase classname="backend.tests.test_international_payslip_generation.TestInternationalPayslipGeneration" name="test_indian_payslip_pdf_valid_structure" time="0.370" /><testcase classname="backend.tests.test_international_payslip_generation.TestInternationalPayslipGeneration" name="test_payslips_generate_invalid_employee_name" time="0.097" /><testcase classname="backend.tests.test_international_payslip_generation.TestInternationalPayslipGeneration" name="test_payslips_generate_unauthorized" time="0.099" /></testsuite></testsuites>