<?xml version="1.0" encoding="utf-8"?><testsuites name="pytest tests"><testsuite name="pytest" errors="0" failures="0" skipped="0" tests="8" time="9.976" timestamp="2026-03-26T08:43:56.299299+00:00" hostname="agent-env-48bf4c00-8470-4084-a393-c5991643a7c8"><testcase classname="tests.test_international_attendance_rate.TestInternationalAttendanceUpdateRate" name="test_international_centers_endpoint" time="3.394" /><testcase classname="tests.test_international_attendance_rate.TestInternationalAttendanceUpdateRate" name="test_week_data_loads_correctly" time="0.102" /><testcase classname="tests.test_international_attendance_rate.TestInternationalAttendanceUpdateRate" name="test_update_rate_endpoint_success" time="0.306" /><testcase classname="tests.test_international_attendance_rate.TestInternationalAttendanceUpdateRate" name="test_update_rate_negative_rate_rejected" time="0.097" /><testcase classname="tests.test_international_attendance_rate.TestInternationalAttendanceUpdateRate" name="test_update_rate_unauthorized_center" time="0.105" /><testcase classname="tests.test_international_attendance_rate.TestPayslipPDFGeneration" name="test_payslip_pdf_generation_success" time="2.823" /><testcase classname="tests.test_international_attendance_rate.TestPayslipPDFGeneration" name="test_payslip_pdf_for_indian_center" time="0.143" /><testcase classname="tests.test_international_attendance_rate.TestDuplicatePerthCenterFix" name="test_only_one_perth_center_in_centers_list" time="2.940" /></testsuite></testsuites>