<?xml version="1.0" encoding="utf-8"?><testsuites name="pytest tests"><testsuite name="pytest" errors="0" failures="0" skipped="0" tests="12" time="23.026" timestamp="2026-03-29T09:38:55.683440+00:00" hostname="agent-env-9eb29904-6415-4eca-8109-c24c4ae7a9a6"><testcase classname="backend.tests.test_owner_dashboard_fixes.TestAuthentication" name="test_auth_flow" time="2.280" /><testcase classname="backend.tests.test_owner_dashboard_fixes.TestMISOverviewAPI" name="test_overview_returns_summary_key" time="3.149" /><testcase classname="backend.tests.test_owner_dashboard_fixes.TestMISOverviewAPI" name="test_overview_returns_changes_key" time="0.142" /><testcase classname="backend.tests.test_owner_dashboard_fixes.TestMISOverviewAPI" name="test_overview_returns_period_info" time="0.103" /><testcase classname="backend.tests.test_owner_dashboard_fixes.TestMISOverviewAPI" name="test_overview_has_nonzero_values_for_hsr" time="0.138" /><testcase classname="backend.tests.test_owner_dashboard_fixes.TestExpenseAnalysisAPI" name="test_expense_analysis_uses_amount_key" time="3.142" /><testcase classname="backend.tests.test_owner_dashboard_fixes.TestWorkingCapitalAPI" name="test_working_capital_structure" time="3.261" /><testcase classname="backend.tests.test_owner_dashboard_fixes.TestFranchiseExitListFiltering" name="test_exit_list_returns_success" time="2.194" /><testcase classname="backend.tests.test_owner_dashboard_fixes.TestFranchiseExitListFiltering" name="test_exit_list_structure" time="0.123" /><testcase classname="backend.tests.test_owner_dashboard_fixes.TestSalesTrendsAPI" name="test_sales_trends_structure" time="3.020" /><testcase classname="backend.tests.test_owner_dashboard_fixes.TestCentersAPI" name="test_centers_list" time="2.179" /><testcase classname="backend.tests.test_owner_dashboard_fixes.TestFranchiseByCenter" name="test_franchise_by_center" time="3.220" /></testsuite></testsuites>