<?xml version="1.0" encoding="utf-8"?><testsuites name="pytest tests"><testsuite name="pytest" errors="0" failures="0" skipped="0" tests="11" time="26.618" timestamp="2026-03-29T01:47:07.325040+00:00" hostname="agent-env-3013da41-cce7-47e5-b5ab-5e1db01798be"><testcase classname="backend.tests.test_franchise_document_integration.TestFranchiseDocumentIntegration" name="test_document_categories_list_franchise_level" time="3.133" /><testcase classname="backend.tests.test_franchise_document_integration.TestFranchiseDocumentIntegration" name="test_franchise_detail_exists" time="3.088" /><testcase classname="backend.tests.test_franchise_document_integration.TestFranchiseDocumentIntegration" name="test_document_upload_for_franchise" time="1.872" /><testcase classname="backend.tests.test_franchise_document_integration.TestFranchiseDocumentIntegration" name="test_document_download_with_auth" time="2.015" /><testcase classname="backend.tests.test_franchise_document_integration.TestFranchiseDocumentIntegration" name="test_document_delete_from_franchise" time="2.000" /><testcase classname="backend.tests.test_franchise_document_integration.TestRegressionCommissionTracking" name="test_commission_config_get" time="1.448" /><testcase classname="backend.tests.test_franchise_document_integration.TestRegressionCommissionTracking" name="test_commission_dashboard" time="3.140" /><testcase classname="backend.tests.test_franchise_document_integration.TestRegressionDocumentManagement" name="test_document_stats" time="1.405" /><testcase classname="backend.tests.test_franchise_document_integration.TestRegressionDocumentManagement" name="test_document_expiring" time="3.071" /><testcase classname="backend.tests.test_franchise_document_integration.TestRegressionDocumentManagement" name="test_document_categories_all" time="3.120" /><testcase classname="backend.tests.test_franchise_document_integration.TestRegressionMISDashboard" name="test_mis_overview_includes_commissions" time="2.264" /></testsuite></testsuites>