<?xml version="1.0" encoding="utf-8"?><testsuites name="pytest tests"><testsuite name="pytest" errors="0" failures="0" skipped="0" tests="12" time="14.388" timestamp="2026-04-04T10:01:27.613837+00:00" hostname="agent-env-4875433f-0e5a-454b-9908-408194ac5e08"><testcase classname="backend.tests.test_wc_table_override.TestWCTableEndpoint" name="test_wc_table_endpoint_exists" time="3.652" /><testcase classname="backend.tests.test_wc_table_override.TestWCTableEndpoint" name="test_wc_table_returns_month_data" time="0.107" /><testcase classname="backend.tests.test_wc_table_override.TestWCTableEndpoint" name="test_wc_table_closing_wc_formula" time="0.112" /><testcase classname="backend.tests.test_wc_table_override.TestWCTableEndpoint" name="test_wc_table_diff_from_initial" time="0.101" /><testcase classname="backend.tests.test_wc_table_override.TestWCTableEndpoint" name="test_wc_table_requires_auth" time="0.133" /><testcase classname="backend.tests.test_wc_table_override.TestWCOverrideEndpoint" name="test_wc_override_set_initial_wc" time="3.645" /><testcase classname="backend.tests.test_wc_table_override.TestWCOverrideEndpoint" name="test_wc_override_set_month_override" time="0.314" /><testcase classname="backend.tests.test_wc_table_override.TestWCOverrideEndpoint" name="test_wc_override_requires_value" time="0.097" /><testcase classname="backend.tests.test_wc_table_override.TestWCOverrideEndpoint" name="test_wc_override_requires_auth" time="0.099" /><testcase classname="backend.tests.test_wc_table_override.TestWCTableChaining" name="test_wc_chaining_between_months" time="2.676" /><testcase classname="backend.tests.test_wc_table_override.TestWCTableChaining" name="test_first_month_uses_initial_wc" time="0.103" /><testcase classname="backend.tests.test_wc_table_override.TestCleanup" name="test_reset_initial_wc" time="3.277" /></testsuite></testsuites>