<?xml version="1.0" encoding="utf-8"?><testsuites name="pytest tests"><testsuite name="pytest" errors="0" failures="0" skipped="0" tests="10" time="8.017" timestamp="2026-05-10T01:23:19.716414+00:00" hostname="agent-env-4875433f-0e5a-454b-9908-408194ac5e08"><testcase classname="backend.tests.test_menu_config.TestGetMenuConfig" name="test_get_requires_valid_token" time="0.264" /><testcase classname="backend.tests.test_menu_config.TestGetMenuConfig" name="test_get_super_admin_returns_shape" time="3.253" /><testcase classname="backend.tests.test_menu_config.TestGetMenuConfig" name="test_get_franchise_owner_can_read" time="3.021" /><testcase classname="backend.tests.test_menu_config.TestValidRoles" name="test_valid_roles_catalog" time="0.166" /><testcase classname="backend.tests.test_menu_config.TestValidRoles" name="test_valid_roles_requires_auth" time="0.103" /><testcase classname="backend.tests.test_menu_config.TestSaveMenuConfig" name="test_save_forbidden_for_franchise_owner" time="0.103" /><testcase classname="backend.tests.test_menu_config.TestSaveMenuConfig" name="test_save_super_admin_persists" time="0.266" /><testcase classname="backend.tests.test_menu_config.TestSaveMenuConfig" name="test_save_sanitizes_invalid_roles" time="0.227" /><testcase classname="backend.tests.test_menu_config.TestResetMenuConfig" name="test_reset_forbidden_for_franchise_owner" time="0.104" /><testcase classname="backend.tests.test_menu_config.TestResetMenuConfig" name="test_reset_super_admin_clears_overrides" time="0.444" /></testsuite></testsuites>