<?xml version="1.0" encoding="utf-8"?><testsuites name="pytest tests"><testsuite name="pytest" errors="0" failures="0" skipped="0" tests="12" time="5.935" timestamp="2026-02-22T07:51:04.239831+00:00" hostname="agent-env-cfa48247-fe73-492e-b2c8-33be7e374430"><testcase classname="tests.test_bhojan_guru_salary.TestBhojanGuruAPIs" name="test_health_check" time="0.183" /><testcase classname="tests.test_bhojan_guru_salary.TestBhojanGuruAPIs" name="test_bhojan_guru_main_endpoint" time="0.108" /><testcase classname="tests.test_bhojan_guru_salary.TestBhojanGuruAPIs" name="test_bhojan_guru_region_all_days" time="0.752" /><testcase classname="tests.test_bhojan_guru_salary.TestBhojanGuruAPIs" name="test_bhojan_guru_region_case_insensitive" time="0.305" /><testcase classname="tests.test_bhojan_guru_salary.TestBhojanGuruAPIs" name="test_bhojan_guru_body_need_default_params" time="0.096" /><testcase classname="tests.test_bhojan_guru_salary.TestBhojanGuruAPIs" name="test_bhojan_guru_body_need_custom_params" time="0.093" /><testcase classname="tests.test_bhojan_guru_salary.TestBhojanGuruAPIs" name="test_bhojan_guru_body_need_all_options" time="0.379" /><testcase classname="tests.test_bhojan_guru_salary.TestSalaryExcelGeneration" name="test_salary_excel_narr_columns" time="3.250" /><testcase classname="tests.test_bhojan_guru_salary.TestSalaryExcelGeneration" name="test_salary_excel_headers" time="0.168" /><testcase classname="tests.test_bhojan_guru_salary.TestSalaryExcelGeneration" name="test_salary_preview" time="0.146" /><testcase classname="tests.test_bhojan_guru_salary.TestRecipesAndDescriptions" name="test_get_recipes" time="0.108" /><testcase classname="tests.test_bhojan_guru_salary.TestRecipesAndDescriptions" name="test_get_descriptions" time="0.112" /></testsuite></testsuites>