<?xml version="1.0" encoding="utf-8"?><testsuites name="pytest tests"><testsuite name="pytest" errors="0" failures="0" skipped="0" tests="15" time="21.750" timestamp="2026-03-28T07:29:09.342333+00:00" hostname="agent-env-3013da41-cce7-47e5-b5ab-5e1db01798be"><testcase classname="backend.tests.test_pos_billing_and_attendance.TestMasterDataEndpoints" name="test_get_payment_modes" time="0.118" /><testcase classname="backend.tests.test_pos_billing_and_attendance.TestMasterDataEndpoints" name="test_get_order_types" time="0.098" /><testcase classname="backend.tests.test_pos_billing_and_attendance.TestMasterDataEndpoints" name="test_get_discount_types" time="0.100" /><testcase classname="backend.tests.test_pos_billing_and_attendance.TestAuthentication" name="test_auth_flow" time="3.121" /><testcase classname="backend.tests.test_pos_billing_and_attendance.TestPOSTableListing" name="test_list_tables_for_center_with_tables" time="3.132" /><testcase classname="backend.tests.test_pos_billing_and_attendance.TestPOSTableListing" name="test_list_tables_for_center_without_tables" time="0.096" /><testcase classname="backend.tests.test_pos_billing_and_attendance.TestPOSOrderFlow" name="test_create_delivery_order" time="2.291" /><testcase classname="backend.tests.test_pos_billing_and_attendance.TestPOSOrderFlow" name="test_create_takeaway_order" time="0.103" /><testcase classname="backend.tests.test_pos_billing_and_attendance.TestPOSOrderFlow" name="test_delivery_order_requires_customer_info" time="0.104" /><testcase classname="backend.tests.test_pos_billing_and_attendance.TestPOSOrderFlow" name="test_full_order_flow_with_kot_and_bill" time="0.485" /><testcase classname="backend.tests.test_pos_billing_and_attendance.TestPOSMenu" name="test_get_pos_menu" time="3.150" /><testcase classname="backend.tests.test_pos_billing_and_attendance.TestAttendanceTransferAwareness" name="test_monthly_grid_endpoint" time="2.417" /><testcase classname="backend.tests.test_pos_billing_and_attendance.TestAttendanceTransferAwareness" name="test_attendance_month_endpoint" time="0.101" /><testcase classname="backend.tests.test_pos_billing_and_attendance.TestPOSCancelReasons" name="test_list_cancel_reasons" time="3.051" /><testcase classname="backend.tests.test_pos_billing_and_attendance.TestPOSBillingConfig" name="test_get_billing_config" time="3.300" /></testsuite></testsuites>