<?xml version="1.0" encoding="utf-8"?><testsuites name="pytest tests"><testsuite name="pytest" errors="0" failures="0" skipped="0" tests="6" time="7.319" timestamp="2026-03-27T09:42:28.155142+00:00" hostname="agent-env-952d3a42-a8bd-4a90-9c25-1a54e3da2ab4"><testcase classname="backend.tests.test_pos_billing_sidebar.TestAuthentication" name="test_login_success" time="2.333" /><testcase classname="backend.tests.test_pos_billing_sidebar.TestBillingEndpoints" name="test_billing_menu_endpoint" time="1.529" /><testcase classname="backend.tests.test_pos_billing_sidebar.TestBillingEndpoints" name="test_billing_order_create" time="0.276" /><testcase classname="backend.tests.test_pos_billing_sidebar.TestMISDashboard" name="test_mis_overview_endpoint" time="2.864" /><testcase classname="backend.tests.test_pos_billing_sidebar.TestMISDashboard" name="test_mis_working_capital_endpoint" time="0.128" /><testcase classname="backend.tests.test_pos_billing_sidebar.TestCentersEndpoint" name="test_centers_list" time="0.129" /></testsuite></testsuites>