<?xml version="1.0" encoding="utf-8"?><testsuites name="pytest tests"><testsuite name="pytest" errors="0" failures="0" skipped="0" tests="15" time="17.907" timestamp="2026-04-08T07:05:28.989299+00:00" hostname="agent-env-4875433f-0e5a-454b-9908-408194ac5e08"><testcase classname="backend.tests.test_australian_reverse_payroll.TestReversePayrollCalculate" name="test_reverse_payroll_with_20_per_hour_target" time="2.201" /><testcase classname="backend.tests.test_australian_reverse_payroll.TestReversePayrollCalculate" name="test_net_pay_equals_target_times_hours" time="0.105" /><testcase classname="backend.tests.test_australian_reverse_payroll.TestReversePayrollCalculate" name="test_superannuation_on_top_of_gross" time="0.102" /><testcase classname="backend.tests.test_australian_reverse_payroll.TestReversePayrollCalculate" name="test_reverse_payroll_default_hours" time="0.143" /><testcase classname="backend.tests.test_australian_reverse_payroll.TestPayrollReport" name="test_payroll_report_week_labels_april_2026" time="2.726" /><testcase classname="backend.tests.test_australian_reverse_payroll.TestPayrollReport" name="test_payroll_report_week_labels_january_2026" time="0.165" /><testcase classname="backend.tests.test_australian_reverse_payroll.TestPayrollReport" name="test_payroll_report_structure" time="0.107" /><testcase classname="backend.tests.test_australian_reverse_payroll.TestPayrollReportPDF" name="test_payroll_report_pdf_generation" time="3.759" /><testcase classname="backend.tests.test_australian_reverse_payroll.TestWeekDateLogic" name="test_week_data_endpoint_week_boundaries" time="2.817" /><testcase classname="backend.tests.test_australian_reverse_payroll.TestPAYGTaxBrackets" name="test_tax_free_threshold" time="2.627" /><testcase classname="backend.tests.test_australian_reverse_payroll.TestPAYGTaxBrackets" name="test_higher_income_has_tax" time="0.103" /><testcase classname="backend.tests.test_australian_reverse_payroll.TestMedicareLevy" name="test_medicare_levy_rate" time="2.635" /><testcase classname="backend.tests.test_australian_reverse_payroll.TestAuthRequired" name="test_reverse_payroll_requires_auth" time="0.094" /><testcase classname="backend.tests.test_australian_reverse_payroll.TestAuthRequired" name="test_payroll_report_requires_auth" time="0.107" /><testcase classname="backend.tests.test_australian_reverse_payroll.TestAuthRequired" name="test_payroll_report_pdf_requires_auth" time="0.099" /></testsuite></testsuites>