<?xml version="1.0" encoding="utf-8"?><testsuites name="pytest tests"><testsuite name="pytest" errors="0" failures="0" skipped="0" tests="34" time="33.714" timestamp="2026-03-28T04:10:26.934923+00:00" hostname="agent-env-752eda08-6b45-4624-b19a-be72f024d6ee"><testcase classname="backend.tests.test_billing_config_pos_p0.TestAuthentication" name="test_auth_flow" time="3.237" /><testcase classname="backend.tests.test_billing_config_pos_p0.TestTableManagement" name="test_list_tables_for_center" time="3.283" /><testcase classname="backend.tests.test_billing_config_pos_p0.TestTableManagement" name="test_create_table" time="0.226" /><testcase classname="backend.tests.test_billing_config_pos_p0.TestTableManagement" name="test_create_table_duplicate_fails" time="0.211" /><testcase classname="backend.tests.test_billing_config_pos_p0.TestTableManagement" name="test_create_table_missing_fields_fails" time="0.206" /><testcase classname="backend.tests.test_billing_config_pos_p0.TestTableManagement" name="test_delete_table" time="0.322" /><testcase classname="backend.tests.test_billing_config_pos_p0.TestCancellationReasons" name="test_list_cancel_reasons" time="2.381" /><testcase classname="backend.tests.test_billing_config_pos_p0.TestCancellationReasons" name="test_list_cancel_reasons_by_type" time="0.334" /><testcase classname="backend.tests.test_billing_config_pos_p0.TestCancellationReasons" name="test_create_cancel_reason_order" time="0.119" /><testcase classname="backend.tests.test_billing_config_pos_p0.TestCancellationReasons" name="test_create_cancel_reason_bill" time="0.375" /><testcase classname="backend.tests.test_billing_config_pos_p0.TestCancellationReasons" name="test_create_cancel_reason_kot" time="0.106" /><testcase classname="backend.tests.test_billing_config_pos_p0.TestCancellationReasons" name="test_create_cancel_reason_invalid_type_fails" time="0.094" /><testcase classname="backend.tests.test_billing_config_pos_p0.TestCancellationReasons" name="test_delete_cancel_reason" time="0.208" /><testcase classname="backend.tests.test_billing_config_pos_p0.TestMenuCategories" name="test_list_categories" time="3.144" /><testcase classname="backend.tests.test_billing_config_pos_p0.TestMenuCategories" name="test_create_category" time="0.105" /><testcase classname="backend.tests.test_billing_config_pos_p0.TestMenuCategories" name="test_create_duplicate_category_fails" time="0.214" /><testcase classname="backend.tests.test_billing_config_pos_p0.TestMenuCategories" name="test_delete_category" time="0.236" /><testcase classname="backend.tests.test_billing_config_pos_p0.TestPOSDineInWorkflow" name="test_dinein_without_table_fails" time="3.016" /><testcase classname="backend.tests.test_billing_config_pos_p0.TestPOSDineInWorkflow" name="test_dinein_without_guest_count_fails" time="0.106" /><testcase classname="backend.tests.test_billing_config_pos_p0.TestPOSDineInWorkflow" name="test_dinein_with_zero_guest_count_fails" time="0.097" /><testcase classname="backend.tests.test_billing_config_pos_p0.TestPOSDineInWorkflow" name="test_dinein_with_table_and_guest_succeeds" time="0.108" /><testcase classname="backend.tests.test_billing_config_pos_p0.TestPOSDineInWorkflow" name="test_dinein_with_table_id_succeeds" time="0.221" /><testcase classname="backend.tests.test_billing_config_pos_p0.TestPOSTakeawayDeliveryWorkflow" name="test_takeaway_without_customer_name_fails" time="3.186" /><testcase classname="backend.tests.test_billing_config_pos_p0.TestPOSTakeawayDeliveryWorkflow" name="test_takeaway_without_customer_phone_fails" time="0.105" /><testcase classname="backend.tests.test_billing_config_pos_p0.TestPOSTakeawayDeliveryWorkflow" name="test_takeaway_with_customer_details_succeeds" time="0.126" /><testcase classname="backend.tests.test_billing_config_pos_p0.TestPOSTakeawayDeliveryWorkflow" name="test_delivery_without_customer_name_fails" time="0.119" /><testcase classname="backend.tests.test_billing_config_pos_p0.TestPOSTakeawayDeliveryWorkflow" name="test_delivery_with_customer_details_succeeds" time="0.106" /><testcase classname="backend.tests.test_billing_config_pos_p0.TestOrderCancellationWithReason" name="test_cancel_order_without_reason_fails" time="3.304" /><testcase classname="backend.tests.test_billing_config_pos_p0.TestOrderCancellationWithReason" name="test_cancel_order_with_reason_id_succeeds" time="0.365" /><testcase classname="backend.tests.test_billing_config_pos_p0.TestOrderCancellationWithReason" name="test_cancel_order_with_free_text_reason_succeeds" time="0.234" /><testcase classname="backend.tests.test_billing_config_pos_p0.TestBillVoidWithReason" name="test_void_bill_without_reason_fails" time="2.768" /><testcase classname="backend.tests.test_billing_config_pos_p0.TestBillVoidWithReason" name="test_void_bill_with_reason_id_succeeds" time="0.548" /><testcase classname="backend.tests.test_billing_config_pos_p0.TestKOTCancellationWithReason" name="test_cancel_kot_without_reason_fails" time="3.566" /><testcase classname="backend.tests.test_billing_config_pos_p0.TestKOTCancellationWithReason" name="test_cancel_kot_with_reason_succeeds" time="0.871" /></testsuite></testsuites>