<?xml version="1.0" encoding="utf-8"?><testsuites name="pytest tests"><testsuite name="pytest" errors="0" failures="0" skipped="0" tests="11" time="26.640" timestamp="2026-03-27T09:17:02.683836+00:00" hostname="agent-env-952d3a42-a8bd-4a90-9c25-1a54e3da2ab4"><testcase classname="backend.tests.test_mis_profit_removal.TestMISProfitRemoval" name="test_mis_overview_returns_data" time="1.464" /><testcase classname="backend.tests.test_mis_profit_removal.TestMISProfitRemoval" name="test_mis_quarterly_returns_data" time="2.964" /><testcase classname="backend.tests.test_mis_profit_removal.TestMISProfitRemoval" name="test_mis_sales_trends_returns_data" time="1.505" /><testcase classname="backend.tests.test_mis_profit_removal.TestMISProfitRemoval" name="test_mis_center_comparison_returns_data" time="3.077" /><testcase classname="backend.tests.test_mis_profit_removal.TestMISProfitRemoval" name="test_mis_top_performers_uses_sales_ranking" time="1.477" /><testcase classname="backend.tests.test_mis_profit_removal.TestMISProfitRemoval" name="test_mis_working_capital_returns_data" time="3.180" /><testcase classname="backend.tests.test_mis_profit_removal.TestMISProfitRemoval" name="test_mis_pdf_download_generates_valid_pdf" time="3.274" /><testcase classname="backend.tests.test_mis_profit_removal.TestMISProfitRemoval" name="test_mis_pdf_content_no_profit_columns" time="3.066" /><testcase classname="backend.tests.test_mis_profit_removal.TestMISProfitRemoval" name="test_centers_dropdown_from_db" time="1.388" /><testcase classname="backend.tests.test_mis_profit_removal.TestFranchiseOwnerDashboard" name="test_franchise_owner_overview_data" time="2.228" /><testcase classname="backend.tests.test_mis_profit_removal.TestFranchiseOwnerDashboard" name="test_franchise_owner_working_capital" time="2.965" /></testsuite></testsuites>