<?xml version="1.0" encoding="utf-8"?><testsuites name="pytest tests"><testsuite name="pytest" errors="0" failures="0" skipped="0" tests="17" time="7.034" timestamp="2026-04-21T21:27:24.269799+00:00" hostname="agent-env-4875433f-0e5a-454b-9908-408194ac5e08"><testcase classname="tests.test_wc_target_expenses.TestTargetExpensesContract" name="test_save_target_creates_intra_on_last_day" time="1.454" /><testcase classname="tests.test_wc_target_expenses.TestTargetExpensesContract" name="test_wc_table_returns_target_no_double_count" time="0.234" /><testcase classname="tests.test_wc_target_expenses.TestTargetExpensesContract" name="test_repeated_saves_replace_intra" time="0.372" /><testcase classname="tests.test_wc_target_expenses.TestTargetExpensesContract" name="test_target_equal_real_deletes_intra" time="0.239" /><testcase classname="tests.test_wc_target_expenses.TestTargetExpensesContract" name="test_wc_adjustment_only_no_db_expense" time="0.123" /><testcase classname="tests.test_wc_target_expenses.TestEdgeCases" name="test_leap_year_feb_29" time="0.135" /><testcase classname="tests.test_wc_target_expenses.TestEdgeCases" name="test_month_with_no_real_expenses_creates_positive_intra" time="0.112" /><testcase classname="tests.test_wc_and_attendance_lock.TestWCRowSaveAutoExpense" name="test_wc_row_save_creates_intra_expense" time="2.200" /><testcase classname="tests.test_wc_and_attendance_lock.TestWCRowSaveAutoExpense" name="test_wc_row_save_replaces_prior_intra_entry" time="0.138" /><testcase classname="tests.test_wc_and_attendance_lock.TestWCTableExports" name="test_export_pdf" time="0.162" /><testcase classname="tests.test_wc_and_attendance_lock.TestWCTableExports" name="test_export_excel" time="0.197" /><testcase classname="tests.test_wc_and_attendance_lock.TestAttendanceLockScope" name="test_01_center_lock_locks_only_that_center" time="0.343" /><testcase classname="tests.test_wc_and_attendance_lock.TestAttendanceLockScope" name="test_02_bulk_month_rejected_for_locked_center" time="0.110" /><testcase classname="tests.test_wc_and_attendance_lock.TestAttendanceLockScope" name="test_03_bulk_month_allowed_for_unlocked_center" time="0.130" /><testcase classname="tests.test_wc_and_attendance_lock.TestAttendanceLockScope" name="test_04_unlock_center_leaves_others_untouched" time="0.229" /><testcase classname="tests.test_wc_and_attendance_lock.TestAttendanceLockScope" name="test_05_global_lock_affects_any_center" time="0.416" /><testcase classname="tests.test_wc_and_attendance_lock.TestAttendanceLockScope" name="test_06_global_unlock_clears_lock" time="0.309" /></testsuite></testsuites>