<?xml version="1.0" encoding="utf-8"?><testsuites name="pytest tests"><testsuite name="pytest" errors="0" failures="0" skipped="0" tests="9" time="27.848" timestamp="2026-04-04T10:33:35.076415+00:00" hostname="agent-env-4875433f-0e5a-454b-9908-408194ac5e08"><testcase classname="backend.tests.test_sales_delete_range.TestSalesDeleteRange" name="test_delete_range_single_month" time="3.249" /><testcase classname="backend.tests.test_sales_delete_range.TestSalesDeleteRange" name="test_delete_range_month_range" time="3.399" /><testcase classname="backend.tests.test_sales_delete_range.TestSalesDeleteRange" name="test_delete_range_no_records" time="3.094" /><testcase classname="backend.tests.test_sales_delete_range.TestSalesDeleteRange" name="test_delete_range_requires_auth" time="3.270" /><testcase classname="backend.tests.test_sales_delete_range.TestSalesGridColumns" name="test_daily_sales_fields_exist" time="3.038" /><testcase classname="backend.tests.test_sales_delete_range.TestSalesGridColumns" name="test_calculated_fields_formula" time="2.514" /><testcase classname="backend.tests.test_sales_delete_range.TestSalesGridColumns" name="test_update_opening_balance" time="3.050" /><testcase classname="backend.tests.test_sales_delete_range.TestSalesGridColumns" name="test_update_petty_cash_opening" time="2.671" /><testcase classname="backend.tests.test_sales_delete_range.TestSalesGridColumns" name="test_update_cash_expense" time="3.498" /></testsuite></testsuites>