<?xml version="1.0" encoding="utf-8"?><testsuites name="pytest tests"><testsuite name="pytest" errors="0" failures="0" skipped="0" tests="10" time="27.294" timestamp="2026-04-04T06:34:55.102152+00:00" hostname="agent-env-e280ffbf-3dbb-4bcd-a556-f7462e2e8498"><testcase classname="backend.tests.test_wc_month_by_month.TestWCMonthByMonth" name="test_summary_returns_wc_standing_fields" time="1.697" /><testcase classname="backend.tests.test_wc_month_by_month.TestWCMonthByMonth" name="test_closing_wc_equals_opening_plus_pnl" time="3.160" /><testcase classname="backend.tests.test_wc_month_by_month.TestWCMonthByMonth" name="test_opening_wc_from_previous_months" time="3.261" /><testcase classname="backend.tests.test_wc_month_by_month.TestWCMonthByMonth" name="test_diff_from_initial_calculation" time="2.981" /><testcase classname="backend.tests.test_wc_month_by_month.TestWCMonthByMonth" name="test_total_effective_loans_calculation" time="3.048" /><testcase classname="backend.tests.test_wc_month_by_month.TestWCMonthByMonth" name="test_wc_status_healthy" time="3.088" /><testcase classname="backend.tests.test_wc_month_by_month.TestWCMonthByMonth" name="test_this_month_pnl_components" time="2.283" /><testcase classname="backend.tests.test_wc_month_by_month.TestWCStatusThresholds" name="test_wc_percentage_calculation" time="3.057" /><testcase classname="backend.tests.test_wc_month_by_month.TestWCStatusThresholds" name="test_revenue_share_active_flag" time="3.085" /><testcase classname="backend.tests.test_wc_month_by_month.TestAPIResponseStructure" name="test_full_response_structure" time="1.552" /></testsuite></testsuites>