<?xml version="1.0" encoding="utf-8"?><testsuites name="pytest tests"><testsuite name="pytest" errors="0" failures="0" skipped="1" tests="23" time="7.264" timestamp="2026-03-22T09:57:43.529655+00:00" hostname="agent-env-1fa708e9-31f6-4381-8fb8-aa72c7595a7b"><testcase classname="backend.tests.test_franchise_exit.TestAuthentication" name="test_list_exits_requires_auth" time="0.142" /><testcase classname="backend.tests.test_franchise_exit.TestAuthentication" name="test_list_exits_invalid_token" time="0.096" /><testcase classname="backend.tests.test_franchise_exit.TestListExits" name="test_list_all_exits" time="3.062" /><testcase classname="backend.tests.test_franchise_exit.TestListExits" name="test_list_exits_by_status" time="0.101" /><testcase classname="backend.tests.test_franchise_exit.TestInitiateExit" name="test_initiate_exit_missing_fields" time="0.101" /><testcase classname="backend.tests.test_franchise_exit.TestInitiateExit" name="test_initiate_exit_invalid_franchise" time="0.095" /><testcase classname="backend.tests.test_franchise_exit.TestInitiateExit" name="test_initiate_exit_success" time="0.096" /><testcase classname="backend.tests.test_franchise_exit.TestGetExitDetails" name="test_get_exit_not_found" time="0.105" /><testcase classname="backend.tests.test_franchise_exit.TestGetExitDetails" name="test_get_existing_exit" time="0.210" /><testcase classname="backend.tests.test_franchise_exit.TestAssetHandover" name="test_update_asset_handover" time="0.194" /><testcase classname="backend.tests.test_franchise_exit.TestFinancialSettlement" name="test_update_financial_settlement" time="0.201" /><testcase classname="backend.tests.test_franchise_exit.TestSignatures" name="test_add_franchisor_signature" time="0.204" /><testcase classname="backend.tests.test_franchise_exit.TestSignatures" name="test_add_franchisee_signature" time="0.191" /><testcase classname="backend.tests.test_franchise_exit.TestSignatures" name="test_invalid_signer_role" time="0.196" /><testcase classname="backend.tests.test_franchise_exit.TestCompliance" name="test_update_compliance" time="0.230" /><testcase classname="backend.tests.test_franchise_exit.TestPDFGeneration" name="test_generate_exit_agreement_pdf" time="0.273" /><testcase classname="backend.tests.test_franchise_exit.TestPDFGeneration" name="test_generate_handover_report_pdf" time="0.329" /><testcase classname="backend.tests.test_franchise_exit.TestPDFGeneration" name="test_generate_settlement_sheet_pdf" time="0.342" /><testcase classname="backend.tests.test_franchise_exit.TestPDFGeneration" name="test_generate_exit_certificate_pdf" time="0.227" /><testcase classname="backend.tests.test_franchise_exit.TestPDFGeneration" name="test_certificate_requires_completed_status" time="0.203" /><testcase classname="backend.tests.test_franchise_exit.TestCompleteExit" name="test_complete_exit_requires_all_steps" time="0.096"><skipped type="pytest.skip" message="No incomplete exit records to test">/app/backend/tests/test_franchise_exit.py:510: No incomplete exit records to test</skipped></testcase><testcase classname="backend.tests.test_franchise_exit.TestCancelExit" name="test_cancel_completed_exit_fails" time="0.369" /><testcase classname="backend.tests.test_franchise_exit.TestExistingCompletedExit" name="test_existing_completed_exit" time="0.113" /></testsuite></testsuites>