<?xml version="1.0" encoding="utf-8"?><testsuites name="pytest tests"><testsuite name="pytest" errors="0" failures="0" skipped="0" tests="16" time="16.237" timestamp="2026-03-27T03:50:15.332844+00:00" hostname="agent-env-1d68d535-c3e3-4900-90f0-4933a8235a16"><testcase classname="backend.tests.test_master_data_permissions.TestAuthentication" name="test_auth_flow" time="1.554" /><testcase classname="backend.tests.test_master_data_permissions.TestMasterTypes" name="test_get_master_types" time="1.498" /><testcase classname="backend.tests.test_master_data_permissions.TestMasterCRUD" name="test_list_expense_categories" time="2.318" /><testcase classname="backend.tests.test_master_data_permissions.TestMasterCRUD" name="test_list_payment_modes" time="0.108" /><testcase classname="backend.tests.test_master_data_permissions.TestMasterCRUD" name="test_list_employee_categories" time="0.113" /><testcase classname="backend.tests.test_master_data_permissions.TestMasterCRUD" name="test_create_expense_category" time="0.332" /><testcase classname="backend.tests.test_master_data_permissions.TestMasterCRUD" name="test_update_expense_category" time="0.101" /><testcase classname="backend.tests.test_master_data_permissions.TestMasterCRUD" name="test_delete_expense_category" time="0.217" /><testcase classname="backend.tests.test_master_data_permissions.TestSeedFromExisting" name="test_seed_from_existing" time="2.314" /><testcase classname="backend.tests.test_master_data_permissions.TestPermissionRoles" name="test_seed_default_roles" time="1.544" /><testcase classname="backend.tests.test_master_data_permissions.TestPermissionRoles" name="test_list_roles" time="0.123" /><testcase classname="backend.tests.test_master_data_permissions.TestPermissionRoles" name="test_my_permissions_super_admin" time="0.106" /><testcase classname="backend.tests.test_master_data_permissions.TestPermissionRoles" name="test_assign_role" time="0.245" /><testcase classname="backend.tests.test_master_data_permissions.TestExpenseTypesPaymentModes" name="test_expense_types_from_master" time="3.140" /><testcase classname="backend.tests.test_master_data_permissions.TestExpenseTypesPaymentModes" name="test_payment_modes_from_master" time="0.109" /><testcase classname="backend.tests.test_master_data_permissions.TestPermissionModules" name="test_get_permission_modules" time="2.335" /></testsuite></testsuites>