<?xml version="1.0" encoding="utf-8"?><testsuites name="pytest tests"><testsuite name="pytest" errors="0" failures="0" skipped="0" tests="14" time="18.018" timestamp="2026-03-27T02:34:50.545147+00:00" hostname="agent-env-1d68d535-c3e3-4900-90f0-4933a8235a16"><testcase classname="backend.tests.test_transfer_aware_features.TestTransferAwareAttendance" name="test_attendance_month_returns_transfer_tags" time="2.472" /><testcase classname="backend.tests.test_transfer_aware_features.TestTransferAwareAttendance" name="test_attendance_by_date_returns_transfer_info" time="0.111" /><testcase classname="backend.tests.test_transfer_aware_features.TestTransferAwareAttendance" name="test_bulk_attendance_skips_transferred_out" time="0.120" /><testcase classname="backend.tests.test_transfer_aware_features.TestTransferAwareAttendance" name="test_employees_endpoint_returns_transfer_info" time="0.122" /><testcase classname="backend.tests.test_transfer_aware_features.TestTransferAwarePayroll" name="test_salary_preview_returns_transfer_fields" time="2.403" /><testcase classname="backend.tests.test_transfer_aware_features.TestTransferAwarePayroll" name="test_salary_preview_requires_admin" time="1.607" /><testcase classname="backend.tests.test_transfer_aware_features.TestInternationalPDFExport" name="test_monthly_pdf_export_returns_pdf" time="2.003" /><testcase classname="backend.tests.test_transfer_aware_features.TestInternationalPDFExport" name="test_monthly_pdf_export_with_perth_manager" time="3.354" /><testcase classname="backend.tests.test_transfer_aware_features.TestRefactoredCentersManagers" name="test_mgt_centers_endpoint" time="1.510" /><testcase classname="backend.tests.test_transfer_aware_features.TestRefactoredCentersManagers" name="test_mgt_managers_endpoint" time="0.117" /><testcase classname="backend.tests.test_transfer_aware_features.TestRefactoredHRLetters" name="test_hr_letter_employees_endpoint" time="1.575" /><testcase classname="backend.tests.test_transfer_aware_features.TestRefactoredHRLetters" name="test_hr_letter_employees_requires_mgt" time="2.293" /><testcase classname="backend.tests.test_transfer_aware_features.TestHealthAndBasicEndpoints" name="test_health_endpoint" time="0.105" /><testcase classname="backend.tests.test_transfer_aware_features.TestHealthAndBasicEndpoints" name="test_centers_endpoint" time="0.146" /></testsuite></testsuites>