<?xml version="1.0" encoding="utf-8"?><testsuites name="pytest tests"><testsuite name="pytest" errors="0" failures="0" skipped="0" tests="14" time="16.185" timestamp="2026-03-23T06:13:49.835069+00:00" hostname="agent-env-713203a4-b7a1-459b-a9bd-3d9017e40f05"><testcase classname="backend.tests.test_new_features.TestExpenseDateRangeFilter" name="test_expense_types_endpoint" time="2.573" /><testcase classname="backend.tests.test_new_features.TestExpenseDateRangeFilter" name="test_expenses_single_date" time="0.119" /><testcase classname="backend.tests.test_new_features.TestExpenseDateRangeFilter" name="test_expenses_date_range" time="0.095" /><testcase classname="backend.tests.test_new_features.TestExpenseDateRangeFilter" name="test_expense_has_category" time="0.358" /><testcase classname="backend.tests.test_new_features.TestFranchiseStaffTravel" name="test_franchise_types_endpoint" time="3.057" /><testcase classname="backend.tests.test_new_features.TestFranchiseStaffTravel" name="test_create_franchise_with_staff_travel" time="0.323" /><testcase classname="backend.tests.test_new_features.TestFranchiseGSTToggle" name="test_create_franchise_with_gst_applicable_true" time="3.386" /><testcase classname="backend.tests.test_new_features.TestFranchiseGSTToggle" name="test_create_franchise_with_gst_applicable_false" time="0.326" /><testcase classname="backend.tests.test_new_features.TestCenterAccountsMGCalculation" name="test_summary_returns_mg_calculation" time="3.133" /><testcase classname="backend.tests.test_new_features.TestCenterAccountsMGCalculation" name="test_summary_returns_payout" time="0.119" /><testcase classname="backend.tests.test_new_features.TestCenterAccountsMGCalculation" name="test_mg_calculation_endpoint" time="0.198" /><testcase classname="backend.tests.test_new_features.TestCenterAccountsMGCalculation" name="test_payout_summary_endpoint" time="0.119" /><testcase classname="backend.tests.test_new_features.TestGSTOnRevenueShare" name="test_india_center_gst_applicable_in_summary" time="2.157" /><testcase classname="backend.tests.test_new_features.TestGSTOnRevenueShare" name="test_australia_center_always_has_gst" time="0.105" /></testsuite></testsuites>