<?xml version="1.0" encoding="utf-8"?><testsuites name="pytest tests"><testsuite name="pytest" errors="0" failures="0" skipped="0" tests="15" time="39.910" timestamp="2026-04-08T08:17:48.319049+00:00" hostname="agent-env-4875433f-0e5a-454b-9908-408194ac5e08"><testcase classname="backend.tests.test_payroll_template_update.TestPayrollTemplateUpdate" name="test_super_rate_is_12_percent" time="2.929" /><testcase classname="backend.tests.test_payroll_template_update.TestPayrollTemplateUpdate" name="test_medicare_rate_is_2_percent" time="1.856" /><testcase classname="backend.tests.test_payroll_template_update.TestPayrollTemplateUpdate" name="test_medicare_threshold_18200" time="1.893" /><testcase classname="backend.tests.test_payroll_template_update.TestPayrollTemplateUpdate" name="test_no_medicare_below_threshold" time="2.341" /><testcase classname="backend.tests.test_payroll_template_update.TestPayrollTemplateUpdate" name="test_weekly_annualization_calculation" time="3.304" /><testcase classname="backend.tests.test_payroll_template_update.TestPayrollTemplateUpdate" name="test_gross_calculation_for_known_inputs" time="2.191" /><testcase classname="backend.tests.test_payroll_template_update.TestPayrollTemplateUpdate" name="test_super_calculated_at_12_percent" time="2.792" /><testcase classname="backend.tests.test_payroll_template_update.TestPayrollTemplateUpdate" name="test_csv_export_endpoint_exists" time="1.579" /><testcase classname="backend.tests.test_payroll_template_update.TestPayrollTemplateUpdate" name="test_csv_export_has_valid_content" time="3.391" /><testcase classname="backend.tests.test_payroll_template_update.TestPayrollTemplateUpdate" name="test_csv_export_has_employee_section" time="2.599" /><testcase classname="backend.tests.test_payroll_template_update.TestPayrollTemplateUpdate" name="test_csv_export_has_weekly_breakdown" time="2.310" /><testcase classname="backend.tests.test_payroll_template_update.TestPayrollTemplateUpdate" name="test_csv_export_filename" time="2.662" /><testcase classname="backend.tests.test_payroll_template_update.TestPayrollTemplateUpdate" name="test_payroll_report_rates_structure" time="2.732" /><testcase classname="backend.tests.test_payroll_template_update.TestEmployeeGrossRateCalculation" name="test_employees_have_gross_hourly_rate" time="2.953" /><testcase classname="backend.tests.test_payroll_template_update.TestEmployeeGrossRateCalculation" name="test_standard_38hr_week_gross_calculation" time="4.291" /></testsuite></testsuites>