<?xml version="1.0" encoding="utf-8"?><testsuites name="pytest tests"><testsuite name="pytest" errors="0" failures="0" skipped="0" tests="6" time="18.676" timestamp="2026-04-04T05:58:27.439481+00:00" hostname="agent-env-e280ffbf-3dbb-4bcd-a556-f7462e2e8498"><testcase classname="backend.tests.test_grid_opening_balance.TestGridOpeningBalance" name="test_march_2026_last_day_has_closing_balance" time="3.210" /><testcase classname="backend.tests.test_grid_opening_balance.TestGridOpeningBalance" name="test_april_2026_no_existing_data" time="3.062" /><testcase classname="backend.tests.test_grid_opening_balance.TestGridOpeningBalance" name="test_previous_month_fetch_for_opening_balance" time="2.460" /><testcase classname="backend.tests.test_grid_opening_balance.TestGridOpeningBalance" name="test_closing_balance_formula" time="3.442" /><testcase classname="backend.tests.test_grid_opening_balance.TestGridOpeningBalance" name="test_chaining_opening_balances" time="3.129" /><testcase classname="backend.tests.test_grid_opening_balance.TestSalesDataEntryOpeningBalance" name="test_fetch_previous_day_for_opening" time="3.323" /></testsuite></testsuites>