<?xml version="1.0" encoding="utf-8"?><testsuites name="pytest tests"><testsuite name="pytest" errors="0" failures="0" skipped="0" tests="11" time="20.850" timestamp="2026-03-05T01:55:27.839103+00:00" hostname="agent-env-fcab29f4-5d23-4c63-b967-9331f56c7639"><testcase classname="backend.tests.test_sales_grid.TestSalesGridFeature" name="test_fetch_daily_sales_for_grid" time="3.079" /><testcase classname="backend.tests.test_sales_grid.TestSalesGridFeature" name="test_check_frozen_status" time="2.126" /><testcase classname="backend.tests.test_sales_grid.TestSalesGridFeature" name="test_sales_record_has_editable_fields" time="2.177" /><testcase classname="backend.tests.test_sales_grid.TestSalesGridFeature" name="test_create_daily_sale_for_today" time="1.479" /><testcase classname="backend.tests.test_sales_grid.TestSalesGridFeature" name="test_update_daily_sale" time="2.523" /><testcase classname="backend.tests.test_sales_grid.TestSalesGridFeature" name="test_calculated_fields_computation" time="1.426" /><testcase classname="backend.tests.test_sales_grid.TestSalesGridFeature" name="test_centers_list_for_dropdown" time="1.378" /><testcase classname="backend.tests.test_sales_grid.TestSalesGridFeature" name="test_monthly_summary_for_grid" time="1.462" /><testcase classname="backend.tests.test_sales_grid.TestSalesGridFeature" name="test_super_admin_can_access_all_centers" time="2.323" /><testcase classname="backend.tests.test_sales_grid.TestGridFreezeUnfreezeLogic" name="test_frozen_date_blocks_edit_for_non_admin" time="1.321" /><testcase classname="backend.tests.test_sales_grid.TestGridFreezeUnfreezeLogic" name="test_super_admin_can_edit_frozen_dates" time="1.485" /></testsuite></testsuites>