<?xml version="1.0" encoding="utf-8"?><testsuites name="pytest tests"><testsuite name="pytest" errors="0" failures="0" skipped="0" tests="14" time="24.753" timestamp="2026-03-27T05:35:58.584780+00:00" hostname="agent-env-4d6a6661-e377-4824-a2e5-abd255a05037"><testcase classname="backend.tests.test_menu_management.TestLoginAndCenters" name="test_centers_from_db" time="0.156" /><testcase classname="backend.tests.test_menu_management.TestLoginAndCenters" name="test_send_otp_success" time="1.268" /><testcase classname="backend.tests.test_menu_management.TestLoginAndCenters" name="test_verify_otp_super_admin" time="2.130" /><testcase classname="backend.tests.test_menu_management.TestMenuManagement" name="test_seed_menu_data" time="3.041" /><testcase classname="backend.tests.test_menu_management.TestMenuManagement" name="test_menu_items_by_center_hsr_inr" time="1.509" /><testcase classname="backend.tests.test_menu_management.TestMenuManagement" name="test_menu_items_by_center_perth_aud" time="2.280" /><testcase classname="backend.tests.test_menu_management.TestMenuManagement" name="test_menu_categories_list" time="2.942" /><testcase classname="backend.tests.test_menu_management.TestSalesDataEntryGST" name="test_sales_daily_endpoint_works" time="2.983" /><testcase classname="backend.tests.test_menu_management.TestSalesDataEntryGST" name="test_sales_monthly_summary_works" time="3.017" /><testcase classname="backend.tests.test_menu_management.TestExpenseEntry" name="test_expense_types_endpoint" time="1.474" /><testcase classname="backend.tests.test_menu_management.TestExpenseEntry" name="test_payment_modes_endpoint" time="2.297" /><testcase classname="backend.tests.test_menu_management.TestExpenseEntry" name="test_expenses_list_endpoint" time="1.399" /><testcase classname="backend.tests.test_menu_management.TestMenuManagementAccess" name="test_menu_items_requires_auth" time="0.098" /><testcase classname="backend.tests.test_menu_management.TestMenuManagementAccess" name="test_seed_menu_requires_admin" time="0.100" /></testsuite></testsuites>