<?xml version="1.0" encoding="utf-8"?><testsuites name="pytest tests"><testsuite name="pytest" errors="0" failures="0" skipped="0" tests="6" time="4.736" timestamp="2026-04-05T00:04:17.651929+00:00" hostname="agent-env-4875433f-0e5a-454b-9908-408194ac5e08"><testcase classname="backend.tests.test_iteration_56_expense_features.TestDeleteRangeEndpoint" name="test_delete_range_returns_both_counts" time="2.720" /><testcase classname="backend.tests.test_iteration_56_expense_features.TestDeleteRangeEndpoint" name="test_delete_range_deletes_both_collections" time="0.748" /><testcase classname="backend.tests.test_iteration_56_expense_features.TestDeleteRangeEndpoint" name="test_delete_range_no_records" time="0.147" /><testcase classname="backend.tests.test_iteration_56_expense_features.TestBulkImportExpenses" name="test_bulk_import_response_includes_expenses_imported" time="0.328" /><testcase classname="backend.tests.test_iteration_56_expense_features.TestBulkImportExpenses" name="test_expense_records_have_correct_fields" time="0.209" /><testcase classname="backend.tests.test_iteration_56_expense_features.TestExpenseFieldsFromBulkImport" name="test_expense_source_field_format" time="0.532" /></testsuite></testsuites>