<?xml version="1.0" encoding="utf-8"?><testsuites name="pytest tests"><testsuite name="pytest" errors="0" failures="0" skipped="0" tests="15" time="3.591" timestamp="2026-03-18T04:57:04.243725+00:00" hostname="agent-env-46f7b528-c2f6-4e2d-a2e0-1470745cb18d"><testcase classname="tests.test_attendance_dashboard.TestAttendanceDashboard" name="test_status_options_endpoint" time="0.210" /><testcase classname="tests.test_attendance_dashboard.TestAttendanceDashboard" name="test_summary_endpoint_success" time="2.073" /><testcase classname="tests.test_attendance_dashboard.TestAttendanceDashboard" name="test_summary_without_date_uses_today" time="0.063" /><testcase classname="tests.test_attendance_dashboard.TestAttendanceDashboard" name="test_summary_invalid_token" time="0.050" /><testcase classname="tests.test_attendance_dashboard.TestAttendanceDashboard" name="test_center_breakdown_endpoint" time="0.053" /><testcase classname="tests.test_attendance_dashboard.TestAttendanceDashboard" name="test_center_detail_endpoint" time="0.115" /><testcase classname="tests.test_attendance_dashboard.TestAttendanceDashboard" name="test_monthly_trend_endpoint" time="0.055" /><testcase classname="tests.test_attendance_dashboard.TestAttendanceDashboard" name="test_center_comparison_endpoint" time="0.054" /><testcase classname="tests.test_attendance_dashboard.TestAttendanceDashboard" name="test_export_daily_attendance" time="0.257" /><testcase classname="tests.test_attendance_dashboard.TestAttendanceDashboard" name="test_export_monthly_attendance" time="0.196" /><testcase classname="tests.test_attendance_dashboard.TestAttendanceDashboard" name="test_export_with_center_filter" time="0.056" /><testcase classname="tests.test_attendance_dashboard.TestAttendanceDashboard" name="test_edit_attendance_success" time="0.166" /><testcase classname="tests.test_attendance_dashboard.TestAttendanceDashboard" name="test_edit_invalid_status" time="0.055" /><testcase classname="tests.test_attendance_dashboard.TestAttendanceDashboard" name="test_edit_invalid_token" time="0.050" /><testcase classname="tests.test_attendance_dashboard.TestAttendanceDashboard" name="test_access_denied_without_admin_role" time="0.049" /></testsuite></testsuites>