<?xml version="1.0" encoding="utf-8"?><testsuites name="pytest tests"><testsuite name="pytest" errors="0" failures="0" skipped="0" tests="6" time="4.173" timestamp="2026-04-21T21:27:14.561078+00:00" hostname="agent-env-4875433f-0e5a-454b-9908-408194ac5e08"><testcase classname="tests.test_mis_wc_parity.TestParityNoOverride" name="test_parity_clean_state[2025-04]" time="2.644" /><testcase classname="tests.test_mis_wc_parity.TestParityNoOverride" name="test_parity_clean_state[2025-05]" time="0.259" /><testcase classname="tests.test_mis_wc_parity.TestParityNoOverride" name="test_parity_clean_state[2025-06]" time="0.262" /><testcase classname="tests.test_mis_wc_parity.TestParityNoOverride" name="test_parity_clean_state[2025-07]" time="0.247" /><testcase classname="tests.test_mis_wc_parity.TestParityWithOverrides" name="test_override_reflects_in_mis_summary_and_per_center" time="0.352" /><testcase classname="tests.test_mis_wc_parity.TestParityWithOverrides" name="test_working_capital_reflects_forced_loss" time="0.276" /></testsuite></testsuites>