<?xml version="1.0" encoding="utf-8"?><testsuites name="pytest tests"><testsuite name="pytest" errors="0" failures="0" skipped="0" tests="20" time="46.735" timestamp="2026-03-18T04:35:25.055223+00:00" hostname="agent-env-46f7b528-c2f6-4e2d-a2e0-1470745cb18d"><testcase classname="backend.tests.test_booking_intelligence.TestSessionPersistence" name="test_login_and_get_token" time="3.047" /><testcase classname="backend.tests.test_booking_intelligence.TestSessionPersistence" name="test_token_persists_across_requests" time="3.574" /><testcase classname="backend.tests.test_booking_intelligence.TestBookingConstants" name="test_get_constants" time="0.124" /><testcase classname="backend.tests.test_booking_intelligence.TestBookingCRUD" name="test_create_booking" time="2.961" /><testcase classname="backend.tests.test_booking_intelligence.TestBookingCRUD" name="test_list_bookings" time="1.985" /><testcase classname="backend.tests.test_booking_intelligence.TestBookingCRUD" name="test_list_bookings_with_search" time="3.006" /><testcase classname="backend.tests.test_booking_intelligence.TestBookingCRUD" name="test_update_booking" time="2.930" /><testcase classname="backend.tests.test_booking_intelligence.TestGuestLookup" name="test_guest_lookup_new_guest" time="2.937" /><testcase classname="backend.tests.test_booking_intelligence.TestGuestLookup" name="test_guest_lookup_existing_guest" time="2.061" /><testcase classname="backend.tests.test_booking_intelligence.TestGuestLookup" name="test_guest_lookup_invalid_phone" time="2.999" /><testcase classname="backend.tests.test_booking_intelligence.TestDashboardStats" name="test_dashboard_stats_today" time="3.094" /><testcase classname="backend.tests.test_booking_intelligence.TestDashboardStats" name="test_dashboard_stats_week" time="2.177" /><testcase classname="backend.tests.test_booking_intelligence.TestDashboardStats" name="test_dashboard_stats_month" time="2.976" /><testcase classname="backend.tests.test_booking_intelligence.TestWhatsAppPreview" name="test_preview_confirmation_message" time="3.015" /><testcase classname="backend.tests.test_booking_intelligence.TestWhatsAppPreview" name="test_preview_reminder_message" time="2.298" /><testcase classname="backend.tests.test_booking_intelligence.TestRemindersAndFollowups" name="test_upcoming_reminders" time="1.230" /><testcase classname="backend.tests.test_booking_intelligence.TestRemindersAndFollowups" name="test_todays_followups" time="2.962" /><testcase classname="backend.tests.test_booking_intelligence.TestAccessControl" name="test_unauthorized_access" time="0.123" /><testcase classname="backend.tests.test_booking_intelligence.TestAccessControl" name="test_create_without_token" time="0.121" /><testcase classname="backend.tests.test_booking_intelligence.TestCleanup" name="test_cleanup_test_bookings" time="3.018" /></testsuite></testsuites>