<?xml version="1.0" encoding="utf-8"?><testsuites name="pytest tests"><testsuite name="pytest" errors="0" failures="0" skipped="0" tests="12" time="7.901" timestamp="2026-03-29T03:50:23.233607+00:00" hostname="agent-env-98996475-bd58-43a3-a8bf-ce8b9137daa6"><testcase classname="backend.tests.test_commission_upload.TestCommissionUploadEndpoints" name="test_upload_zomato_excel" time="4.262" /><testcase classname="backend.tests.test_commission_upload.TestCommissionUploadEndpoints" name="test_upload_swiggy_excel" time="0.148" /><testcase classname="backend.tests.test_commission_upload.TestCommissionUploadEndpoints" name="test_upload_doordash_excel" time="0.144" /><testcase classname="backend.tests.test_commission_upload.TestCommissionUploadEndpoints" name="test_upload_phonepe_excel" time="0.151" /><testcase classname="backend.tests.test_commission_upload.TestCommissionUploadEndpoints" name="test_upload_cards_excel" time="0.146" /><testcase classname="backend.tests.test_commission_upload.TestCommissionSaveAndList" name="test_save_commission" time="0.716" /><testcase classname="backend.tests.test_commission_upload.TestCommissionSaveAndList" name="test_list_commissions" time="0.102" /><testcase classname="backend.tests.test_commission_upload.TestCommissionSaveAndList" name="test_list_commissions_with_month_filter" time="0.110" /><testcase classname="backend.tests.test_commission_upload.TestCommissionDeleteAndDuplicate" name="test_delete_commission" time="0.835" /><testcase classname="backend.tests.test_commission_upload.TestCommissionDeleteAndDuplicate" name="test_duplicate_prevention" time="1.006" /><testcase classname="backend.tests.test_commission_upload.TestCenterAccountsSummary" name="test_account_summary" time="0.117" /><testcase classname="backend.tests.test_commission_upload.TestOldCommissionsRouteRemoved" name="test_old_commissions_route_not_exists" time="0.106" /></testsuite></testsuites>