<?xml version="1.0" encoding="utf-8"?><testsuites name="pytest tests"><testsuite name="pytest" errors="0" failures="0" skipped="0" tests="9" time="6.989" timestamp="2026-04-04T04:23:27.518822+00:00" hostname="agent-env-e280ffbf-3dbb-4bcd-a556-f7462e2e8498"><testcase classname="backend.tests.test_wc_gating.TestWCGatingBackend" name="test_wc_standing_contains_gating_fields" time="2.675" /><testcase classname="backend.tests.test_wc_gating.TestWCGatingBackend" name="test_healthy_wc_status_when_above_100_percent" time="0.116" /><testcase classname="backend.tests.test_wc_gating.TestWCGatingBackend" name="test_share_calculation_contains_wc_gated_and_status" time="0.147" /><testcase classname="backend.tests.test_wc_gating.TestWCGatingBackend" name="test_payout_contains_wc_gated_and_reason" time="0.193" /><testcase classname="backend.tests.test_wc_gating.TestWCGatingBackend" name="test_loans_outstanding_field_present" time="0.157" /><testcase classname="backend.tests.test_wc_gating.TestWCGatingBackend" name="test_wc_formula_with_gating_fields" time="0.139" /><testcase classname="backend.tests.test_wc_gating.TestWCGatingBackend" name="test_center_without_franchise_wc_handling" time="0.139" /><testcase classname="backend.tests.test_wc_gating.TestWCGatingStatusValues" name="test_wc_status_values_are_valid" time="3.212" /><testcase classname="backend.tests.test_wc_gating.TestWCGatingStatusValues" name="test_wc_threshold_is_50_percent" time="0.136" /></testsuite></testsuites>