<?xml version="1.0" encoding="utf-8"?><testsuites name="pytest tests"><testsuite name="pytest" errors="0" failures="0" skipped="0" tests="10" time="7.899" timestamp="2026-04-22T16:01:05.640863+00:00" hostname="agent-env-4875433f-0e5a-454b-9908-408194ac5e08"><testcase classname="backend.tests.test_historical_import.TestAuth" name="test_non_super_admin_cannot_import" time="3.072" /><testcase classname="backend.tests.test_historical_import.TestAuth" name="test_non_super_admin_cannot_clear" time="0.129" /><testcase classname="backend.tests.test_historical_import.TestImportAndSummary" name="test_import_wc_file" time="0.373" /><testcase classname="backend.tests.test_historical_import.TestImportAndSummary" name="test_import_is_idempotent" time="0.470" /><testcase classname="backend.tests.test_historical_import.TestImportAndSummary" name="test_summary_shape" time="0.104" /><testcase classname="backend.tests.test_historical_import.TestClearScope" name="test_clear_single_center_only_deletes_that_center" time="0.657" /><testcase classname="backend.tests.test_historical_import.TestWCTableMerge" name="test_wc_table_includes_historical_months_for_pb_sn" time="0.549" /><testcase classname="backend.tests.test_historical_import.TestWCTableMerge" name="test_no_double_count_when_live_data_exists" time="2.125" /><testcase classname="backend.tests.test_historical_import.TestMISMerge" name="test_mis_overview_includes_historical_month" time="0.113" /><testcase classname="backend.tests.test_historical_import.TestMISMerge" name="test_mis_working_capital_reflects_historical" time="0.237" /></testsuite></testsuites>