<?xml version="1.0" encoding="utf-8"?><testsuites name="pytest tests"><testsuite name="pytest" errors="0" failures="0" skipped="0" tests="7" time="3.246" timestamp="2026-04-21T19:08:35.353543+00:00" hostname="agent-env-4875433f-0e5a-454b-9908-408194ac5e08"><testcase classname="backend.tests.test_wc_target_expenses.TestTargetExpensesContract" name="test_save_target_creates_intra_on_last_day" time="1.661" /><testcase classname="backend.tests.test_wc_target_expenses.TestTargetExpensesContract" name="test_wc_table_returns_target_no_double_count" time="0.283" /><testcase classname="backend.tests.test_wc_target_expenses.TestTargetExpensesContract" name="test_repeated_saves_replace_intra" time="0.387" /><testcase classname="backend.tests.test_wc_target_expenses.TestTargetExpensesContract" name="test_target_equal_real_deletes_intra" time="0.252" /><testcase classname="backend.tests.test_wc_target_expenses.TestTargetExpensesContract" name="test_wc_adjustment_only_no_db_expense" time="0.282" /><testcase classname="backend.tests.test_wc_target_expenses.TestEdgeCases" name="test_leap_year_feb_29" time="0.129" /><testcase classname="backend.tests.test_wc_target_expenses.TestEdgeCases" name="test_month_with_no_real_expenses_creates_positive_intra" time="0.114" /></testsuite></testsuites>