<?xml version="1.0" encoding="utf-8"?><testsuites name="pytest tests"><testsuite name="pytest" errors="0" failures="0" skipped="0" tests="17" time="16.197" timestamp="2026-03-28T04:49:12.369572+00:00" hostname="agent-env-752eda08-6b45-4624-b19a-be72f024d6ee"><testcase classname="tests.test_master_data_architecture.TestAuthentication" name="test_auth_flow" time="3.231" /><testcase classname="tests.test_master_data_architecture.TestMasterDataEndpoints" name="test_get_order_types" time="0.101" /><testcase classname="tests.test_master_data_architecture.TestMasterDataEndpoints" name="test_get_payment_modes" time="0.113" /><testcase classname="tests.test_master_data_architecture.TestMasterDataEndpoints" name="test_get_discount_types" time="0.112" /><testcase classname="tests.test_master_data_architecture.TestMasterDataEndpoints" name="test_master_endpoints_no_auth_required" time="0.414" /><testcase classname="tests.test_master_data_architecture.TestFranchiseCenterMapping" name="test_franchise_by_center_linked" time="2.269" /><testcase classname="tests.test_master_data_architecture.TestFranchiseCenterMapping" name="test_franchise_by_center_unlinked" time="0.107" /><testcase classname="tests.test_master_data_architecture.TestDynamicDineInDetection" name="test_dinein_requires_table_and_guest" time="2.380" /><testcase classname="tests.test_master_data_architecture.TestDynamicDineInDetection" name="test_dinein_case_insensitive" time="0.109" /><testcase classname="tests.test_master_data_architecture.TestDynamicDineInDetection" name="test_takeaway_requires_customer_info" time="0.098" /><testcase classname="tests.test_master_data_architecture.TestDynamicDineInDetection" name="test_delivery_requires_customer_info" time="0.108" /><testcase classname="tests.test_master_data_architecture.TestDynamicDineInDetection" name="test_valid_dinein_order_creation" time="0.205" /><testcase classname="tests.test_master_data_architecture.TestDynamicDineInDetection" name="test_valid_takeaway_order_creation" time="0.227" /><testcase classname="tests.test_master_data_architecture.TestWorkingCapitalFranchiseMapping" name="test_working_capital_endpoint" time="3.216" /><testcase classname="tests.test_master_data_architecture.TestBillingConfigEndpoints" name="test_billing_config_get" time="3.197" /><testcase classname="tests.test_master_data_architecture.TestBillingConfigEndpoints" name="test_billing_menu_endpoint" time="0.119" /><testcase classname="tests.test_master_data_architecture.TestCentersEndpoint" name="test_get_centers" time="0.110" /></testsuite></testsuites>