<?xml version="1.0" encoding="utf-8"?><testsuites name="pytest tests"><testsuite name="pytest" errors="0" failures="0" skipped="0" tests="12" time="19.488" timestamp="2026-04-22T17:22:32.358141+00:00" hostname="agent-env-4875433f-0e5a-454b-9908-408194ac5e08"><testcase classname="backend.tests.test_historical_monthly_import.TestImportMonthlyFile" name="test_01_import_hsr_march_2026" time="2.751" /><testcase classname="backend.tests.test_historical_monthly_import.TestFilenameAutoDetect" name="test_02_renamed_hsr_filename_detects_center" time="1.483" /><testcase classname="backend.tests.test_historical_monthly_import.TestFilenameAutoDetect" name="test_03_no_center_keyword_returns_400" time="1.460" /><testcase classname="backend.tests.test_historical_monthly_import.TestFilenameAutoDetect" name="test_04_center_override_rescues_no_center_filename" time="1.537" /><testcase classname="backend.tests.test_historical_monthly_import.TestIdempotency" name="test_05_double_import_does_not_duplicate" time="2.804" /><testcase classname="backend.tests.test_historical_monthly_import.TestLiveDataProtection" name="test_06_existing_live_daily_sale_not_overwritten" time="1.533" /><testcase classname="backend.tests.test_historical_monthly_import.TestMonthlySummary" name="test_07_summary_includes_pb_hsr" time="1.398" /><testcase classname="backend.tests.test_historical_monthly_import.TestRBAC" name="test_08_franchise_cannot_import" time="1.565" /><testcase classname="backend.tests.test_historical_monthly_import.TestRBAC" name="test_09_franchise_cannot_clear" time="0.156" /><testcase classname="backend.tests.test_historical_monthly_import.TestDownstreamVisibility" name="test_10_wc_table_includes_imported_expense_for_2026_03" time="1.717" /><testcase classname="backend.tests.test_historical_monthly_import.TestDownstreamVisibility" name="test_11_mis_overview_includes_imported_expenses" time="1.429" /><testcase classname="backend.tests.test_historical_monthly_import.TestClearMonthly" name="test_12_clear_monthly_deletes_only_monthly_import_rows" time="1.506" /></testsuite></testsuites>