<?xml version="1.0" encoding="utf-8"?><testsuites name="pytest tests"><testsuite name="pytest" errors="0" failures="0" skipped="0" tests="15" time="5.872" timestamp="2026-02-28T00:02:04.258471+00:00" hostname="agent-env-1eda4b33-c88e-4e47-a44b-5a4f85beac37"><testcase classname="backend.tests.test_5_features.TestSessionTimeout" name="test_login_returns_session_expiry" time="1.655" /><testcase classname="backend.tests.test_5_features.TestSessionTimeout" name="test_login_returns_token_and_roles" time="0.144" /><testcase classname="backend.tests.test_5_features.TestInvalidTokenHandling" name="test_invalid_token_returns_401" time="0.107" /><testcase classname="backend.tests.test_5_features.TestInvalidTokenHandling" name="test_missing_token_returns_401" time="0.118" /><testcase classname="backend.tests.test_5_features.TestInvalidTokenHandling" name="test_expired_token_scenario" time="0.256" /><testcase classname="backend.tests.test_5_features.TestAccountingRole" name="test_super_admin_has_all_centers_access" time="0.240" /><testcase classname="backend.tests.test_5_features.TestAccountingRole" name="test_accounting_role_in_role_management" time="0.254" /><testcase classname="backend.tests.test_5_features.TestAccountingRole" name="test_center_selector_all_option" time="0.376" /><testcase classname="backend.tests.test_5_features.TestPettyCashLogic" name="test_petty_cash_formula_in_api_response" time="0.219" /><testcase classname="backend.tests.test_5_features.TestPettyCashLogic" name="test_calculate_totals_logic" time="0.241" /><testcase classname="backend.tests.test_5_features.TestSynchronizedUnlock" name="test_unlock_request_endpoint_exists" time="0.231" /><testcase classname="backend.tests.test_5_features.TestSynchronizedUnlock" name="test_check_frozen_status_endpoint" time="0.273" /><testcase classname="backend.tests.test_5_features.TestSynchronizedUnlock" name="test_unlock_grant_structure" time="0.201" /><testcase classname="backend.tests.test_5_features.TestSuperAdminAccess" name="test_super_admin_can_see_expense_list_tab" time="0.123" /><testcase classname="backend.tests.test_5_features.TestSuperAdminAccess" name="test_perth_manager_login" time="1.320" /></testsuite></testsuites>