<?xml version="1.0" encoding="utf-8"?><testsuites name="pytest tests"><testsuite name="pytest" errors="0" failures="0" skipped="0" tests="11" time="37.659" timestamp="2026-02-24T06:28:40.360913+00:00" hostname="agent-env-0b1625f6-99ae-4c8a-aa58-dd583c5a82e2"><testcase classname="backend.tests.test_sales_expenses.TestSalesExpensesAPI" name="test_centers_list_endpoint" time="2.593" /><testcase classname="backend.tests.test_sales_expenses.TestSalesExpensesAPI" name="test_monthly_summary_all_centers" time="1.513" /><testcase classname="backend.tests.test_sales_expenses.TestSalesExpensesAPI" name="test_monthly_summary_single_center" time="2.316" /><testcase classname="backend.tests.test_sales_expenses.TestSalesExpensesAPI" name="test_monthly_summary_requires_auth" time="4.655" /><testcase classname="backend.tests.test_sales_expenses.TestSalesExpensesAPI" name="test_get_expenses" time="3.874" /><testcase classname="backend.tests.test_sales_expenses.TestSalesExpensesAPI" name="test_get_expenses_by_center" time="3.507" /><testcase classname="backend.tests.test_sales_expenses.TestSalesExpensesAPI" name="test_get_daily_sales" time="3.527" /><testcase classname="backend.tests.test_sales_expenses.TestSalesExpensesAPI" name="test_expense_types_endpoint" time="2.521" /><testcase classname="backend.tests.test_sales_expenses.TestSalesExpensesAPI" name="test_payment_modes_endpoint" time="3.851" /><testcase classname="backend.tests.test_sales_expenses.TestSalesExpensesAPI" name="test_verify_imported_data_count" time="3.691" /><testcase classname="backend.tests.test_sales_expenses.TestSalesExpensesAPI" name="test_non_mgt_user_access_restriction" time="5.543" /></testsuite></testsuites>