<?xml version="1.0" encoding="utf-8"?><testsuites name="pytest tests"><testsuite name="pytest" errors="0" failures="0" skipped="0" tests="19" time="10.121" timestamp="2026-03-29T04:13:45.533195+00:00" hostname="agent-env-98996475-bd58-43a3-a8bf-ce8b9137daa6"><testcase classname="backend.tests.test_document_franchise_iteration41.TestAuthentication" name="test_send_otp" time="2.197" /><testcase classname="backend.tests.test_document_franchise_iteration41.TestAuthentication" name="test_verify_otp_and_get_session" time="2.200" /><testcase classname="backend.tests.test_document_franchise_iteration41.TestCenters" name="test_get_centers_returns_all_expected" time="0.112" /><testcase classname="backend.tests.test_document_franchise_iteration41.TestCenters" name="test_centers_have_required_fields" time="0.142" /><testcase classname="backend.tests.test_document_franchise_iteration41.TestDocumentCategories" name="test_list_categories_returns_9" time="3.469" /><testcase classname="backend.tests.test_document_franchise_iteration41.TestDocumentCategories" name="test_no_test_prefix_categories" time="0.110" /><testcase classname="backend.tests.test_document_franchise_iteration41.TestDocumentCategories" name="test_categories_have_required_fields" time="0.115" /><testcase classname="backend.tests.test_document_franchise_iteration41.TestDocumentList" name="test_list_documents_empty_expected" time="0.119" /><testcase classname="backend.tests.test_document_franchise_iteration41.TestDocumentList" name="test_list_documents_by_center" time="0.096" /><testcase classname="backend.tests.test_document_franchise_iteration41.TestDocumentList" name="test_list_documents_by_level" time="0.214" /><testcase classname="backend.tests.test_document_franchise_iteration41.TestFranchiseManagement" name="test_list_franchises" time="0.121" /><testcase classname="backend.tests.test_document_franchise_iteration41.TestFranchiseManagement" name="test_franchise_list_with_filters" time="0.220" /><testcase classname="backend.tests.test_document_franchise_iteration41.TestCenterAccounts" name="test_get_centers_for_accounts" time="0.103" /><testcase classname="backend.tests.test_document_franchise_iteration41.TestCenterAccounts" name="test_account_summary" time="0.116" /><testcase classname="backend.tests.test_document_franchise_iteration41.TestCenterAccounts" name="test_list_commissions" time="0.118" /><testcase classname="backend.tests.test_document_franchise_iteration41.TestMISDashboard" name="test_mis_dashboard_data" time="0.118" /><testcase classname="backend.tests.test_document_franchise_iteration41.TestDocumentFranchiseIntegration" name="test_document_list_franchise_code_filter" time="0.212" /><testcase classname="backend.tests.test_document_franchise_iteration41.TestDataIntegrity" name="test_managers_exist" time="0.103" /><testcase classname="backend.tests.test_document_franchise_iteration41.TestDataIntegrity" name="test_expense_heads_exist" time="0.103" /></testsuite></testsuites>