<?xml version="1.0" encoding="utf-8"?><testsuites name="pytest tests"><testsuite name="pytest" errors="0" failures="0" skipped="0" tests="6" time="6.918" timestamp="2026-04-02T16:03:43.913724+00:00" hostname="agent-env-3cb8d4f2-c10e-4ad1-8add-68633056619d"><testcase classname="backend.tests.test_scan_dish.TestScanDishAPI" name="test_scan_dish_missing_image_returns_400" time="1.493" /><testcase classname="backend.tests.test_scan_dish.TestScanDishAPI" name="test_scan_dish_empty_image_returns_400" time="0.175" /><testcase classname="backend.tests.test_scan_dish.TestScanDishAPI" name="test_scan_dish_with_valid_image_returns_result" time="1.401" /><testcase classname="backend.tests.test_scan_dish.TestScanDishAPI" name="test_scan_dish_response_structure_on_no_match" time="1.353" /><testcase classname="backend.tests.test_scan_dish.TestScanDishAPI" name="test_scan_dish_matched_item_has_dietary_fields" time="1.148" /><testcase classname="backend.tests.test_scan_dish.TestScanDishNutritionIntegration" name="test_scan_dish_includes_nutrition_when_matched" time="1.281" /></testsuite></testsuites>