<?xml version="1.0" encoding="utf-8"?><testsuites name="pytest tests"><testsuite name="pytest" errors="0" failures="0" skipped="0" tests="6" time="17.675" timestamp="2026-04-16T07:59:36.855088+00:00" hostname="agent-env-fee8c801-7134-40b4-8c6b-56c0530d45c6"><testcase classname="backend.tests.test_vahini_bg_fix.TestVahiniBGFix" name="test_adult_query_no_bg_items" time="6.082" /><testcase classname="backend.tests.test_vahini_bg_fix.TestVahiniBGFix" name="test_spicy_food_query_no_bg_items" time="2.092" /><testcase classname="backend.tests.test_vahini_bg_fix.TestVahiniBGFix" name="test_business_lunch_no_bg_items" time="1.929" /><testcase classname="backend.tests.test_vahini_bg_fix.TestVahiniRegionAwareness" name="test_australia_region_context" time="2.443" /><testcase classname="backend.tests.test_vahini_bg_fix.TestVahiniRegionAwareness" name="test_india_region_context" time="3.565" /><testcase classname="backend.tests.test_vahini_bg_fix.TestVahiniRegionAwareness" name="test_vahini_random_dish_no_bg" time="1.512" /></testsuite></testsuites>