<?xml version="1.0" encoding="utf-8"?><testsuites name="pytest tests"><testsuite name="pytest" errors="0" failures="0" skipped="0" tests="13" time="36.285" timestamp="2026-04-16T02:02:36.875959+00:00" hostname="agent-env-fee8c801-7134-40b4-8c6b-56c0530d45c6"><testcase classname="backend.tests.test_vahini.TestVahiniRandomDish" name="test_random_dish_returns_200" time="3.028" /><testcase classname="backend.tests.test_vahini.TestVahiniRandomDish" name="test_random_dish_response_structure" time="1.558" /><testcase classname="backend.tests.test_vahini.TestVahiniRandomDish" name="test_random_dish_has_nutrition" time="1.734" /><testcase classname="backend.tests.test_vahini.TestVahiniRandomDish" name="test_random_dish_vahini_message_style" time="1.524" /><testcase classname="backend.tests.test_vahini.TestVahiniChat" name="test_chat_returns_200" time="2.852" /><testcase classname="backend.tests.test_vahini.TestVahiniChat" name="test_chat_response_structure" time="2.809" /><testcase classname="backend.tests.test_vahini.TestVahiniChat" name="test_chat_first_message_greeting" time="1.673" /><testcase classname="backend.tests.test_vahini.TestVahiniChat" name="test_chat_recommended_dishes_structure" time="4.220" /><testcase classname="backend.tests.test_vahini.TestVahiniChat" name="test_chat_session_persistence" time="7.357" /><testcase classname="backend.tests.test_vahini.TestVahiniChat" name="test_chat_with_context" time="2.290" /><testcase classname="backend.tests.test_vahini.TestVahiniChat" name="test_chat_empty_message_handling" time="4.565" /><testcase classname="backend.tests.test_vahini.TestVahiniIntegration" name="test_menu_items_exist_for_recommendations" time="0.143" /><testcase classname="backend.tests.test_vahini.TestVahiniIntegration" name="test_vahini_recommends_actual_menu_items" time="2.425" /></testsuite></testsuites>