<?xml version="1.0" encoding="utf-8"?><testsuites name="pytest tests"><testsuite name="pytest" errors="0" failures="5" skipped="0" tests="23" time="22.385" timestamp="2026-06-18T09:11:42.337711+00:00" hostname="agent-env-4875433f-0e5a-454b-9908-408194ac5e08"><testcase classname="backend.tests.test_visa_helper.TestListEndpoints" name="test_countries" time="2.516" /><testcase classname="backend.tests.test_visa_helper.TestListEndpoints" name="test_pathways" time="0.103" /><testcase classname="backend.tests.test_visa_helper.TestListEndpoints" name="test_pathways_filter_country" time="0.109" /><testcase classname="backend.tests.test_visa_helper.TestListEndpoints" name="test_letter_templates" time="0.102" /><testcase classname="backend.tests.test_visa_helper.TestListEndpoints" name="test_entities" time="0.102" /><testcase classname="backend.tests.test_visa_helper.TestListEndpoints" name="test_signatories" time="0.098" /><testcase classname="backend.tests.test_visa_helper.TestApplicationFlow" name="test_pick_entity_signatory" time="0.203" /><testcase classname="backend.tests.test_visa_helper.TestApplicationFlow" name="test_create_application" time="0.094" /><testcase classname="backend.tests.test_visa_helper.TestApplicationFlow" name="test_update_application" time="0.229" /><testcase classname="backend.tests.test_visa_helper.TestApplicationFlow" name="test_list_applications" time="0.099" /><testcase classname="backend.tests.test_visa_helper.TestApplicationFlow" name="test_generate_report" time="0.096" /><testcase classname="backend.tests.test_visa_helper.TestApplicationFlow" name="test_generate_letters_small_scope" time="14.494" /><testcase classname="backend.tests.test_visa_helper.TestApplicationFlow" name="test_report_pdf" time="0.155" /><testcase classname="backend.tests.test_visa_helper.TestApplicationFlow" name="test_checklist_excel" time="0.108" /><testcase classname="backend.tests.test_visa_helper.TestApplicationFlow" name="test_letter_word" time="0.355" /><testcase classname="backend.tests.test_visa_helper.TestApplicationFlow" name="test_zip_bundle" time="0.144" /><testcase classname="backend.tests.test_visa_helper.TestApplicationFlow" name="test_delete_application" time="0.236" /><testcase classname="backend.tests.test_visa_helper.TestAdminCRUD" name="test_country_upsert_delete" time="0.093"><failure message="AssertionError: {&quot;detail&quot;:&quot;Admin access required (Super Admin / Founder only)&quot;}&#10;assert 403 == 200&#10; +  where 403 = &lt;Response [403]&gt;.status_code">backend/tests/test_visa_helper.py:235: in test_country_upsert_delete
    assert r.status_code == 200, r.text
E   AssertionError: {"detail":"Admin access required (Super Admin / Founder only)"}
E   assert 403 == 200
E    +  where 403 = &lt;Response [403]&gt;.status_code</failure></testcase><testcase classname="backend.tests.test_visa_helper.TestAdminCRUD" name="test_pathway_upsert_delete" time="0.101"><failure message="AssertionError: {&quot;detail&quot;:&quot;Admin access required (Super Admin / Founder only)&quot;}&#10;assert 403 == 200&#10; +  where 403 = &lt;Response [403]&gt;.status_code">backend/tests/test_visa_helper.py:249: in test_pathway_upsert_delete
    assert r.status_code == 200, r.text
E   AssertionError: {"detail":"Admin access required (Super Admin / Founder only)"}
E   assert 403 == 200
E    +  where 403 = &lt;Response [403]&gt;.status_code</failure></testcase><testcase classname="backend.tests.test_visa_helper.TestAdminCRUD" name="test_letter_template_upsert_delete" time="0.094"><failure message="AssertionError: {&quot;detail&quot;:&quot;Admin access required (Super Admin / Founder only)&quot;}&#10;assert 403 == 200&#10; +  where 403 = &lt;Response [403]&gt;.status_code">backend/tests/test_visa_helper.py:258: in test_letter_template_upsert_delete
    assert r.status_code == 200, r.text
E   AssertionError: {"detail":"Admin access required (Super Admin / Founder only)"}
E   assert 403 == 200
E    +  where 403 = &lt;Response [403]&gt;.status_code</failure></testcase><testcase classname="backend.tests.test_visa_helper.TestAdminCRUD" name="test_entity_upsert_delete" time="0.107"><failure message="AssertionError: {&quot;detail&quot;:&quot;Admin access required (Super Admin / Founder only)&quot;}&#10;assert 403 == 200&#10; +  where 403 = &lt;Response [403]&gt;.status_code">backend/tests/test_visa_helper.py:267: in test_entity_upsert_delete
    assert r.status_code == 200, r.text
E   AssertionError: {"detail":"Admin access required (Super Admin / Founder only)"}
E   assert 403 == 200
E    +  where 403 = &lt;Response [403]&gt;.status_code</failure></testcase><testcase classname="backend.tests.test_visa_helper.TestAdminCRUD" name="test_signatory_upsert_delete" time="0.098"><failure message="AssertionError: {&quot;detail&quot;:&quot;Admin access required (Super Admin / Founder only)&quot;}&#10;assert 403 == 200&#10; +  where 403 = &lt;Response [403]&gt;.status_code">backend/tests/test_visa_helper.py:276: in test_signatory_upsert_delete
    assert r.status_code == 200, r.text
E   AssertionError: {"detail":"Admin access required (Super Admin / Founder only)"}
E   assert 403 == 200
E    +  where 403 = &lt;Response [403]&gt;.status_code</failure></testcase><testcase classname="backend.tests.test_visa_helper.TestAdminCRUD" name="test_admin_rejects_non_admin" time="2.527" /></testsuite></testsuites>