<?xml version="1.0" encoding="utf-8"?><testsuites name="pytest tests"><testsuite name="pytest" errors="0" failures="0" skipped="0" tests="10" time="3.924" timestamp="2026-04-21T18:34:00.940978+00:00" hostname="agent-env-4875433f-0e5a-454b-9908-408194ac5e08"><testcase classname="tests.test_wc_and_attendance_lock.TestWCRowSaveAutoExpense" name="test_wc_row_save_creates_intra_expense" time="1.682" /><testcase classname="tests.test_wc_and_attendance_lock.TestWCRowSaveAutoExpense" name="test_wc_row_save_replaces_prior_intra_entry" time="0.116" /><testcase classname="tests.test_wc_and_attendance_lock.TestWCTableExports" name="test_export_pdf" time="0.128" /><testcase classname="tests.test_wc_and_attendance_lock.TestWCTableExports" name="test_export_excel" time="0.218" /><testcase classname="tests.test_wc_and_attendance_lock.TestAttendanceLockScope" name="test_01_center_lock_locks_only_that_center" time="0.374" /><testcase classname="tests.test_wc_and_attendance_lock.TestAttendanceLockScope" name="test_02_bulk_month_rejected_for_locked_center" time="0.135" /><testcase classname="tests.test_wc_and_attendance_lock.TestAttendanceLockScope" name="test_03_bulk_month_allowed_for_unlocked_center" time="0.113" /><testcase classname="tests.test_wc_and_attendance_lock.TestAttendanceLockScope" name="test_04_unlock_center_leaves_others_untouched" time="0.241" /><testcase classname="tests.test_wc_and_attendance_lock.TestAttendanceLockScope" name="test_05_global_lock_affects_any_center" time="0.525" /><testcase classname="tests.test_wc_and_attendance_lock.TestAttendanceLockScope" name="test_06_global_unlock_clears_lock" time="0.252" /></testsuite></testsuites>